
 /----------------------------------------------------------------------------\
 |                                                                            |
 |  yosys -- Yosys Open SYnthesis Suite                                       |
 |                                                                            |
 |  Copyright (C) 2012 - 2020  Claire Wolf <claire@symbioticeda.com>          |
 |                                                                            |
 |  Permission to use, copy, modify, and/or distribute this software for any  |
 |  purpose with or without fee is hereby granted, provided that the above    |
 |  copyright notice and this permission notice appear in all copies.         |
 |                                                                            |
 |  THE SOFTWARE IS PROVIDED "AS IS" AND THE AUTHOR DISCLAIMS ALL WARRANTIES  |
 |  WITH REGARD TO THIS SOFTWARE INCLUDING ALL IMPLIED WARRANTIES OF          |
 |  MERCHANTABILITY AND FITNESS. IN NO EVENT SHALL THE AUTHOR BE LIABLE FOR   |
 |  ANY SPECIAL, DIRECT, INDIRECT, OR CONSEQUENTIAL DAMAGES OR ANY DAMAGES    |
 |  WHATSOEVER RESULTING FROM LOSS OF USE, DATA OR PROFITS, WHETHER IN AN     |
 |  ACTION OF CONTRACT, NEGLIGENCE OR OTHER TORTIOUS ACTION, ARISING OUT OF   |
 |  OR IN CONNECTION WITH THE USE OR PERFORMANCE OF THIS SOFTWARE.            |
 |                                                                            |
 \----------------------------------------------------------------------------/

 Yosys 0.9+3675 (git sha1 71ca9a8253, g++ 9.3.0 -fPIC -Os)


-- Executing script file `design_smt2.ys' --

1. Executing RTLIL frontend.
Input filename: design.il

2. Executing DFFUNMAP pass (unmap clock enable and synchronous reset from FFs).

3. Printing statistics.

=== mkAccumulator_formal ===

   Number of wires:                 69
   Number of wire bits:            348
   Number of public wires:           9
   Number of public wire bits:     133
   Number of memories:               0
   Number of memory bits:            0
   Number of processes:              0
   Number of cells:                 68
     $add                            2
     $anyseq                        10
     $assert                         3
     $assume                         4
     $dff                           15
     $eq                             5
     $logic_and                      4
     $logic_not                      3
     $mux                           19
     $ne                             1
     $not                            1
     $reduce_or                      1

4. Executing SMT2 backend.
Creating SMT-LIBv2 representation of module mkAccumulator_formal.

End of script. Logfile hash: 68daf41c85, CPU: user 0.01s system 0.00s, MEM: 13.21 MB peak
Yosys 0.9+3675 (git sha1 71ca9a8253, g++ 9.3.0 -fPIC -Os)
Time spent: 54% 2x write_smt2 (0 sec), 38% 2x read_ilang (0 sec), ...
