
 /----------------------------------------------------------------------------\
 |                                                                            |
 |  yosys -- Yosys Open SYnthesis Suite                                       |
 |                                                                            |
 |  Copyright (C) 2012 - 2020  Claire Wolf <claire@symbioticeda.com>          |
 |                                                                            |
 |  Permission to use, copy, modify, and/or distribute this software for any  |
 |  purpose with or without fee is hereby granted, provided that the above    |
 |  copyright notice and this permission notice appear in all copies.         |
 |                                                                            |
 |  THE SOFTWARE IS PROVIDED "AS IS" AND THE AUTHOR DISCLAIMS ALL WARRANTIES  |
 |  WITH REGARD TO THIS SOFTWARE INCLUDING ALL IMPLIED WARRANTIES OF          |
 |  MERCHANTABILITY AND FITNESS. IN NO EVENT SHALL THE AUTHOR BE LIABLE FOR   |
 |  ANY SPECIAL, DIRECT, INDIRECT, OR CONSEQUENTIAL DAMAGES OR ANY DAMAGES    |
 |  WHATSOEVER RESULTING FROM LOSS OF USE, DATA OR PROFITS, WHETHER IN AN     |
 |  ACTION OF CONTRACT, NEGLIGENCE OR OTHER TORTIOUS ACTION, ARISING OUT OF   |
 |  OR IN CONNECTION WITH THE USE OR PERFORMANCE OF THIS SOFTWARE.            |
 |                                                                            |
 \----------------------------------------------------------------------------/

 Yosys 0.9+2406 (git sha1 a1785e988b, g++ 9.3.0 -fPIC -Os)


-- Executing script file `../model/design.ys' --

1. Executing Verilog-2005 frontend: ./boundary_nibble_encoder.v
Parsing formal SystemVerilog input from `./boundary_nibble_encoder.v' to AST representation.
Storing AST representation for module `$abstract\boundary_nibble_encoder'.
Successfully finished Verilog frontend.

2. Executing PREP pass.

2.1. Executing HIERARCHY pass (managing design hierarchy).

2.2. Executing AST frontend in derive mode using pre-parsed AST for module `\boundary_nibble_encoder'.
Generating RTLIL representation for module `\boundary_nibble_encoder'.

2.2.1. Analyzing design hierarchy..
Top module:  \boundary_nibble_encoder

2.2.2. Analyzing design hierarchy..
Top module:  \boundary_nibble_encoder
Removing unused module `$abstract\boundary_nibble_encoder'.
Removed 1 unused modules.
Module boundary_nibble_encoder directly or indirectly contains formal properties -> setting "keep" attribute.

2.3. Executing PROC pass (convert processes to netlists).

2.3.1. Executing PROC_CLEAN pass (remove empty switches from decision trees).
Cleaned up 0 empty switches.

2.3.2. Executing PROC_RMDEAD pass (remove dead branches from decision trees).
Marked 4 switch rules as full_case in process $proc$./boundary_nibble_encoder.v:34$44 in module boundary_nibble_encoder.
Removed a total of 0 dead cases.

2.3.3. Executing PROC_PRUNE pass (remove redundant assignments in processes).
Removed 0 redundant assignments.
Promoted 0 assignments to connections.

2.3.4. Executing PROC_INIT pass (extract init attributes).

2.3.5. Executing PROC_ARST pass (detect async resets in processes).

2.3.6. Executing PROC_MUX pass (convert decision trees to multiplexers).
Creating decoders for process `\boundary_nibble_encoder.$proc$./boundary_nibble_encoder.v:34$44'.
     1/18: $0$formal$./boundary_nibble_encoder.v:37$1_EN[0:0]$46
     2/18: $0$formal$./boundary_nibble_encoder.v:37$1_CHECK[0:0]$45
     3/18: $0$formal$./boundary_nibble_encoder.v:38$2_EN[0:0]$48
     4/18: $0$formal$./boundary_nibble_encoder.v:38$2_CHECK[0:0]$47
     5/18: $0$formal$./boundary_nibble_encoder.v:42$3_EN[0:0]$50
     6/18: $0$formal$./boundary_nibble_encoder.v:42$3_CHECK[0:0]$49
     7/18: $0$formal$./boundary_nibble_encoder.v:46$4_EN[0:0]$52
     8/18: $0$formal$./boundary_nibble_encoder.v:46$4_CHECK[0:0]$51
     9/18: $0$formal$./boundary_nibble_encoder.v:48$5_EN[0:0]$54
    10/18: $0$formal$./boundary_nibble_encoder.v:48$5_CHECK[0:0]$53
    11/18: $0$formal$./boundary_nibble_encoder.v:52$6_EN[0:0]$56
    12/18: $0$formal$./boundary_nibble_encoder.v:52$6_CHECK[0:0]$55
    13/18: $0$formal$./boundary_nibble_encoder.v:54$7_EN[0:0]$58
    14/18: $0$formal$./boundary_nibble_encoder.v:54$7_CHECK[0:0]$57
    15/18: $0$formal$./boundary_nibble_encoder.v:59$8_EN[0:0]$60
    16/18: $0$formal$./boundary_nibble_encoder.v:59$8_CHECK[0:0]$59
    17/18: $0$formal$./boundary_nibble_encoder.v:61$9_EN[0:0]$62
    18/18: $0$formal$./boundary_nibble_encoder.v:61$9_CHECK[0:0]$61

2.3.7. Executing PROC_DLATCH pass (convert process syncs to latches).
No latch inferred for signal `\boundary_nibble_encoder.$formal$./boundary_nibble_encoder.v:37$1_CHECK' from process `\boundary_nibble_encoder.$proc$./boundary_nibble_encoder.v:34$44'.
No latch inferred for signal `\boundary_nibble_encoder.$formal$./boundary_nibble_encoder.v:37$1_EN' from process `\boundary_nibble_encoder.$proc$./boundary_nibble_encoder.v:34$44'.
No latch inferred for signal `\boundary_nibble_encoder.$formal$./boundary_nibble_encoder.v:38$2_CHECK' from process `\boundary_nibble_encoder.$proc$./boundary_nibble_encoder.v:34$44'.
No latch inferred for signal `\boundary_nibble_encoder.$formal$./boundary_nibble_encoder.v:38$2_EN' from process `\boundary_nibble_encoder.$proc$./boundary_nibble_encoder.v:34$44'.
No latch inferred for signal `\boundary_nibble_encoder.$formal$./boundary_nibble_encoder.v:42$3_CHECK' from process `\boundary_nibble_encoder.$proc$./boundary_nibble_encoder.v:34$44'.
No latch inferred for signal `\boundary_nibble_encoder.$formal$./boundary_nibble_encoder.v:42$3_EN' from process `\boundary_nibble_encoder.$proc$./boundary_nibble_encoder.v:34$44'.
No latch inferred for signal `\boundary_nibble_encoder.$formal$./boundary_nibble_encoder.v:46$4_CHECK' from process `\boundary_nibble_encoder.$proc$./boundary_nibble_encoder.v:34$44'.
No latch inferred for signal `\boundary_nibble_encoder.$formal$./boundary_nibble_encoder.v:46$4_EN' from process `\boundary_nibble_encoder.$proc$./boundary_nibble_encoder.v:34$44'.
No latch inferred for signal `\boundary_nibble_encoder.$formal$./boundary_nibble_encoder.v:48$5_CHECK' from process `\boundary_nibble_encoder.$proc$./boundary_nibble_encoder.v:34$44'.
No latch inferred for signal `\boundary_nibble_encoder.$formal$./boundary_nibble_encoder.v:48$5_EN' from process `\boundary_nibble_encoder.$proc$./boundary_nibble_encoder.v:34$44'.
No latch inferred for signal `\boundary_nibble_encoder.$formal$./boundary_nibble_encoder.v:52$6_CHECK' from process `\boundary_nibble_encoder.$proc$./boundary_nibble_encoder.v:34$44'.
No latch inferred for signal `\boundary_nibble_encoder.$formal$./boundary_nibble_encoder.v:52$6_EN' from process `\boundary_nibble_encoder.$proc$./boundary_nibble_encoder.v:34$44'.
No latch inferred for signal `\boundary_nibble_encoder.$formal$./boundary_nibble_encoder.v:54$7_CHECK' from process `\boundary_nibble_encoder.$proc$./boundary_nibble_encoder.v:34$44'.
No latch inferred for signal `\boundary_nibble_encoder.$formal$./boundary_nibble_encoder.v:54$7_EN' from process `\boundary_nibble_encoder.$proc$./boundary_nibble_encoder.v:34$44'.
No latch inferred for signal `\boundary_nibble_encoder.$formal$./boundary_nibble_encoder.v:59$8_CHECK' from process `\boundary_nibble_encoder.$proc$./boundary_nibble_encoder.v:34$44'.
No latch inferred for signal `\boundary_nibble_encoder.$formal$./boundary_nibble_encoder.v:59$8_EN' from process `\boundary_nibble_encoder.$proc$./boundary_nibble_encoder.v:34$44'.
No latch inferred for signal `\boundary_nibble_encoder.$formal$./boundary_nibble_encoder.v:61$9_CHECK' from process `\boundary_nibble_encoder.$proc$./boundary_nibble_encoder.v:34$44'.
No latch inferred for signal `\boundary_nibble_encoder.$formal$./boundary_nibble_encoder.v:61$9_EN' from process `\boundary_nibble_encoder.$proc$./boundary_nibble_encoder.v:34$44'.

2.3.8. Executing PROC_DFF pass (convert process syncs to FFs).

2.3.9. Executing PROC_CLEAN pass (remove empty switches from decision trees).
Found and cleaned up 4 empty switches in `\boundary_nibble_encoder.$proc$./boundary_nibble_encoder.v:34$44'.
Removing empty process `boundary_nibble_encoder.$proc$./boundary_nibble_encoder.v:34$44'.
Cleaned up 4 empty switches.

2.4. Executing OPT_EXPR pass (perform const folding).
Optimizing module boundary_nibble_encoder.
<suppressed ~13 debug messages>

2.5. Executing OPT_CLEAN pass (remove unused cells and wires).
Finding unused cells or wires in module \boundary_nibble_encoder..
Removed 0 unused cells and 90 unused wires.
<suppressed ~1 debug messages>

2.6. Executing CHECK pass (checking for obvious problems).
checking module boundary_nibble_encoder..
found and reported 0 problems.

2.7. Executing OPT pass (performing simple optimizations).

2.7.1. Executing OPT_EXPR pass (perform const folding).
Optimizing module boundary_nibble_encoder.

2.7.2. Executing OPT_MERGE pass (detect identical cells).
Finding identical cells in module `\boundary_nibble_encoder'.
<suppressed ~18 debug messages>
Removed a total of 6 cells.

2.7.3. Executing OPT_MUXTREE pass (detect dead branches in mux trees).
Running muxtree optimizer on module \boundary_nibble_encoder..
  Creating internal representation of mux trees.
  Evaluating internal representation of mux trees.
  Analyzing evaluation results.
Removed 0 multiplexer ports.
<suppressed ~18 debug messages>

2.7.4. Executing OPT_REDUCE pass (consolidate $*mux and $reduce_* inputs).
  Optimizing cells in module \boundary_nibble_encoder.
Performed a total of 0 changes.

2.7.5. Executing OPT_MERGE pass (detect identical cells).
Finding identical cells in module `\boundary_nibble_encoder'.
<suppressed ~3 debug messages>
Removed a total of 1 cells.

2.7.6. Executing OPT_CLEAN pass (remove unused cells and wires).
Finding unused cells or wires in module \boundary_nibble_encoder..
Removed 0 unused cells and 7 unused wires.
<suppressed ~1 debug messages>

2.7.7. Executing OPT_EXPR pass (perform const folding).
Optimizing module boundary_nibble_encoder.

2.7.8. Rerunning OPT passes. (Maybe there is more to do..)

2.7.9. Executing OPT_MUXTREE pass (detect dead branches in mux trees).
Running muxtree optimizer on module \boundary_nibble_encoder..
  Creating internal representation of mux trees.
  Evaluating internal representation of mux trees.
  Analyzing evaluation results.
Removed 0 multiplexer ports.
<suppressed ~17 debug messages>

2.7.10. Executing OPT_REDUCE pass (consolidate $*mux and $reduce_* inputs).
  Optimizing cells in module \boundary_nibble_encoder.
Performed a total of 0 changes.

2.7.11. Executing OPT_MERGE pass (detect identical cells).
Finding identical cells in module `\boundary_nibble_encoder'.
Removed a total of 0 cells.

2.7.12. Executing OPT_CLEAN pass (remove unused cells and wires).
Finding unused cells or wires in module \boundary_nibble_encoder..

2.7.13. Executing OPT_EXPR pass (perform const folding).
Optimizing module boundary_nibble_encoder.

2.7.14. Finished OPT passes. (There is nothing left to do.)

2.8. Executing WREDUCE pass (reducing word size of cells).

2.9. Executing MEMORY_DFF pass (merging $dff cells to $memrd and $memwr).

2.10. Executing OPT_CLEAN pass (remove unused cells and wires).
Finding unused cells or wires in module \boundary_nibble_encoder..

2.11. Executing MEMORY_COLLECT pass (generating $mem cells).

2.12. Executing OPT pass (performing simple optimizations).

2.12.1. Executing OPT_EXPR pass (perform const folding).
Optimizing module boundary_nibble_encoder.

2.12.2. Executing OPT_MERGE pass (detect identical cells).
Finding identical cells in module `\boundary_nibble_encoder'.
Removed a total of 0 cells.

2.12.3. Executing OPT_CLEAN pass (remove unused cells and wires).
Finding unused cells or wires in module \boundary_nibble_encoder..

2.12.4. Finished fast OPT passes.

2.13. Printing statistics.

=== boundary_nibble_encoder ===

   Number of wires:                 78
   Number of wire bits:             87
   Number of public wires:          15
   Number of public wire bits:      24
   Number of memories:               0
   Number of memory bits:            0
   Number of processes:              0
   Number of cells:                 87
     $and                           19
     $assert                         9
     $eq                             3
     $mux                           29
     $not                           19
     $or                             8

2.14. Executing CHECK pass (checking for obvious problems).
checking module boundary_nibble_encoder..
found and reported 0 problems.

3. Executing MEMORY_NORDFF pass (extracting $dff cells from $mem).

4. Executing ASYNC2SYNC pass.

5. Executing OPT_CLEAN pass (remove unused cells and wires).
Finding unused cells or wires in module \boundary_nibble_encoder..

6. Executing SETUNDEF pass (replace undef values with defined constants).

7. Executing OPT pass (performing simple optimizations).

7.1. Executing OPT_EXPR pass (perform const folding).
Optimizing module boundary_nibble_encoder.

7.2. Executing OPT_MERGE pass (detect identical cells).
Finding identical cells in module `\boundary_nibble_encoder'.
Removed a total of 0 cells.

7.3. Executing OPT_RMDFF pass (remove dff with constant values).

7.4. Executing OPT_CLEAN pass (remove unused cells and wires).
Finding unused cells or wires in module \boundary_nibble_encoder..

7.5. Finished fast OPT passes.

8. Executing CHECK pass (checking for obvious problems).
checking module boundary_nibble_encoder..
found and reported 0 problems.

9. Executing HIERARCHY pass (managing design hierarchy).

9.1. Analyzing design hierarchy..
Top module:  \boundary_nibble_encoder

9.2. Analyzing design hierarchy..
Top module:  \boundary_nibble_encoder
Removed 0 unused modules.
Module boundary_nibble_encoder directly or indirectly contains formal properties -> setting "keep" attribute.

10. Executing ILANG backend.
Output filename: ../model/design.il

End of script. Logfile hash: bfc6d8e7c0, CPU: user 0.07s system 0.01s, MEM: 13.15 MB peak
Yosys 0.9+2406 (git sha1 a1785e988b, g++ 9.3.0 -fPIC -Os)
Time spent: 19% 7x opt_clean (0 sec), 19% 6x opt_expr (0 sec), ...
