
 /----------------------------------------------------------------------------\
 |                                                                            |
 |  yosys -- Yosys Open SYnthesis Suite                                       |
 |                                                                            |
 |  Copyright (C) 2012 - 2019  Clifford Wolf <clifford@clifford.at>           |
 |                                                                            |
 |  Permission to use, copy, modify, and/or distribute this software for any  |
 |  purpose with or without fee is hereby granted, provided that the above    |
 |  copyright notice and this permission notice appear in all copies.         |
 |                                                                            |
 |  THE SOFTWARE IS PROVIDED "AS IS" AND THE AUTHOR DISCLAIMS ALL WARRANTIES  |
 |  WITH REGARD TO THIS SOFTWARE INCLUDING ALL IMPLIED WARRANTIES OF          |
 |  MERCHANTABILITY AND FITNESS. IN NO EVENT SHALL THE AUTHOR BE LIABLE FOR   |
 |  ANY SPECIAL, DIRECT, INDIRECT, OR CONSEQUENTIAL DAMAGES OR ANY DAMAGES    |
 |  WHATSOEVER RESULTING FROM LOSS OF USE, DATA OR PROFITS, WHETHER IN AN     |
 |  ACTION OF CONTRACT, NEGLIGENCE OR OTHER TORTIOUS ACTION, ARISING OUT OF   |
 |  OR IN CONNECTION WITH THE USE OR PERFORMANCE OF THIS SOFTWARE.            |
 |                                                                            |
 \----------------------------------------------------------------------------/

 Yosys 0.9+932 (git sha1 65f197e2, clang 6.0.0-1ubuntu2 -fPIC -Os)


-- Executing script file `../model/design.ys' --

1. Executing Verilog-2005 frontend: static_clock_divider.v
Parsing formal Verilog input from `static_clock_divider.v' to AST representation.
Generating RTLIL representation for module `\static_clock_divider'.
Successfully finished Verilog frontend.

2. Executing PREP pass.

2.1. Executing HIERARCHY pass (managing design hierarchy).

2.1.1. Analyzing design hierarchy..
Top module:  \static_clock_divider

2.1.2. Analyzing design hierarchy..
Top module:  \static_clock_divider
Removed 0 unused modules.
Module static_clock_divider directly or indirectly contains formal properties -> setting "keep" attribute.

2.2. Executing PROC pass (convert processes to netlists).

2.2.1. Executing PROC_CLEAN pass (remove empty switches from decision trees).
Cleaned up 0 empty switches.

2.2.2. Executing PROC_RMDEAD pass (remove dead branches from decision trees).
Marked 2 switch rules as full_case in process $proc$static_clock_divider.v:81$31 in module static_clock_divider.
Marked 2 switch rules as full_case in process $proc$static_clock_divider.v:54$26 in module static_clock_divider.
Marked 3 switch rules as full_case in process $proc$static_clock_divider.v:32$21 in module static_clock_divider.
Removed a total of 0 dead cases.

2.2.3. Executing PROC_PRUNE pass (remove redundant assignments in processes).
Removed 2 redundant assignments.
Promoted 23 assignments to connections.

2.2.4. Executing PROC_INIT pass (extract init attributes).
Found init rule in `\static_clock_divider.$proc$static_clock_divider.v:103$101'.
  Set init value: $formal$static_clock_divider.v:103$20_EN = 1'0
Found init rule in `\static_clock_divider.$proc$static_clock_divider.v:102$99'.
  Set init value: $formal$static_clock_divider.v:102$19_EN = 1'0
Found init rule in `\static_clock_divider.$proc$static_clock_divider.v:99$97'.
  Set init value: $formal$static_clock_divider.v:99$18_EN = 1'0
Found init rule in `\static_clock_divider.$proc$static_clock_divider.v:90$95'.
  Set init value: $formal$static_clock_divider.v:90$17_EN = 1'0
Found init rule in `\static_clock_divider.$proc$static_clock_divider.v:89$93'.
  Set init value: $formal$static_clock_divider.v:89$16_EN = 1'0
Found init rule in `\static_clock_divider.$proc$static_clock_divider.v:84$91'.
  Set init value: $formal$static_clock_divider.v:84$15_EN = 1'0

2.2.5. Executing PROC_ARST pass (detect async resets in processes).

2.2.6. Executing PROC_MUX pass (convert decision trees to multiplexers).
Creating decoders for process `\static_clock_divider.$proc$static_clock_divider.v:103$101'.
Creating decoders for process `\static_clock_divider.$proc$static_clock_divider.v:102$99'.
Creating decoders for process `\static_clock_divider.$proc$static_clock_divider.v:99$97'.
Creating decoders for process `\static_clock_divider.$proc$static_clock_divider.v:90$95'.
Creating decoders for process `\static_clock_divider.$proc$static_clock_divider.v:89$93'.
Creating decoders for process `\static_clock_divider.$proc$static_clock_divider.v:84$91'.
Creating decoders for process `\static_clock_divider.$proc$static_clock_divider.v:75$81'.
Creating decoders for process `\static_clock_divider.$proc$static_clock_divider.v:81$31'.
     1/10: $0$formal$static_clock_divider.v:89$16_EN[0:0]$43
     2/10: $0$formal$static_clock_divider.v:89$16_CHECK[0:0]$42
     3/10: $0$formal$static_clock_divider.v:90$17_EN[0:0]$45
     4/10: $0$formal$static_clock_divider.v:90$17_CHECK[0:0]$44
     5/10: $0$formal$static_clock_divider.v:99$18_EN[0:0]$47
     6/10: $0$formal$static_clock_divider.v:99$18_CHECK[0:0]$46
     7/10: $0$formal$static_clock_divider.v:102$19_EN[0:0]$49
     8/10: $0$formal$static_clock_divider.v:102$19_CHECK[0:0]$48
     9/10: $0$formal$static_clock_divider.v:103$20_EN[0:0]$51
    10/10: $0$formal$static_clock_divider.v:103$20_CHECK[0:0]$50
Creating decoders for process `\static_clock_divider.$proc$static_clock_divider.v:54$26'.
     1/1: $0\o_ENABLE_OUT[0:0]
Creating decoders for process `\static_clock_divider.$proc$static_clock_divider.v:32$21'.
     1/1: $0\r_Count[31:0]

2.2.7. Executing PROC_DLATCH pass (convert process syncs to latches).
No latch inferred for signal `\static_clock_divider.$formal$static_clock_divider.v:76$9_CHECK' from process `\static_clock_divider.$proc$static_clock_divider.v:75$81'.
No latch inferred for signal `\static_clock_divider.$formal$static_clock_divider.v:76$9_EN' from process `\static_clock_divider.$proc$static_clock_divider.v:75$81'.
No latch inferred for signal `\static_clock_divider.$formal$static_clock_divider.v:77$11_CHECK' from process `\static_clock_divider.$proc$static_clock_divider.v:75$81'.
No latch inferred for signal `\static_clock_divider.$formal$static_clock_divider.v:77$11_EN' from process `\static_clock_divider.$proc$static_clock_divider.v:75$81'.
No latch inferred for signal `\static_clock_divider.$formal$static_clock_divider.v:78$13_CHECK' from process `\static_clock_divider.$proc$static_clock_divider.v:75$81'.
No latch inferred for signal `\static_clock_divider.$formal$static_clock_divider.v:78$13_EN' from process `\static_clock_divider.$proc$static_clock_divider.v:75$81'.

2.2.8. Executing PROC_DFF pass (convert process syncs to FFs).
Creating register for signal `\static_clock_divider.\r_PAST_VALID' using process `\static_clock_divider.$proc$static_clock_divider.v:81$31'.
  created $dff cell `$procdff$210' with positive edge clock.
Creating register for signal `\static_clock_divider.$past$static_clock_divider.v:84$1$0' using process `\static_clock_divider.$proc$static_clock_divider.v:81$31'.
  created $dff cell `$procdff$211' with positive edge clock.
Creating register for signal `\static_clock_divider.$past$static_clock_divider.v:85$2$0' using process `\static_clock_divider.$proc$static_clock_divider.v:81$31'.
  created $dff cell `$procdff$212' with positive edge clock.
Creating register for signal `\static_clock_divider.$past$static_clock_divider.v:87$3$0' using process `\static_clock_divider.$proc$static_clock_divider.v:81$31'.
  created $dff cell `$procdff$213' with positive edge clock.
Creating register for signal `\static_clock_divider.$past$static_clock_divider.v:94$4$0' using process `\static_clock_divider.$proc$static_clock_divider.v:81$31'.
  created $dff cell `$procdff$214' with positive edge clock.
Creating register for signal `\static_clock_divider.$past$static_clock_divider.v:94$5$0' using process `\static_clock_divider.$proc$static_clock_divider.v:81$31'.
  created $dff cell `$procdff$215' with positive edge clock.
Creating register for signal `\static_clock_divider.$past$static_clock_divider.v:96$6$0' using process `\static_clock_divider.$proc$static_clock_divider.v:81$31'.
  created $dff cell `$procdff$216' with positive edge clock.
Creating register for signal `\static_clock_divider.$past$static_clock_divider.v:96$7$0' using process `\static_clock_divider.$proc$static_clock_divider.v:81$31'.
  created $dff cell `$procdff$217' with positive edge clock.
Creating register for signal `\static_clock_divider.$past$static_clock_divider.v:98$8$0' using process `\static_clock_divider.$proc$static_clock_divider.v:81$31'.
  created $dff cell `$procdff$218' with positive edge clock.
Creating register for signal `\static_clock_divider.$formal$static_clock_divider.v:84$15_CHECK' using process `\static_clock_divider.$proc$static_clock_divider.v:81$31'.
  created $dff cell `$procdff$219' with positive edge clock.
Creating register for signal `\static_clock_divider.$formal$static_clock_divider.v:84$15_EN' using process `\static_clock_divider.$proc$static_clock_divider.v:81$31'.
  created $dff cell `$procdff$220' with positive edge clock.
Creating register for signal `\static_clock_divider.$formal$static_clock_divider.v:89$16_CHECK' using process `\static_clock_divider.$proc$static_clock_divider.v:81$31'.
  created $dff cell `$procdff$221' with positive edge clock.
Creating register for signal `\static_clock_divider.$formal$static_clock_divider.v:89$16_EN' using process `\static_clock_divider.$proc$static_clock_divider.v:81$31'.
  created $dff cell `$procdff$222' with positive edge clock.
Creating register for signal `\static_clock_divider.$formal$static_clock_divider.v:90$17_CHECK' using process `\static_clock_divider.$proc$static_clock_divider.v:81$31'.
  created $dff cell `$procdff$223' with positive edge clock.
Creating register for signal `\static_clock_divider.$formal$static_clock_divider.v:90$17_EN' using process `\static_clock_divider.$proc$static_clock_divider.v:81$31'.
  created $dff cell `$procdff$224' with positive edge clock.
Creating register for signal `\static_clock_divider.$formal$static_clock_divider.v:99$18_CHECK' using process `\static_clock_divider.$proc$static_clock_divider.v:81$31'.
  created $dff cell `$procdff$225' with positive edge clock.
Creating register for signal `\static_clock_divider.$formal$static_clock_divider.v:99$18_EN' using process `\static_clock_divider.$proc$static_clock_divider.v:81$31'.
  created $dff cell `$procdff$226' with positive edge clock.
Creating register for signal `\static_clock_divider.$formal$static_clock_divider.v:102$19_CHECK' using process `\static_clock_divider.$proc$static_clock_divider.v:81$31'.
  created $dff cell `$procdff$227' with positive edge clock.
Creating register for signal `\static_clock_divider.$formal$static_clock_divider.v:102$19_EN' using process `\static_clock_divider.$proc$static_clock_divider.v:81$31'.
  created $dff cell `$procdff$228' with positive edge clock.
Creating register for signal `\static_clock_divider.$formal$static_clock_divider.v:103$20_CHECK' using process `\static_clock_divider.$proc$static_clock_divider.v:81$31'.
  created $dff cell `$procdff$229' with positive edge clock.
Creating register for signal `\static_clock_divider.$formal$static_clock_divider.v:103$20_EN' using process `\static_clock_divider.$proc$static_clock_divider.v:81$31'.
  created $dff cell `$procdff$230' with positive edge clock.
Creating register for signal `\static_clock_divider.\o_ENABLE_OUT' using process `\static_clock_divider.$proc$static_clock_divider.v:54$26'.
  created $dff cell `$procdff$231' with positive edge clock.
Creating register for signal `\static_clock_divider.\r_Count' using process `\static_clock_divider.$proc$static_clock_divider.v:32$21'.
  created $dff cell `$procdff$232' with positive edge clock.

2.2.9. Executing PROC_CLEAN pass (remove empty switches from decision trees).
Removing empty process `static_clock_divider.$proc$static_clock_divider.v:103$101'.
Removing empty process `static_clock_divider.$proc$static_clock_divider.v:102$99'.
Removing empty process `static_clock_divider.$proc$static_clock_divider.v:99$97'.
Removing empty process `static_clock_divider.$proc$static_clock_divider.v:90$95'.
Removing empty process `static_clock_divider.$proc$static_clock_divider.v:89$93'.
Removing empty process `static_clock_divider.$proc$static_clock_divider.v:84$91'.
Removing empty process `static_clock_divider.$proc$static_clock_divider.v:75$81'.
Found and cleaned up 5 empty switches in `\static_clock_divider.$proc$static_clock_divider.v:81$31'.
Removing empty process `static_clock_divider.$proc$static_clock_divider.v:81$31'.
Found and cleaned up 2 empty switches in `\static_clock_divider.$proc$static_clock_divider.v:54$26'.
Removing empty process `static_clock_divider.$proc$static_clock_divider.v:54$26'.
Found and cleaned up 3 empty switches in `\static_clock_divider.$proc$static_clock_divider.v:32$21'.
Removing empty process `static_clock_divider.$proc$static_clock_divider.v:32$21'.
Cleaned up 10 empty switches.

2.3. Executing OPT_EXPR pass (perform const folding).
Optimizing module static_clock_divider.
<suppressed ~17 debug messages>

2.4. Executing OPT_CLEAN pass (remove unused cells and wires).
Finding unused cells or wires in module \static_clock_divider..
Removed 1 unused cells and 95 unused wires.
<suppressed ~3 debug messages>

2.5. Executing CHECK pass (checking for obvious problems).
checking module static_clock_divider..
found and reported 0 problems.

2.6. Executing OPT pass (performing simple optimizations).

2.6.1. Executing OPT_EXPR pass (perform const folding).
Optimizing module static_clock_divider.

2.6.2. Executing OPT_MERGE pass (detect identical cells).
Finding identical cells in module `\static_clock_divider'.
<suppressed ~27 debug messages>
Removed a total of 9 cells.

2.6.3. Executing OPT_MUXTREE pass (detect dead branches in mux trees).
Running muxtree optimizer on module \static_clock_divider..
  Creating internal representation of mux trees.
  Evaluating internal representation of mux trees.
  Analyzing evaluation results.
Removed 0 multiplexer ports.
<suppressed ~12 debug messages>

2.6.4. Executing OPT_REDUCE pass (consolidate $*mux and $reduce_* inputs).
  Optimizing cells in module \static_clock_divider.
Performed a total of 0 changes.

2.6.5. Executing OPT_MERGE pass (detect identical cells).
Finding identical cells in module `\static_clock_divider'.
<suppressed ~27 debug messages>
Removed a total of 9 cells.

2.6.6. Executing OPT_RMDFF pass (remove dff with constant values).

2.6.7. Executing OPT_CLEAN pass (remove unused cells and wires).
Finding unused cells or wires in module \static_clock_divider..
Removed 0 unused cells and 18 unused wires.
<suppressed ~4 debug messages>

2.6.8. Executing OPT_EXPR pass (perform const folding).
Optimizing module static_clock_divider.

2.6.9. Rerunning OPT passes. (Maybe there is more to do..)

2.6.10. Executing OPT_MUXTREE pass (detect dead branches in mux trees).
Running muxtree optimizer on module \static_clock_divider..
  Creating internal representation of mux trees.
  Evaluating internal representation of mux trees.
  Analyzing evaluation results.
Removed 0 multiplexer ports.
<suppressed ~10 debug messages>

2.6.11. Executing OPT_REDUCE pass (consolidate $*mux and $reduce_* inputs).
  Optimizing cells in module \static_clock_divider.
Performed a total of 0 changes.

2.6.12. Executing OPT_MERGE pass (detect identical cells).
Finding identical cells in module `\static_clock_divider'.
Removed a total of 0 cells.

2.6.13. Executing OPT_RMDFF pass (remove dff with constant values).

2.6.14. Executing OPT_CLEAN pass (remove unused cells and wires).
Finding unused cells or wires in module \static_clock_divider..

2.6.15. Executing OPT_EXPR pass (perform const folding).
Optimizing module static_clock_divider.

2.6.16. Finished OPT passes. (There is nothing left to do.)

2.7. Executing WREDUCE pass (reducing word size of cells).
Removed top 30 bits (of 32) from port B of cell static_clock_divider.$ge$static_clock_divider.v:42$24 ($ge).
Removed top 31 bits (of 32) from port B of cell static_clock_divider.$add$static_clock_divider.v:45$25 ($add).
Removed top 30 bits (of 32) from port B of cell static_clock_divider.$eq$static_clock_divider.v:62$28 ($eq).
Removed top 31 bits (of 32) from port B of cell static_clock_divider.$and$static_clock_divider.v:85$54 ($and).
Removed top 31 bits (of 32) from port Y of cell static_clock_divider.$and$static_clock_divider.v:85$54 ($and).
Removed top 31 bits (of 32) from port B of cell static_clock_divider.$and$static_clock_divider.v:85$56 ($and).
Removed top 31 bits (of 32) from port Y of cell static_clock_divider.$and$static_clock_divider.v:85$56 ($and).
Removed top 30 bits (of 32) from port B of cell static_clock_divider.$ne$static_clock_divider.v:98$68 ($ne).
Removed top 31 bits (of 32) from wire static_clock_divider.$and$static_clock_divider.v:85$54_Y.
Removed top 31 bits (of 32) from wire static_clock_divider.$and$static_clock_divider.v:85$56_Y.

2.8. Executing MEMORY_DFF pass (merging $dff cells to $memrd and $memwr).

2.9. Executing OPT_CLEAN pass (remove unused cells and wires).
Finding unused cells or wires in module \static_clock_divider..
Removed 0 unused cells and 2 unused wires.
<suppressed ~1 debug messages>

2.10. Executing MEMORY_COLLECT pass (generating $mem cells).

2.11. Executing OPT pass (performing simple optimizations).

2.11.1. Executing OPT_EXPR pass (perform const folding).
Optimizing module static_clock_divider.
<suppressed ~2 debug messages>

2.11.2. Executing OPT_MERGE pass (detect identical cells).
Finding identical cells in module `\static_clock_divider'.
Removed a total of 0 cells.

2.11.3. Executing OPT_RMDFF pass (remove dff with constant values).

2.11.4. Executing OPT_CLEAN pass (remove unused cells and wires).
Finding unused cells or wires in module \static_clock_divider..
Removed 0 unused cells and 2 unused wires.
<suppressed ~1 debug messages>

2.11.5. Finished fast OPT passes.

2.12. Printing statistics.

=== static_clock_divider ===

   Number of wires:                 72
   Number of wire bits:            258
   Number of public wires:           5
   Number of public wire bits:      36
   Number of memories:               0
   Number of memory bits:            0
   Number of processes:              0
   Number of cells:                 78
     $add                            1
     $assert                         5
     $assume                         4
     $dff                           16
     $eq                             3
     $ge                             1
     $initstate                      1
     $logic_and                      4
     $logic_not                      2
     $mux                           36
     $ne                             2
     $not                            3

2.13. Executing CHECK pass (checking for obvious problems).
checking module static_clock_divider..
found and reported 0 problems.

3. Executing MEMORY_NORDFF pass (extracting $dff cells from $mem).

4. Executing ASYNC2SYNC pass.

5. Executing OPT_CLEAN pass (remove unused cells and wires).
Finding unused cells or wires in module \static_clock_divider..
Removed 2 unused cells and 1 unused wires.
<suppressed ~3 debug messages>

6. Executing SETUNDEF pass (replace undef values with defined constants).

7. Executing OPT pass (performing simple optimizations).

7.1. Executing OPT_EXPR pass (perform const folding).
Optimizing module static_clock_divider.

7.2. Executing OPT_MERGE pass (detect identical cells).
Finding identical cells in module `\static_clock_divider'.
Removed a total of 0 cells.

7.3. Executing OPT_RMDFF pass (remove dff with constant values).
Promoting init spec $formal$static_clock_divider.v:84$15_EN = 1'0 to constant driver in module static_clock_divider.
Promoted 1 init specs to constant drivers.

7.4. Executing OPT_CLEAN pass (remove unused cells and wires).
Finding unused cells or wires in module \static_clock_divider..
Removed 0 unused cells and 1 unused wires.
<suppressed ~1 debug messages>

7.5. Rerunning OPT passes. (Removed registers in this run.)

7.6. Executing OPT_EXPR pass (perform const folding).
Optimizing module static_clock_divider.

7.7. Executing OPT_MERGE pass (detect identical cells).
Finding identical cells in module `\static_clock_divider'.
Removed a total of 0 cells.

7.8. Executing OPT_RMDFF pass (remove dff with constant values).

7.9. Executing OPT_CLEAN pass (remove unused cells and wires).
Finding unused cells or wires in module \static_clock_divider..

7.10. Finished fast OPT passes.

8. Executing CHECK pass (checking for obvious problems).
checking module static_clock_divider..
found and reported 0 problems.

9. Executing HIERARCHY pass (managing design hierarchy).

9.1. Analyzing design hierarchy..
Top module:  \static_clock_divider

9.2. Analyzing design hierarchy..
Top module:  \static_clock_divider
Removed 0 unused modules.
Module static_clock_divider directly or indirectly contains formal properties -> setting "keep" attribute.

10. Executing ILANG backend.
Output filename: ../model/design.il

End of script. Logfile hash: 676868c6c8
CPU: user 0.06s system 0.01s, MEM: 45.02 MB total, 9.96 MB resident
Yosys 0.9+932 (git sha1 65f197e2, clang 6.0.0-1ubuntu2 -fPIC -Os)
Time spent: 27% 8x opt_clean (0 sec), 18% 7x opt_expr (0 sec), ...
