
 /----------------------------------------------------------------------------\
 |                                                                            |
 |  yosys -- Yosys Open SYnthesis Suite                                       |
 |                                                                            |
 |  Copyright (C) 2012 - 2019  Clifford Wolf <clifford@clifford.at>           |
 |                                                                            |
 |  Permission to use, copy, modify, and/or distribute this software for any  |
 |  purpose with or without fee is hereby granted, provided that the above    |
 |  copyright notice and this permission notice appear in all copies.         |
 |                                                                            |
 |  THE SOFTWARE IS PROVIDED "AS IS" AND THE AUTHOR DISCLAIMS ALL WARRANTIES  |
 |  WITH REGARD TO THIS SOFTWARE INCLUDING ALL IMPLIED WARRANTIES OF          |
 |  MERCHANTABILITY AND FITNESS. IN NO EVENT SHALL THE AUTHOR BE LIABLE FOR   |
 |  ANY SPECIAL, DIRECT, INDIRECT, OR CONSEQUENTIAL DAMAGES OR ANY DAMAGES    |
 |  WHATSOEVER RESULTING FROM LOSS OF USE, DATA OR PROFITS, WHETHER IN AN     |
 |  ACTION OF CONTRACT, NEGLIGENCE OR OTHER TORTIOUS ACTION, ARISING OUT OF   |
 |  OR IN CONNECTION WITH THE USE OR PERFORMANCE OF THIS SOFTWARE.            |
 |                                                                            |
 \----------------------------------------------------------------------------/

 Yosys 0.9 (git sha1 UNKNOWN, clang 9.0.0 -march=x86-64 -mtune=generic -O2 -fno-plt -fPIC -Os)


-- Executing script file `../model/design.ys' --

1. Executing Verilog-2005 frontend: basic_axi4_lite_slave.v
Parsing formal SystemVerilog input from `basic_axi4_lite_slave.v' to AST representation.
Generating RTLIL representation for module `\basic_axi4_lite_slave'.
Successfully finished Verilog frontend.

2. Executing PREP pass.

2.1. Executing HIERARCHY pass (managing design hierarchy).

2.1.1. Analyzing design hierarchy..
Top module:  \basic_axi4_lite_slave

2.1.2. Analyzing design hierarchy..
Top module:  \basic_axi4_lite_slave
Removed 0 unused modules.
Module basic_axi4_lite_slave directly or indirectly contains formal properties -> setting "keep" attribute.

2.2. Executing PROC pass (convert processes to netlists).

2.2.1. Executing PROC_CLEAN pass (remove empty switches from decision trees).
Cleaned up 0 empty switches.

2.2.2. Executing PROC_RMDEAD pass (remove dead branches from decision trees).
Marked 5 switch rules as full_case in process $proc$basic_axi4_lite_slave.v:95$68 in module basic_axi4_lite_slave.
Marked 2 switch rules as full_case in process $proc$basic_axi4_lite_slave.v:78$63 in module basic_axi4_lite_slave.
Marked 1 switch rules as full_case in process $proc$basic_axi4_lite_slave.v:72$59 in module basic_axi4_lite_slave.
Marked 2 switch rules as full_case in process $proc$basic_axi4_lite_slave.v:61$54 in module basic_axi4_lite_slave.
Marked 1 switch rules as full_case in process $proc$basic_axi4_lite_slave.v:55$50 in module basic_axi4_lite_slave.
Marked 1 switch rules as full_case in process $proc$basic_axi4_lite_slave.v:49$46 in module basic_axi4_lite_slave.
Removed a total of 0 dead cases.

2.2.3. Executing PROC_INIT pass (extract init attributes).
Found init rule in `\basic_axi4_lite_slave.$proc$basic_axi4_lite_slave.v:135$217'.
  Set init value: $formal$basic_axi4_lite_slave.v:135$35_EN = 1'0
Found init rule in `\basic_axi4_lite_slave.$proc$basic_axi4_lite_slave.v:133$215'.
  Set init value: $formal$basic_axi4_lite_slave.v:133$34_EN = 1'0
Found init rule in `\basic_axi4_lite_slave.$proc$basic_axi4_lite_slave.v:131$213'.
  Set init value: $formal$basic_axi4_lite_slave.v:131$33_EN = 1'0
Found init rule in `\basic_axi4_lite_slave.$proc$basic_axi4_lite_slave.v:129$211'.
  Set init value: $formal$basic_axi4_lite_slave.v:129$32_EN = 1'0
Found init rule in `\basic_axi4_lite_slave.$proc$basic_axi4_lite_slave.v:127$209'.
  Set init value: $formal$basic_axi4_lite_slave.v:127$31_EN = 1'0
Found init rule in `\basic_axi4_lite_slave.$proc$basic_axi4_lite_slave.v:125$207'.
  Set init value: $formal$basic_axi4_lite_slave.v:125$30_EN = 1'0
Found init rule in `\basic_axi4_lite_slave.$proc$basic_axi4_lite_slave.v:123$205'.
  Set init value: $formal$basic_axi4_lite_slave.v:123$29_EN = 1'0
Found init rule in `\basic_axi4_lite_slave.$proc$basic_axi4_lite_slave.v:121$203'.
  Set init value: $formal$basic_axi4_lite_slave.v:121$28_EN = 1'0
Found init rule in `\basic_axi4_lite_slave.$proc$basic_axi4_lite_slave.v:119$201'.
  Set init value: $formal$basic_axi4_lite_slave.v:119$27_EN = 1'0
Found init rule in `\basic_axi4_lite_slave.$proc$basic_axi4_lite_slave.v:117$199'.
  Set init value: $formal$basic_axi4_lite_slave.v:117$26_EN = 1'0
Found init rule in `\basic_axi4_lite_slave.$proc$basic_axi4_lite_slave.v:115$197'.
  Set init value: $formal$basic_axi4_lite_slave.v:115$25_EN = 1'0
Found init rule in `\basic_axi4_lite_slave.$proc$basic_axi4_lite_slave.v:113$195'.
  Set init value: $formal$basic_axi4_lite_slave.v:113$24_EN = 1'0
Found init rule in `\basic_axi4_lite_slave.$proc$basic_axi4_lite_slave.v:111$193'.
  Set init value: $formal$basic_axi4_lite_slave.v:111$23_EN = 1'0
Found init rule in `\basic_axi4_lite_slave.$proc$basic_axi4_lite_slave.v:109$191'.
  Set init value: $formal$basic_axi4_lite_slave.v:109$22_EN = 1'0
Found init rule in `\basic_axi4_lite_slave.$proc$basic_axi4_lite_slave.v:108$189'.
  Set init value: $formal$basic_axi4_lite_slave.v:108$21_EN = 1'0
Found init rule in `\basic_axi4_lite_slave.$proc$basic_axi4_lite_slave.v:104$187'.
  Set init value: $formal$basic_axi4_lite_slave.v:104$20_EN = 1'0
Found init rule in `\basic_axi4_lite_slave.$proc$basic_axi4_lite_slave.v:103$185'.
  Set init value: $formal$basic_axi4_lite_slave.v:103$19_EN = 1'0
Found init rule in `\basic_axi4_lite_slave.$proc$basic_axi4_lite_slave.v:97$183'.
  Set init value: $formal$basic_axi4_lite_slave.v:97$18_EN = 1'0
Found init rule in `\basic_axi4_lite_slave.$proc$basic_axi4_lite_slave.v:94$182'.
  Set init value: \r_PAST_VALID = 1'0

2.2.4. Executing PROC_ARST pass (detect async resets in processes).

2.2.5. Executing PROC_MUX pass (convert decision trees to multiplexers).
Creating decoders for process `\basic_axi4_lite_slave.$proc$basic_axi4_lite_slave.v:135$217'.
     1/1: $0$formal$basic_axi4_lite_slave.v:135$35_EN[0:0]$218
Creating decoders for process `\basic_axi4_lite_slave.$proc$basic_axi4_lite_slave.v:133$215'.
     1/1: $0$formal$basic_axi4_lite_slave.v:133$34_EN[0:0]$216
Creating decoders for process `\basic_axi4_lite_slave.$proc$basic_axi4_lite_slave.v:131$213'.
     1/1: $0$formal$basic_axi4_lite_slave.v:131$33_EN[0:0]$214
Creating decoders for process `\basic_axi4_lite_slave.$proc$basic_axi4_lite_slave.v:129$211'.
     1/1: $0$formal$basic_axi4_lite_slave.v:129$32_EN[0:0]$212
Creating decoders for process `\basic_axi4_lite_slave.$proc$basic_axi4_lite_slave.v:127$209'.
     1/1: $0$formal$basic_axi4_lite_slave.v:127$31_EN[0:0]$210
Creating decoders for process `\basic_axi4_lite_slave.$proc$basic_axi4_lite_slave.v:125$207'.
     1/1: $0$formal$basic_axi4_lite_slave.v:125$30_EN[0:0]$208
Creating decoders for process `\basic_axi4_lite_slave.$proc$basic_axi4_lite_slave.v:123$205'.
     1/1: $0$formal$basic_axi4_lite_slave.v:123$29_EN[0:0]$206
Creating decoders for process `\basic_axi4_lite_slave.$proc$basic_axi4_lite_slave.v:121$203'.
     1/1: $0$formal$basic_axi4_lite_slave.v:121$28_EN[0:0]$204
Creating decoders for process `\basic_axi4_lite_slave.$proc$basic_axi4_lite_slave.v:119$201'.
     1/1: $0$formal$basic_axi4_lite_slave.v:119$27_EN[0:0]$202
Creating decoders for process `\basic_axi4_lite_slave.$proc$basic_axi4_lite_slave.v:117$199'.
     1/1: $0$formal$basic_axi4_lite_slave.v:117$26_EN[0:0]$200
Creating decoders for process `\basic_axi4_lite_slave.$proc$basic_axi4_lite_slave.v:115$197'.
     1/1: $0$formal$basic_axi4_lite_slave.v:115$25_EN[0:0]$198
Creating decoders for process `\basic_axi4_lite_slave.$proc$basic_axi4_lite_slave.v:113$195'.
     1/1: $0$formal$basic_axi4_lite_slave.v:113$24_EN[0:0]$196
Creating decoders for process `\basic_axi4_lite_slave.$proc$basic_axi4_lite_slave.v:111$193'.
     1/1: $0$formal$basic_axi4_lite_slave.v:111$23_EN[0:0]$194
Creating decoders for process `\basic_axi4_lite_slave.$proc$basic_axi4_lite_slave.v:109$191'.
     1/1: $0$formal$basic_axi4_lite_slave.v:109$22_EN[0:0]$192
Creating decoders for process `\basic_axi4_lite_slave.$proc$basic_axi4_lite_slave.v:108$189'.
     1/1: $0$formal$basic_axi4_lite_slave.v:108$21_EN[0:0]$190
Creating decoders for process `\basic_axi4_lite_slave.$proc$basic_axi4_lite_slave.v:104$187'.
     1/1: $0$formal$basic_axi4_lite_slave.v:104$20_EN[0:0]$188
Creating decoders for process `\basic_axi4_lite_slave.$proc$basic_axi4_lite_slave.v:103$185'.
     1/1: $0$formal$basic_axi4_lite_slave.v:103$19_EN[0:0]$186
Creating decoders for process `\basic_axi4_lite_slave.$proc$basic_axi4_lite_slave.v:97$183'.
     1/1: $0$formal$basic_axi4_lite_slave.v:97$18_EN[0:0]$184
Creating decoders for process `\basic_axi4_lite_slave.$proc$basic_axi4_lite_slave.v:94$182'.
     1/1: $1\r_PAST_VALID[0:0]
Creating decoders for process `\basic_axi4_lite_slave.$proc$basic_axi4_lite_slave.v:95$68'.
     1/53: $0$past$basic_axi4_lite_slave.v:132$16$0[0:0]$84
     2/53: $0$past$basic_axi4_lite_slave.v:132$15$0[0:0]$83
     3/53: $0$past$basic_axi4_lite_slave.v:128$14$0[0:0]$82
     4/53: $0$past$basic_axi4_lite_slave.v:128$13$0[0:0]$81
     5/53: $0$past$basic_axi4_lite_slave.v:124$12$0[0:0]$80
     6/53: $0$past$basic_axi4_lite_slave.v:124$11$0[0:0]$79
     7/53: $0$past$basic_axi4_lite_slave.v:120$10$0[0:0]$78
     8/53: $0$past$basic_axi4_lite_slave.v:120$9$0[0:0]$77
     9/53: $0$past$basic_axi4_lite_slave.v:119$8$0[0:0]$76
    10/53: $0$past$basic_axi4_lite_slave.v:117$7$0[0:0]$75
    11/53: $0$past$basic_axi4_lite_slave.v:115$6$0[0:0]$74
    12/53: $0$past$basic_axi4_lite_slave.v:112$5$0[0:0]$73
    13/53: $0$past$basic_axi4_lite_slave.v:110$4$0[0:0]$72
    14/53: $0$past$basic_axi4_lite_slave.v:101$3$0[0:0]$71
    15/53: $0$past$basic_axi4_lite_slave.v:99$2$0[0:0]$70
    16/53: $0$past$basic_axi4_lite_slave.v:97$1$0[0:0]$69
    17/53: $0\r_PAST_VALID[0:0]
    18/53: $0$formal$basic_axi4_lite_slave.v:97$18_EN[0:0]$86
    19/53: $0$formal$basic_axi4_lite_slave.v:97$18_CHECK[0:0]$85
    20/53: $0$formal$basic_axi4_lite_slave.v:103$19_EN[0:0]$88
    21/53: $0$formal$basic_axi4_lite_slave.v:103$19_CHECK[0:0]$87
    22/53: $0$formal$basic_axi4_lite_slave.v:104$20_EN[0:0]$90
    23/53: $0$formal$basic_axi4_lite_slave.v:104$20_CHECK[0:0]$89
    24/53: $0$formal$basic_axi4_lite_slave.v:108$21_EN[0:0]$92
    25/53: $0$formal$basic_axi4_lite_slave.v:108$21_CHECK[0:0]$91
    26/53: $0$formal$basic_axi4_lite_slave.v:109$22_EN[0:0]$94
    27/53: $0$formal$basic_axi4_lite_slave.v:109$22_CHECK[0:0]$93
    28/53: $0$formal$basic_axi4_lite_slave.v:111$23_EN[0:0]$96
    29/53: $0$formal$basic_axi4_lite_slave.v:111$23_CHECK[0:0]$95
    30/53: $0$formal$basic_axi4_lite_slave.v:113$24_EN[0:0]$98
    31/53: $0$formal$basic_axi4_lite_slave.v:113$24_CHECK[0:0]$97
    32/53: $0$formal$basic_axi4_lite_slave.v:115$25_EN[0:0]$100
    33/53: $0$formal$basic_axi4_lite_slave.v:115$25_CHECK[0:0]$99
    34/53: $0$formal$basic_axi4_lite_slave.v:117$26_EN[0:0]$102
    35/53: $0$formal$basic_axi4_lite_slave.v:117$26_CHECK[0:0]$101
    36/53: $0$formal$basic_axi4_lite_slave.v:119$27_EN[0:0]$104
    37/53: $0$formal$basic_axi4_lite_slave.v:119$27_CHECK[0:0]$103
    38/53: $0$formal$basic_axi4_lite_slave.v:121$28_EN[0:0]$106
    39/53: $0$formal$basic_axi4_lite_slave.v:121$28_CHECK[0:0]$105
    40/53: $0$formal$basic_axi4_lite_slave.v:123$29_EN[0:0]$108
    41/53: $0$formal$basic_axi4_lite_slave.v:123$29_CHECK[0:0]$107
    42/53: $0$formal$basic_axi4_lite_slave.v:125$30_EN[0:0]$110
    43/53: $0$formal$basic_axi4_lite_slave.v:125$30_CHECK[0:0]$109
    44/53: $0$formal$basic_axi4_lite_slave.v:127$31_EN[0:0]$112
    45/53: $0$formal$basic_axi4_lite_slave.v:127$31_CHECK[0:0]$111
    46/53: $0$formal$basic_axi4_lite_slave.v:129$32_EN[0:0]$114
    47/53: $0$formal$basic_axi4_lite_slave.v:129$32_CHECK[0:0]$113
    48/53: $0$formal$basic_axi4_lite_slave.v:131$33_EN[0:0]$116
    49/53: $0$formal$basic_axi4_lite_slave.v:131$33_CHECK[0:0]$115
    50/53: $0$formal$basic_axi4_lite_slave.v:133$34_EN[0:0]$118
    51/53: $0$formal$basic_axi4_lite_slave.v:133$34_CHECK[0:0]$117
    52/53: $0$formal$basic_axi4_lite_slave.v:135$35_EN[0:0]$120
    53/53: $0$formal$basic_axi4_lite_slave.v:135$35_CHECK[0:0]$119
Creating decoders for process `\basic_axi4_lite_slave.$proc$basic_axi4_lite_slave.v:78$63'.
     1/1: $0\o_S_RVALID[0:0]
Creating decoders for process `\basic_axi4_lite_slave.$proc$basic_axi4_lite_slave.v:72$59'.
     1/1: $0\o_S_ARREADY[0:0]
Creating decoders for process `\basic_axi4_lite_slave.$proc$basic_axi4_lite_slave.v:61$54'.
     1/1: $0\o_S_BVALID[0:0]
Creating decoders for process `\basic_axi4_lite_slave.$proc$basic_axi4_lite_slave.v:55$50'.
     1/1: $0\o_S_WREADY[0:0]
Creating decoders for process `\basic_axi4_lite_slave.$proc$basic_axi4_lite_slave.v:49$46'.
     1/1: $0\o_S_AWREADY[0:0]
Creating decoders for process `\basic_axi4_lite_slave.$proc$basic_axi4_lite_slave.v:38$37'.
     1/4: $0$memwr$\r_MEMORY$basic_axi4_lite_slave.v:41$17_EN[7:0]$40
     2/4: $0$memwr$\r_MEMORY$basic_axi4_lite_slave.v:41$17_DATA[7:0]$39
     3/4: $0$memwr$\r_MEMORY$basic_axi4_lite_slave.v:41$17_ADDR[1:0]$38
     4/4: $0\o_S_RDATA[7:0]
Creating decoders for process `\basic_axi4_lite_slave.$proc$basic_axi4_lite_slave.v:33$36'.
     1/1: $0\o_S_BRESP[1:0]

2.2.6. Executing PROC_DLATCH pass (convert process syncs to latches).

2.2.7. Executing PROC_DFF pass (convert process syncs to FFs).
Creating register for signal `\basic_axi4_lite_slave.\r_PAST_VALID' using process `\basic_axi4_lite_slave.$proc$basic_axi4_lite_slave.v:95$68'.
  created $dff cell `$procdff$486' with positive edge clock.
Creating register for signal `\basic_axi4_lite_slave.$past$basic_axi4_lite_slave.v:97$1$0' using process `\basic_axi4_lite_slave.$proc$basic_axi4_lite_slave.v:95$68'.
  created $dff cell `$procdff$487' with positive edge clock.
Creating register for signal `\basic_axi4_lite_slave.$past$basic_axi4_lite_slave.v:99$2$0' using process `\basic_axi4_lite_slave.$proc$basic_axi4_lite_slave.v:95$68'.
  created $dff cell `$procdff$488' with positive edge clock.
Creating register for signal `\basic_axi4_lite_slave.$past$basic_axi4_lite_slave.v:101$3$0' using process `\basic_axi4_lite_slave.$proc$basic_axi4_lite_slave.v:95$68'.
  created $dff cell `$procdff$489' with positive edge clock.
Creating register for signal `\basic_axi4_lite_slave.$past$basic_axi4_lite_slave.v:110$4$0' using process `\basic_axi4_lite_slave.$proc$basic_axi4_lite_slave.v:95$68'.
  created $dff cell `$procdff$490' with positive edge clock.
Creating register for signal `\basic_axi4_lite_slave.$past$basic_axi4_lite_slave.v:112$5$0' using process `\basic_axi4_lite_slave.$proc$basic_axi4_lite_slave.v:95$68'.
  created $dff cell `$procdff$491' with positive edge clock.
Creating register for signal `\basic_axi4_lite_slave.$past$basic_axi4_lite_slave.v:115$6$0' using process `\basic_axi4_lite_slave.$proc$basic_axi4_lite_slave.v:95$68'.
  created $dff cell `$procdff$492' with positive edge clock.
Creating register for signal `\basic_axi4_lite_slave.$past$basic_axi4_lite_slave.v:117$7$0' using process `\basic_axi4_lite_slave.$proc$basic_axi4_lite_slave.v:95$68'.
  created $dff cell `$procdff$493' with positive edge clock.
Creating register for signal `\basic_axi4_lite_slave.$past$basic_axi4_lite_slave.v:119$8$0' using process `\basic_axi4_lite_slave.$proc$basic_axi4_lite_slave.v:95$68'.
  created $dff cell `$procdff$494' with positive edge clock.
Creating register for signal `\basic_axi4_lite_slave.$past$basic_axi4_lite_slave.v:120$9$0' using process `\basic_axi4_lite_slave.$proc$basic_axi4_lite_slave.v:95$68'.
  created $dff cell `$procdff$495' with positive edge clock.
Creating register for signal `\basic_axi4_lite_slave.$past$basic_axi4_lite_slave.v:120$10$0' using process `\basic_axi4_lite_slave.$proc$basic_axi4_lite_slave.v:95$68'.
  created $dff cell `$procdff$496' with positive edge clock.
Creating register for signal `\basic_axi4_lite_slave.$past$basic_axi4_lite_slave.v:124$11$0' using process `\basic_axi4_lite_slave.$proc$basic_axi4_lite_slave.v:95$68'.
  created $dff cell `$procdff$497' with positive edge clock.
Creating register for signal `\basic_axi4_lite_slave.$past$basic_axi4_lite_slave.v:124$12$0' using process `\basic_axi4_lite_slave.$proc$basic_axi4_lite_slave.v:95$68'.
  created $dff cell `$procdff$498' with positive edge clock.
Creating register for signal `\basic_axi4_lite_slave.$past$basic_axi4_lite_slave.v:128$13$0' using process `\basic_axi4_lite_slave.$proc$basic_axi4_lite_slave.v:95$68'.
  created $dff cell `$procdff$499' with positive edge clock.
Creating register for signal `\basic_axi4_lite_slave.$past$basic_axi4_lite_slave.v:128$14$0' using process `\basic_axi4_lite_slave.$proc$basic_axi4_lite_slave.v:95$68'.
  created $dff cell `$procdff$500' with positive edge clock.
Creating register for signal `\basic_axi4_lite_slave.$past$basic_axi4_lite_slave.v:132$15$0' using process `\basic_axi4_lite_slave.$proc$basic_axi4_lite_slave.v:95$68'.
  created $dff cell `$procdff$501' with positive edge clock.
Creating register for signal `\basic_axi4_lite_slave.$past$basic_axi4_lite_slave.v:132$16$0' using process `\basic_axi4_lite_slave.$proc$basic_axi4_lite_slave.v:95$68'.
  created $dff cell `$procdff$502' with positive edge clock.
Creating register for signal `\basic_axi4_lite_slave.$formal$basic_axi4_lite_slave.v:97$18_CHECK' using process `\basic_axi4_lite_slave.$proc$basic_axi4_lite_slave.v:95$68'.
  created $dff cell `$procdff$503' with positive edge clock.
Creating register for signal `\basic_axi4_lite_slave.$formal$basic_axi4_lite_slave.v:97$18_EN' using process `\basic_axi4_lite_slave.$proc$basic_axi4_lite_slave.v:95$68'.
  created $dff cell `$procdff$504' with positive edge clock.
Creating register for signal `\basic_axi4_lite_slave.$formal$basic_axi4_lite_slave.v:103$19_CHECK' using process `\basic_axi4_lite_slave.$proc$basic_axi4_lite_slave.v:95$68'.
  created $dff cell `$procdff$505' with positive edge clock.
Creating register for signal `\basic_axi4_lite_slave.$formal$basic_axi4_lite_slave.v:103$19_EN' using process `\basic_axi4_lite_slave.$proc$basic_axi4_lite_slave.v:95$68'.
  created $dff cell `$procdff$506' with positive edge clock.
Creating register for signal `\basic_axi4_lite_slave.$formal$basic_axi4_lite_slave.v:104$20_CHECK' using process `\basic_axi4_lite_slave.$proc$basic_axi4_lite_slave.v:95$68'.
  created $dff cell `$procdff$507' with positive edge clock.
Creating register for signal `\basic_axi4_lite_slave.$formal$basic_axi4_lite_slave.v:104$20_EN' using process `\basic_axi4_lite_slave.$proc$basic_axi4_lite_slave.v:95$68'.
  created $dff cell `$procdff$508' with positive edge clock.
Creating register for signal `\basic_axi4_lite_slave.$formal$basic_axi4_lite_slave.v:108$21_CHECK' using process `\basic_axi4_lite_slave.$proc$basic_axi4_lite_slave.v:95$68'.
  created $dff cell `$procdff$509' with positive edge clock.
Creating register for signal `\basic_axi4_lite_slave.$formal$basic_axi4_lite_slave.v:108$21_EN' using process `\basic_axi4_lite_slave.$proc$basic_axi4_lite_slave.v:95$68'.
  created $dff cell `$procdff$510' with positive edge clock.
Creating register for signal `\basic_axi4_lite_slave.$formal$basic_axi4_lite_slave.v:109$22_CHECK' using process `\basic_axi4_lite_slave.$proc$basic_axi4_lite_slave.v:95$68'.
  created $dff cell `$procdff$511' with positive edge clock.
Creating register for signal `\basic_axi4_lite_slave.$formal$basic_axi4_lite_slave.v:109$22_EN' using process `\basic_axi4_lite_slave.$proc$basic_axi4_lite_slave.v:95$68'.
  created $dff cell `$procdff$512' with positive edge clock.
Creating register for signal `\basic_axi4_lite_slave.$formal$basic_axi4_lite_slave.v:111$23_CHECK' using process `\basic_axi4_lite_slave.$proc$basic_axi4_lite_slave.v:95$68'.
  created $dff cell `$procdff$513' with positive edge clock.
Creating register for signal `\basic_axi4_lite_slave.$formal$basic_axi4_lite_slave.v:111$23_EN' using process `\basic_axi4_lite_slave.$proc$basic_axi4_lite_slave.v:95$68'.
  created $dff cell `$procdff$514' with positive edge clock.
Creating register for signal `\basic_axi4_lite_slave.$formal$basic_axi4_lite_slave.v:113$24_CHECK' using process `\basic_axi4_lite_slave.$proc$basic_axi4_lite_slave.v:95$68'.
  created $dff cell `$procdff$515' with positive edge clock.
Creating register for signal `\basic_axi4_lite_slave.$formal$basic_axi4_lite_slave.v:113$24_EN' using process `\basic_axi4_lite_slave.$proc$basic_axi4_lite_slave.v:95$68'.
  created $dff cell `$procdff$516' with positive edge clock.
Creating register for signal `\basic_axi4_lite_slave.$formal$basic_axi4_lite_slave.v:115$25_CHECK' using process `\basic_axi4_lite_slave.$proc$basic_axi4_lite_slave.v:95$68'.
  created $dff cell `$procdff$517' with positive edge clock.
Creating register for signal `\basic_axi4_lite_slave.$formal$basic_axi4_lite_slave.v:115$25_EN' using process `\basic_axi4_lite_slave.$proc$basic_axi4_lite_slave.v:95$68'.
  created $dff cell `$procdff$518' with positive edge clock.
Creating register for signal `\basic_axi4_lite_slave.$formal$basic_axi4_lite_slave.v:117$26_CHECK' using process `\basic_axi4_lite_slave.$proc$basic_axi4_lite_slave.v:95$68'.
  created $dff cell `$procdff$519' with positive edge clock.
Creating register for signal `\basic_axi4_lite_slave.$formal$basic_axi4_lite_slave.v:117$26_EN' using process `\basic_axi4_lite_slave.$proc$basic_axi4_lite_slave.v:95$68'.
  created $dff cell `$procdff$520' with positive edge clock.
Creating register for signal `\basic_axi4_lite_slave.$formal$basic_axi4_lite_slave.v:119$27_CHECK' using process `\basic_axi4_lite_slave.$proc$basic_axi4_lite_slave.v:95$68'.
  created $dff cell `$procdff$521' with positive edge clock.
Creating register for signal `\basic_axi4_lite_slave.$formal$basic_axi4_lite_slave.v:119$27_EN' using process `\basic_axi4_lite_slave.$proc$basic_axi4_lite_slave.v:95$68'.
  created $dff cell `$procdff$522' with positive edge clock.
Creating register for signal `\basic_axi4_lite_slave.$formal$basic_axi4_lite_slave.v:121$28_CHECK' using process `\basic_axi4_lite_slave.$proc$basic_axi4_lite_slave.v:95$68'.
  created $dff cell `$procdff$523' with positive edge clock.
Creating register for signal `\basic_axi4_lite_slave.$formal$basic_axi4_lite_slave.v:121$28_EN' using process `\basic_axi4_lite_slave.$proc$basic_axi4_lite_slave.v:95$68'.
  created $dff cell `$procdff$524' with positive edge clock.
Creating register for signal `\basic_axi4_lite_slave.$formal$basic_axi4_lite_slave.v:123$29_CHECK' using process `\basic_axi4_lite_slave.$proc$basic_axi4_lite_slave.v:95$68'.
  created $dff cell `$procdff$525' with positive edge clock.
Creating register for signal `\basic_axi4_lite_slave.$formal$basic_axi4_lite_slave.v:123$29_EN' using process `\basic_axi4_lite_slave.$proc$basic_axi4_lite_slave.v:95$68'.
  created $dff cell `$procdff$526' with positive edge clock.
Creating register for signal `\basic_axi4_lite_slave.$formal$basic_axi4_lite_slave.v:125$30_CHECK' using process `\basic_axi4_lite_slave.$proc$basic_axi4_lite_slave.v:95$68'.
  created $dff cell `$procdff$527' with positive edge clock.
Creating register for signal `\basic_axi4_lite_slave.$formal$basic_axi4_lite_slave.v:125$30_EN' using process `\basic_axi4_lite_slave.$proc$basic_axi4_lite_slave.v:95$68'.
  created $dff cell `$procdff$528' with positive edge clock.
Creating register for signal `\basic_axi4_lite_slave.$formal$basic_axi4_lite_slave.v:127$31_CHECK' using process `\basic_axi4_lite_slave.$proc$basic_axi4_lite_slave.v:95$68'.
  created $dff cell `$procdff$529' with positive edge clock.
Creating register for signal `\basic_axi4_lite_slave.$formal$basic_axi4_lite_slave.v:127$31_EN' using process `\basic_axi4_lite_slave.$proc$basic_axi4_lite_slave.v:95$68'.
  created $dff cell `$procdff$530' with positive edge clock.
Creating register for signal `\basic_axi4_lite_slave.$formal$basic_axi4_lite_slave.v:129$32_CHECK' using process `\basic_axi4_lite_slave.$proc$basic_axi4_lite_slave.v:95$68'.
  created $dff cell `$procdff$531' with positive edge clock.
Creating register for signal `\basic_axi4_lite_slave.$formal$basic_axi4_lite_slave.v:129$32_EN' using process `\basic_axi4_lite_slave.$proc$basic_axi4_lite_slave.v:95$68'.
  created $dff cell `$procdff$532' with positive edge clock.
Creating register for signal `\basic_axi4_lite_slave.$formal$basic_axi4_lite_slave.v:131$33_CHECK' using process `\basic_axi4_lite_slave.$proc$basic_axi4_lite_slave.v:95$68'.
  created $dff cell `$procdff$533' with positive edge clock.
Creating register for signal `\basic_axi4_lite_slave.$formal$basic_axi4_lite_slave.v:131$33_EN' using process `\basic_axi4_lite_slave.$proc$basic_axi4_lite_slave.v:95$68'.
  created $dff cell `$procdff$534' with positive edge clock.
Creating register for signal `\basic_axi4_lite_slave.$formal$basic_axi4_lite_slave.v:133$34_CHECK' using process `\basic_axi4_lite_slave.$proc$basic_axi4_lite_slave.v:95$68'.
  created $dff cell `$procdff$535' with positive edge clock.
Creating register for signal `\basic_axi4_lite_slave.$formal$basic_axi4_lite_slave.v:133$34_EN' using process `\basic_axi4_lite_slave.$proc$basic_axi4_lite_slave.v:95$68'.
  created $dff cell `$procdff$536' with positive edge clock.
Creating register for signal `\basic_axi4_lite_slave.$formal$basic_axi4_lite_slave.v:135$35_CHECK' using process `\basic_axi4_lite_slave.$proc$basic_axi4_lite_slave.v:95$68'.
  created $dff cell `$procdff$537' with positive edge clock.
Creating register for signal `\basic_axi4_lite_slave.$formal$basic_axi4_lite_slave.v:135$35_EN' using process `\basic_axi4_lite_slave.$proc$basic_axi4_lite_slave.v:95$68'.
  created $dff cell `$procdff$538' with positive edge clock.
Creating register for signal `\basic_axi4_lite_slave.\o_S_RVALID' using process `\basic_axi4_lite_slave.$proc$basic_axi4_lite_slave.v:78$63'.
  created $dff cell `$procdff$539' with positive edge clock.
Creating register for signal `\basic_axi4_lite_slave.\o_S_ARREADY' using process `\basic_axi4_lite_slave.$proc$basic_axi4_lite_slave.v:72$59'.
  created $dff cell `$procdff$540' with positive edge clock.
Creating register for signal `\basic_axi4_lite_slave.\o_S_BVALID' using process `\basic_axi4_lite_slave.$proc$basic_axi4_lite_slave.v:61$54'.
  created $dff cell `$procdff$541' with positive edge clock.
Creating register for signal `\basic_axi4_lite_slave.\o_S_WREADY' using process `\basic_axi4_lite_slave.$proc$basic_axi4_lite_slave.v:55$50'.
  created $dff cell `$procdff$542' with positive edge clock.
Creating register for signal `\basic_axi4_lite_slave.\o_S_AWREADY' using process `\basic_axi4_lite_slave.$proc$basic_axi4_lite_slave.v:49$46'.
  created $dff cell `$procdff$543' with positive edge clock.
Creating register for signal `\basic_axi4_lite_slave.\o_S_RDATA' using process `\basic_axi4_lite_slave.$proc$basic_axi4_lite_slave.v:38$37'.
  created $dff cell `$procdff$544' with positive edge clock.
Creating register for signal `\basic_axi4_lite_slave.$memwr$\r_MEMORY$basic_axi4_lite_slave.v:41$17_ADDR' using process `\basic_axi4_lite_slave.$proc$basic_axi4_lite_slave.v:38$37'.
  created $dff cell `$procdff$545' with positive edge clock.
Creating register for signal `\basic_axi4_lite_slave.$memwr$\r_MEMORY$basic_axi4_lite_slave.v:41$17_DATA' using process `\basic_axi4_lite_slave.$proc$basic_axi4_lite_slave.v:38$37'.
  created $dff cell `$procdff$546' with positive edge clock.
Creating register for signal `\basic_axi4_lite_slave.$memwr$\r_MEMORY$basic_axi4_lite_slave.v:41$17_EN' using process `\basic_axi4_lite_slave.$proc$basic_axi4_lite_slave.v:38$37'.
  created $dff cell `$procdff$547' with positive edge clock.
Creating register for signal `\basic_axi4_lite_slave.\o_S_BRESP' using process `\basic_axi4_lite_slave.$proc$basic_axi4_lite_slave.v:33$36'.
  created $dff cell `$procdff$548' with positive edge clock.

2.2.8. Executing PROC_CLEAN pass (remove empty switches from decision trees).
Removing empty process `basic_axi4_lite_slave.$proc$basic_axi4_lite_slave.v:135$217'.
Removing empty process `basic_axi4_lite_slave.$proc$basic_axi4_lite_slave.v:133$215'.
Removing empty process `basic_axi4_lite_slave.$proc$basic_axi4_lite_slave.v:131$213'.
Removing empty process `basic_axi4_lite_slave.$proc$basic_axi4_lite_slave.v:129$211'.
Removing empty process `basic_axi4_lite_slave.$proc$basic_axi4_lite_slave.v:127$209'.
Removing empty process `basic_axi4_lite_slave.$proc$basic_axi4_lite_slave.v:125$207'.
Removing empty process `basic_axi4_lite_slave.$proc$basic_axi4_lite_slave.v:123$205'.
Removing empty process `basic_axi4_lite_slave.$proc$basic_axi4_lite_slave.v:121$203'.
Removing empty process `basic_axi4_lite_slave.$proc$basic_axi4_lite_slave.v:119$201'.
Removing empty process `basic_axi4_lite_slave.$proc$basic_axi4_lite_slave.v:117$199'.
Removing empty process `basic_axi4_lite_slave.$proc$basic_axi4_lite_slave.v:115$197'.
Removing empty process `basic_axi4_lite_slave.$proc$basic_axi4_lite_slave.v:113$195'.
Removing empty process `basic_axi4_lite_slave.$proc$basic_axi4_lite_slave.v:111$193'.
Removing empty process `basic_axi4_lite_slave.$proc$basic_axi4_lite_slave.v:109$191'.
Removing empty process `basic_axi4_lite_slave.$proc$basic_axi4_lite_slave.v:108$189'.
Removing empty process `basic_axi4_lite_slave.$proc$basic_axi4_lite_slave.v:104$187'.
Removing empty process `basic_axi4_lite_slave.$proc$basic_axi4_lite_slave.v:103$185'.
Removing empty process `basic_axi4_lite_slave.$proc$basic_axi4_lite_slave.v:97$183'.
Removing empty process `basic_axi4_lite_slave.$proc$basic_axi4_lite_slave.v:94$182'.
Found and cleaned up 11 empty switches in `\basic_axi4_lite_slave.$proc$basic_axi4_lite_slave.v:95$68'.
Removing empty process `basic_axi4_lite_slave.$proc$basic_axi4_lite_slave.v:95$68'.
Found and cleaned up 2 empty switches in `\basic_axi4_lite_slave.$proc$basic_axi4_lite_slave.v:78$63'.
Removing empty process `basic_axi4_lite_slave.$proc$basic_axi4_lite_slave.v:78$63'.
Found and cleaned up 1 empty switch in `\basic_axi4_lite_slave.$proc$basic_axi4_lite_slave.v:72$59'.
Removing empty process `basic_axi4_lite_slave.$proc$basic_axi4_lite_slave.v:72$59'.
Found and cleaned up 2 empty switches in `\basic_axi4_lite_slave.$proc$basic_axi4_lite_slave.v:61$54'.
Removing empty process `basic_axi4_lite_slave.$proc$basic_axi4_lite_slave.v:61$54'.
Found and cleaned up 1 empty switch in `\basic_axi4_lite_slave.$proc$basic_axi4_lite_slave.v:55$50'.
Removing empty process `basic_axi4_lite_slave.$proc$basic_axi4_lite_slave.v:55$50'.
Found and cleaned up 1 empty switch in `\basic_axi4_lite_slave.$proc$basic_axi4_lite_slave.v:49$46'.
Removing empty process `basic_axi4_lite_slave.$proc$basic_axi4_lite_slave.v:49$46'.
Found and cleaned up 2 empty switches in `\basic_axi4_lite_slave.$proc$basic_axi4_lite_slave.v:38$37'.
Removing empty process `basic_axi4_lite_slave.$proc$basic_axi4_lite_slave.v:38$37'.
Removing empty process `basic_axi4_lite_slave.$proc$basic_axi4_lite_slave.v:33$36'.
Cleaned up 20 empty switches.

2.3. Executing OPT_EXPR pass (perform const folding).
Optimizing module basic_axi4_lite_slave.
<suppressed ~86 debug messages>

2.4. Executing OPT_CLEAN pass (remove unused cells and wires).
Finding unused cells or wires in module \basic_axi4_lite_slave..
Removed 5 unused cells and 220 unused wires.
<suppressed ~6 debug messages>

2.5. Executing CHECK pass (checking for obvious problems).
checking module basic_axi4_lite_slave..
found and reported 0 problems.

2.6. Executing OPT pass (performing simple optimizations).

2.6.1. Executing OPT_EXPR pass (perform const folding).
Optimizing module basic_axi4_lite_slave.

2.6.2. Executing OPT_MERGE pass (detect identical cells).
Finding identical cells in module `\basic_axi4_lite_slave'.
<suppressed ~36 debug messages>
Removed a total of 12 cells.

2.6.3. Executing OPT_MUXTREE pass (detect dead branches in mux trees).
Running muxtree optimizer on module \basic_axi4_lite_slave..
  Creating internal representation of mux trees.
  Evaluating internal representation of mux trees.
  Analyzing evaluation results.
Removed 0 multiplexer ports.
<suppressed ~43 debug messages>

2.6.4. Executing OPT_REDUCE pass (consolidate $*mux and $reduce_* inputs).
  Optimizing cells in module \basic_axi4_lite_slave.
    Consolidated identical input bits for $mux cell $procmux$478:
      Old ports: A=8'00000000, B=8'11111111, Y=$0$memwr$\r_MEMORY$basic_axi4_lite_slave.v:41$17_EN[7:0]$40
      New ports: A=1'0, B=1'1, Y=$0$memwr$\r_MEMORY$basic_axi4_lite_slave.v:41$17_EN[7:0]$40 [0]
      New connections: $0$memwr$\r_MEMORY$basic_axi4_lite_slave.v:41$17_EN[7:0]$40 [7:1] = { $0$memwr$\r_MEMORY$basic_axi4_lite_slave.v:41$17_EN[7:0]$40 [0] $0$memwr$\r_MEMORY$basic_axi4_lite_slave.v:41$17_EN[7:0]$40 [0] $0$memwr$\r_MEMORY$basic_axi4_lite_slave.v:41$17_EN[7:0]$40 [0] $0$memwr$\r_MEMORY$basic_axi4_lite_slave.v:41$17_EN[7:0]$40 [0] $0$memwr$\r_MEMORY$basic_axi4_lite_slave.v:41$17_EN[7:0]$40 [0] $0$memwr$\r_MEMORY$basic_axi4_lite_slave.v:41$17_EN[7:0]$40 [0] $0$memwr$\r_MEMORY$basic_axi4_lite_slave.v:41$17_EN[7:0]$40 [0] }
  Optimizing cells in module \basic_axi4_lite_slave.
Performed a total of 1 changes.

2.6.5. Executing OPT_MERGE pass (detect identical cells).
Finding identical cells in module `\basic_axi4_lite_slave'.
<suppressed ~18 debug messages>
Removed a total of 6 cells.

2.6.6. Executing OPT_RMDFF pass (remove dff with constant values).

2.6.7. Executing OPT_CLEAN pass (remove unused cells and wires).
Finding unused cells or wires in module \basic_axi4_lite_slave..
Removed 0 unused cells and 18 unused wires.
<suppressed ~5 debug messages>

2.6.8. Executing OPT_EXPR pass (perform const folding).
Optimizing module basic_axi4_lite_slave.

2.6.9. Rerunning OPT passes. (Maybe there is more to do..)

2.6.10. Executing OPT_MUXTREE pass (detect dead branches in mux trees).
Running muxtree optimizer on module \basic_axi4_lite_slave..
  Creating internal representation of mux trees.
  Evaluating internal representation of mux trees.
  Analyzing evaluation results.
Removed 0 multiplexer ports.
<suppressed ~41 debug messages>

2.6.11. Executing OPT_REDUCE pass (consolidate $*mux and $reduce_* inputs).
  Optimizing cells in module \basic_axi4_lite_slave.
Performed a total of 0 changes.

2.6.12. Executing OPT_MERGE pass (detect identical cells).
Finding identical cells in module `\basic_axi4_lite_slave'.
Removed a total of 0 cells.

2.6.13. Executing OPT_RMDFF pass (remove dff with constant values).

2.6.14. Executing OPT_CLEAN pass (remove unused cells and wires).
Finding unused cells or wires in module \basic_axi4_lite_slave..

2.6.15. Executing OPT_EXPR pass (perform const folding).
Optimizing module basic_axi4_lite_slave.

2.6.16. Finished OPT passes. (There is nothing left to do.)

2.7. Executing WREDUCE pass (reducing word size of cells).
Removed top 31 bits (of 32) from port B of cell basic_axi4_lite_slave.$and$basic_axi4_lite_slave.v:99$123 ($and).
Removed top 31 bits (of 32) from port Y of cell basic_axi4_lite_slave.$and$basic_axi4_lite_slave.v:99$123 ($and).
Removed top 31 bits (of 32) from port B of cell basic_axi4_lite_slave.$and$basic_axi4_lite_slave.v:99$125 ($and).
Removed top 31 bits (of 32) from port Y of cell basic_axi4_lite_slave.$and$basic_axi4_lite_slave.v:99$125 ($and).
Removed top 4 bits (of 8) from port B of cell basic_axi4_lite_slave.$eq$basic_axi4_lite_slave.v:108$131 ($eq).
Removed top 7 bits (of 8) from FF cell basic_axi4_lite_slave.$procdff$547 ($dff).
Removed cell basic_axi4_lite_slave.$procdff$548 ($dff).
Removed top 31 bits (of 32) from wire basic_axi4_lite_slave.$and$basic_axi4_lite_slave.v:99$123_Y.
Removed top 31 bits (of 32) from wire basic_axi4_lite_slave.$and$basic_axi4_lite_slave.v:99$125_Y.

2.8. Executing MEMORY_DFF pass (merging $dff cells to $memrd and $memwr).
Checking cell `$memwr$\r_MEMORY$basic_axi4_lite_slave.v:41$163' in module `\basic_axi4_lite_slave': merged $dff to cell.

2.9. Executing OPT_CLEAN pass (remove unused cells and wires).
Finding unused cells or wires in module \basic_axi4_lite_slave..
Removed 3 unused cells and 5 unused wires.
<suppressed ~4 debug messages>

2.10. Executing MEMORY_COLLECT pass (generating $mem cells).
Collecting $memrd, $memwr and $meminit for memory `\r_MEMORY' in module `\basic_axi4_lite_slave':
  $memwr$\r_MEMORY$basic_axi4_lite_slave.v:41$163 ($memwr)
  $memrd$\r_MEMORY$basic_axi4_lite_slave.v:43$45 ($memrd)

2.11. Executing OPT pass (performing simple optimizations).

2.11.1. Executing OPT_EXPR pass (perform const folding).
Optimizing module basic_axi4_lite_slave.
<suppressed ~3 debug messages>

2.11.2. Executing OPT_MERGE pass (detect identical cells).
Finding identical cells in module `\basic_axi4_lite_slave'.
Removed a total of 0 cells.

2.11.3. Executing OPT_RMDFF pass (remove dff with constant values).

2.11.4. Executing OPT_CLEAN pass (remove unused cells and wires).
Finding unused cells or wires in module \basic_axi4_lite_slave..
Removed 0 unused cells and 3 unused wires.
<suppressed ~1 debug messages>

2.11.5. Finished fast OPT passes.

2.12. Printing statistics.

=== basic_axi4_lite_slave ===

   Number of wires:                188
   Number of wire bits:            234
   Number of public wires:          21
   Number of public wire bits:      38
   Number of memories:               0
   Number of memory bits:            0
   Number of processes:              0
   Number of cells:                192
     $assert                        16
     $assume                         1
     $cover                          1
     $dff                           51
     $eq                             1
     $logic_and                     12
     $logic_not                      1
     $mem                            1
     $mux                          101
     $ne                             1
     $not                            6

2.13. Executing CHECK pass (checking for obvious problems).
checking module basic_axi4_lite_slave..
found and reported 0 problems.

3. Executing MEMORY_NORDFF pass (extracting $dff cells from $mem).

4. Executing ASYNC2SYNC pass.

5. Executing OPT_CLEAN pass (remove unused cells and wires).
Finding unused cells or wires in module \basic_axi4_lite_slave..
Removed 5 unused cells and 5 unused wires.
<suppressed ~6 debug messages>

6. Executing SETUNDEF pass (replace undef values with defined constants).

7. Executing OPT pass (performing simple optimizations).

7.1. Executing OPT_EXPR pass (perform const folding).
Optimizing module basic_axi4_lite_slave.

7.2. Executing OPT_MERGE pass (detect identical cells).
Finding identical cells in module `\basic_axi4_lite_slave'.
Removed a total of 0 cells.

7.3. Executing OPT_RMDFF pass (remove dff with constant values).

7.4. Executing OPT_CLEAN pass (remove unused cells and wires).
Finding unused cells or wires in module \basic_axi4_lite_slave..

7.5. Finished fast OPT passes.

8. Executing CHECK pass (checking for obvious problems).
checking module basic_axi4_lite_slave..
found and reported 0 problems.

9. Executing HIERARCHY pass (managing design hierarchy).

9.1. Analyzing design hierarchy..
Top module:  \basic_axi4_lite_slave

9.2. Analyzing design hierarchy..
Top module:  \basic_axi4_lite_slave
Removed 0 unused modules.
Module basic_axi4_lite_slave directly or indirectly contains formal properties -> setting "keep" attribute.

10. Executing ILANG backend.
Output filename: ../model/design.il

End of script. Logfile hash: 2b0d3adb64
CPU: user 0.11s system 0.00s, MEM: 18.66 MB total, 9.98 MB resident
Yosys 0.9 (git sha1 UNKNOWN, clang 9.0.0 -march=x86-64 -mtune=generic -O2 -fno-plt -fPIC -Os)
Time spent: 26% 7x opt_clean (0 sec), 13% 5x opt_merge (0 sec), ...
