
 /----------------------------------------------------------------------------\
 |                                                                            |
 |  yosys -- Yosys Open SYnthesis Suite                                       |
 |                                                                            |
 |  Copyright (C) 2012 - 2019  Clifford Wolf <clifford@clifford.at>           |
 |                                                                            |
 |  Permission to use, copy, modify, and/or distribute this software for any  |
 |  purpose with or without fee is hereby granted, provided that the above    |
 |  copyright notice and this permission notice appear in all copies.         |
 |                                                                            |
 |  THE SOFTWARE IS PROVIDED "AS IS" AND THE AUTHOR DISCLAIMS ALL WARRANTIES  |
 |  WITH REGARD TO THIS SOFTWARE INCLUDING ALL IMPLIED WARRANTIES OF          |
 |  MERCHANTABILITY AND FITNESS. IN NO EVENT SHALL THE AUTHOR BE LIABLE FOR   |
 |  ANY SPECIAL, DIRECT, INDIRECT, OR CONSEQUENTIAL DAMAGES OR ANY DAMAGES    |
 |  WHATSOEVER RESULTING FROM LOSS OF USE, DATA OR PROFITS, WHETHER IN AN     |
 |  ACTION OF CONTRACT, NEGLIGENCE OR OTHER TORTIOUS ACTION, ARISING OUT OF   |
 |  OR IN CONNECTION WITH THE USE OR PERFORMANCE OF THIS SOFTWARE.            |
 |                                                                            |
 \----------------------------------------------------------------------------/

 Yosys 0.9 (git sha1 UNKNOWN, clang 9.0.0 -march=x86-64 -mtune=generic -O2 -fno-plt -fPIC -Os)


-- Executing script file `../model/design.ys' --

1. Executing Verilog-2005 frontend: accumulator.v
Parsing formal Verilog input from `accumulator.v' to AST representation.
Generating RTLIL representation for module `\accumulator'.
Successfully finished Verilog frontend.

2. Executing PREP pass.

2.1. Executing HIERARCHY pass (managing design hierarchy).

2.1.1. Analyzing design hierarchy..
Top module:  \accumulator

2.1.2. Analyzing design hierarchy..
Top module:  \accumulator
Removed 0 unused modules.
Module accumulator directly or indirectly contains formal properties -> setting "keep" attribute.

2.2. Executing PROC pass (convert processes to netlists).

2.2.1. Executing PROC_CLEAN pass (remove empty switches from decision trees).
Cleaned up 0 empty switches.

2.2.2. Executing PROC_RMDEAD pass (remove dead branches from decision trees).
Marked 1 switch rules as full_case in process $proc$accumulator.v:46$19 in module accumulator.
Marked 2 switch rules as full_case in process $proc$accumulator.v:32$15 in module accumulator.
Removed a total of 0 dead cases.

2.2.3. Executing PROC_INIT pass (extract init attributes).
Found init rule in `\accumulator.$proc$accumulator.v:59$66'.
  Set init value: $formal$accumulator.v:59$14_EN = 1'0
Found init rule in `\accumulator.$proc$accumulator.v:57$64'.
  Set init value: $formal$accumulator.v:57$13_EN = 1'0
Found init rule in `\accumulator.$proc$accumulator.v:53$62'.
  Set init value: $formal$accumulator.v:53$12_EN = 1'0
Found init rule in `\accumulator.$proc$accumulator.v:48$60'.
  Set init value: $formal$accumulator.v:48$11_EN = 1'0
Found init rule in `\accumulator.$proc$accumulator.v:45$59'.
  Set init value: \r_PAST_VALID = 1'0

2.2.4. Executing PROC_ARST pass (detect async resets in processes).

2.2.5. Executing PROC_MUX pass (convert decision trees to multiplexers).
Creating decoders for process `\accumulator.$proc$accumulator.v:59$66'.
     1/1: $0$formal$accumulator.v:59$14_EN[0:0]$67
Creating decoders for process `\accumulator.$proc$accumulator.v:57$64'.
     1/1: $0$formal$accumulator.v:57$13_EN[0:0]$65
Creating decoders for process `\accumulator.$proc$accumulator.v:53$62'.
     1/1: $0$formal$accumulator.v:53$12_EN[0:0]$63
Creating decoders for process `\accumulator.$proc$accumulator.v:48$60'.
     1/1: $0$formal$accumulator.v:48$11_EN[0:0]$61
Creating decoders for process `\accumulator.$proc$accumulator.v:45$59'.
     1/1: $1\r_PAST_VALID[0:0]
Creating decoders for process `\accumulator.$proc$accumulator.v:46$19'.
     1/19: $0$past$accumulator.v:59$10$0[7:0]$29
     2/19: $0$past$accumulator.v:58$9$0[0:0]$28
     3/19: $0$past$accumulator.v:57$8$0[7:0]$27
     4/19: $0$past$accumulator.v:57$7$0[7:0]$26
     5/19: $0$past$accumulator.v:56$6$0[7:0]$25
     6/19: $0$past$accumulator.v:56$5$0[7:0]$24
     7/19: $0$past$accumulator.v:56$4$0[0:0]$23
     8/19: $0$past$accumulator.v:52$3$0[0:0]$22
     9/19: $0$past$accumulator.v:50$2$0[0:0]$21
    10/19: $0$past$accumulator.v:48$1$0[0:0]$20
    11/19: $0\r_PAST_VALID[0:0]
    12/19: $0$formal$accumulator.v:48$11_EN[0:0]$31
    13/19: $0$formal$accumulator.v:48$11_CHECK[0:0]$30
    14/19: $0$formal$accumulator.v:53$12_EN[0:0]$33
    15/19: $0$formal$accumulator.v:53$12_CHECK[0:0]$32
    16/19: $0$formal$accumulator.v:57$13_EN[0:0]$35
    17/19: $0$formal$accumulator.v:57$13_CHECK[0:0]$34
    18/19: $0$formal$accumulator.v:59$14_EN[0:0]$37
    19/19: $0$formal$accumulator.v:59$14_CHECK[0:0]$36
Creating decoders for process `\accumulator.$proc$accumulator.v:32$15'.
     1/1: $0\o_ACCUMULATION[7:0]

2.2.6. Executing PROC_DLATCH pass (convert process syncs to latches).

2.2.7. Executing PROC_DFF pass (convert process syncs to FFs).
Creating register for signal `\accumulator.\r_PAST_VALID' using process `\accumulator.$proc$accumulator.v:46$19'.
  created $dff cell `$procdff$112' with positive edge clock.
Creating register for signal `\accumulator.$past$accumulator.v:48$1$0' using process `\accumulator.$proc$accumulator.v:46$19'.
  created $dff cell `$procdff$113' with positive edge clock.
Creating register for signal `\accumulator.$past$accumulator.v:50$2$0' using process `\accumulator.$proc$accumulator.v:46$19'.
  created $dff cell `$procdff$114' with positive edge clock.
Creating register for signal `\accumulator.$past$accumulator.v:52$3$0' using process `\accumulator.$proc$accumulator.v:46$19'.
  created $dff cell `$procdff$115' with positive edge clock.
Creating register for signal `\accumulator.$past$accumulator.v:56$4$0' using process `\accumulator.$proc$accumulator.v:46$19'.
  created $dff cell `$procdff$116' with positive edge clock.
Creating register for signal `\accumulator.$past$accumulator.v:56$5$0' using process `\accumulator.$proc$accumulator.v:46$19'.
  created $dff cell `$procdff$117' with positive edge clock.
Creating register for signal `\accumulator.$past$accumulator.v:56$6$0' using process `\accumulator.$proc$accumulator.v:46$19'.
  created $dff cell `$procdff$118' with positive edge clock.
Creating register for signal `\accumulator.$past$accumulator.v:57$7$0' using process `\accumulator.$proc$accumulator.v:46$19'.
  created $dff cell `$procdff$119' with positive edge clock.
Creating register for signal `\accumulator.$past$accumulator.v:57$8$0' using process `\accumulator.$proc$accumulator.v:46$19'.
  created $dff cell `$procdff$120' with positive edge clock.
Creating register for signal `\accumulator.$past$accumulator.v:58$9$0' using process `\accumulator.$proc$accumulator.v:46$19'.
  created $dff cell `$procdff$121' with positive edge clock.
Creating register for signal `\accumulator.$past$accumulator.v:59$10$0' using process `\accumulator.$proc$accumulator.v:46$19'.
  created $dff cell `$procdff$122' with positive edge clock.
Creating register for signal `\accumulator.$formal$accumulator.v:48$11_CHECK' using process `\accumulator.$proc$accumulator.v:46$19'.
  created $dff cell `$procdff$123' with positive edge clock.
Creating register for signal `\accumulator.$formal$accumulator.v:48$11_EN' using process `\accumulator.$proc$accumulator.v:46$19'.
  created $dff cell `$procdff$124' with positive edge clock.
Creating register for signal `\accumulator.$formal$accumulator.v:53$12_CHECK' using process `\accumulator.$proc$accumulator.v:46$19'.
  created $dff cell `$procdff$125' with positive edge clock.
Creating register for signal `\accumulator.$formal$accumulator.v:53$12_EN' using process `\accumulator.$proc$accumulator.v:46$19'.
  created $dff cell `$procdff$126' with positive edge clock.
Creating register for signal `\accumulator.$formal$accumulator.v:57$13_CHECK' using process `\accumulator.$proc$accumulator.v:46$19'.
  created $dff cell `$procdff$127' with positive edge clock.
Creating register for signal `\accumulator.$formal$accumulator.v:57$13_EN' using process `\accumulator.$proc$accumulator.v:46$19'.
  created $dff cell `$procdff$128' with positive edge clock.
Creating register for signal `\accumulator.$formal$accumulator.v:59$14_CHECK' using process `\accumulator.$proc$accumulator.v:46$19'.
  created $dff cell `$procdff$129' with positive edge clock.
Creating register for signal `\accumulator.$formal$accumulator.v:59$14_EN' using process `\accumulator.$proc$accumulator.v:46$19'.
  created $dff cell `$procdff$130' with positive edge clock.
Creating register for signal `\accumulator.\o_ACCUMULATION' using process `\accumulator.$proc$accumulator.v:32$15'.
  created $dff cell `$procdff$131' with positive edge clock.

2.2.8. Executing PROC_CLEAN pass (remove empty switches from decision trees).
Removing empty process `accumulator.$proc$accumulator.v:59$66'.
Removing empty process `accumulator.$proc$accumulator.v:57$64'.
Removing empty process `accumulator.$proc$accumulator.v:53$62'.
Removing empty process `accumulator.$proc$accumulator.v:48$60'.
Removing empty process `accumulator.$proc$accumulator.v:45$59'.
Found and cleaned up 4 empty switches in `\accumulator.$proc$accumulator.v:46$19'.
Removing empty process `accumulator.$proc$accumulator.v:46$19'.
Found and cleaned up 2 empty switches in `\accumulator.$proc$accumulator.v:32$15'.
Removing empty process `accumulator.$proc$accumulator.v:32$15'.
Cleaned up 6 empty switches.

2.3. Executing OPT_EXPR pass (perform const folding).
Optimizing module accumulator.
<suppressed ~9 debug messages>

2.4. Executing OPT_CLEAN pass (remove unused cells and wires).
Finding unused cells or wires in module \accumulator..
Removed 1 unused cells and 49 unused wires.
<suppressed ~2 debug messages>

2.5. Executing CHECK pass (checking for obvious problems).
checking module accumulator..
found and reported 0 problems.

2.6. Executing OPT pass (performing simple optimizations).

2.6.1. Executing OPT_EXPR pass (perform const folding).
Optimizing module accumulator.

2.6.2. Executing OPT_MERGE pass (detect identical cells).
Finding identical cells in module `\accumulator'.
<suppressed ~21 debug messages>
Removed a total of 7 cells.

2.6.3. Executing OPT_MUXTREE pass (detect dead branches in mux trees).
Running muxtree optimizer on module \accumulator..
  Creating internal representation of mux trees.
  Evaluating internal representation of mux trees.
  Analyzing evaluation results.
Removed 0 multiplexer ports.
<suppressed ~7 debug messages>

2.6.4. Executing OPT_REDUCE pass (consolidate $*mux and $reduce_* inputs).
  Optimizing cells in module \accumulator.
Performed a total of 0 changes.

2.6.5. Executing OPT_MERGE pass (detect identical cells).
Finding identical cells in module `\accumulator'.
Removed a total of 0 cells.

2.6.6. Executing OPT_RMDFF pass (remove dff with constant values).

2.6.7. Executing OPT_CLEAN pass (remove unused cells and wires).
Finding unused cells or wires in module \accumulator..
Removed 0 unused cells and 7 unused wires.
<suppressed ~3 debug messages>

2.6.8. Executing OPT_EXPR pass (perform const folding).
Optimizing module accumulator.

2.6.9. Finished OPT passes. (There is nothing left to do.)

2.7. Executing WREDUCE pass (reducing word size of cells).
Removed top 31 bits (of 32) from port B of cell accumulator.$and$accumulator.v:50$40 ($and).
Removed top 31 bits (of 32) from port Y of cell accumulator.$and$accumulator.v:50$40 ($and).
Removed top 31 bits (of 32) from port B of cell accumulator.$and$accumulator.v:50$42 ($and).
Removed top 31 bits (of 32) from port Y of cell accumulator.$and$accumulator.v:50$42 ($and).
Removed top 31 bits (of 32) from wire accumulator.$and$accumulator.v:50$40_Y.
Removed top 31 bits (of 32) from wire accumulator.$and$accumulator.v:50$42_Y.

2.8. Executing MEMORY_DFF pass (merging $dff cells to $memrd and $memwr).

2.9. Executing OPT_CLEAN pass (remove unused cells and wires).
Finding unused cells or wires in module \accumulator..
Removed 0 unused cells and 2 unused wires.
<suppressed ~1 debug messages>

2.10. Executing MEMORY_COLLECT pass (generating $mem cells).

2.11. Executing OPT pass (performing simple optimizations).

2.11.1. Executing OPT_EXPR pass (perform const folding).
Optimizing module accumulator.
<suppressed ~2 debug messages>

2.11.2. Executing OPT_MERGE pass (detect identical cells).
Finding identical cells in module `\accumulator'.
Removed a total of 0 cells.

2.11.3. Executing OPT_RMDFF pass (remove dff with constant values).

2.11.4. Executing OPT_CLEAN pass (remove unused cells and wires).
Finding unused cells or wires in module \accumulator..
Removed 0 unused cells and 2 unused wires.
<suppressed ~1 debug messages>

2.11.5. Finished fast OPT passes.

2.12. Printing statistics.

=== accumulator ===

   Number of wires:                 47
   Number of wire bits:            103
   Number of public wires:           6
   Number of public wire bits:      20
   Number of memories:               0
   Number of memory bits:            0
   Number of processes:              0
   Number of cells:                 47
     $add                            2
     $assert                         3
     $assume                         1
     $dff                           14
     $eq                             2
     $ge                             1
     $logic_and                      3
     $logic_not                      2
     $mux                           18
     $ne                             1

2.13. Executing CHECK pass (checking for obvious problems).
checking module accumulator..
found and reported 0 problems.

3. Executing MEMORY_NORDFF pass (extracting $dff cells from $mem).

4. Executing ASYNC2SYNC pass.

5. Executing OPT_CLEAN pass (remove unused cells and wires).
Finding unused cells or wires in module \accumulator..
Removed 1 unused cells and 1 unused wires.
<suppressed ~2 debug messages>

6. Executing SETUNDEF pass (replace undef values with defined constants).

7. Executing OPT pass (performing simple optimizations).

7.1. Executing OPT_EXPR pass (perform const folding).
Optimizing module accumulator.

7.2. Executing OPT_MERGE pass (detect identical cells).
Finding identical cells in module `\accumulator'.
Removed a total of 0 cells.

7.3. Executing OPT_RMDFF pass (remove dff with constant values).

7.4. Executing OPT_CLEAN pass (remove unused cells and wires).
Finding unused cells or wires in module \accumulator..

7.5. Finished fast OPT passes.

8. Executing CHECK pass (checking for obvious problems).
checking module accumulator..
found and reported 0 problems.

9. Executing HIERARCHY pass (managing design hierarchy).

9.1. Analyzing design hierarchy..
Top module:  \accumulator

9.2. Analyzing design hierarchy..
Top module:  \accumulator
Removed 0 unused modules.
Module accumulator directly or indirectly contains formal properties -> setting "keep" attribute.

10. Executing ILANG backend.
Output filename: ../model/design.il

End of script. Logfile hash: 2796e1d743
CPU: user 0.03s system 0.01s, MEM: 17.91 MB total, 9.55 MB resident
Yosys 0.9 (git sha1 UNKNOWN, clang 9.0.0 -march=x86-64 -mtune=generic -O2 -fno-plt -fPIC -Os)
Time spent: 29% 6x opt_clean (0 sec), 16% 5x opt_expr (0 sec), ...
