
 /----------------------------------------------------------------------------\
 |                                                                            |
 |  yosys -- Yosys Open SYnthesis Suite                                       |
 |                                                                            |
 |  Copyright (C) 2012 - 2020  Claire Wolf <claire@symbioticeda.com>          |
 |                                                                            |
 |  Permission to use, copy, modify, and/or distribute this software for any  |
 |  purpose with or without fee is hereby granted, provided that the above    |
 |  copyright notice and this permission notice appear in all copies.         |
 |                                                                            |
 |  THE SOFTWARE IS PROVIDED "AS IS" AND THE AUTHOR DISCLAIMS ALL WARRANTIES  |
 |  WITH REGARD TO THIS SOFTWARE INCLUDING ALL IMPLIED WARRANTIES OF          |
 |  MERCHANTABILITY AND FITNESS. IN NO EVENT SHALL THE AUTHOR BE LIABLE FOR   |
 |  ANY SPECIAL, DIRECT, INDIRECT, OR CONSEQUENTIAL DAMAGES OR ANY DAMAGES    |
 |  WHATSOEVER RESULTING FROM LOSS OF USE, DATA OR PROFITS, WHETHER IN AN     |
 |  ACTION OF CONTRACT, NEGLIGENCE OR OTHER TORTIOUS ACTION, ARISING OUT OF   |
 |  OR IN CONNECTION WITH THE USE OR PERFORMANCE OF THIS SOFTWARE.            |
 |                                                                            |
 \----------------------------------------------------------------------------/

 Yosys 0.9+1706 (git sha1 c9555c9ade, g++ 9.3.0 -fPIC -Os)


-- Executing script file `design_smt2.ys' --

1. Executing ILANG frontend.
Input filename: design.il

2. Printing statistics.

=== uart_transmitter ===

   Number of wires:                364
   Number of wire bits:            429
   Number of public wires:          12
   Number of public wire bits:      31
   Number of memories:               0
   Number of memory bits:            0
   Number of processes:              0
   Number of cells:                388
     $add                            2
     $anyseq                        99
     $assert                        23
     $assume                         5
     $cover                          1
     $dff                           54
     $eq                            16
     $logic_and                      8
     $logic_not                      5
     $mux                          162
     $ne                             3
     $not                            3
     $pmux                           4
     $reduce_or                      3

3. Executing SMT2 backend.
Creating SMT-LIBv2 representation of module uart_transmitter.

End of script. Logfile hash: 722b13cc08, CPU: user 0.02s system 0.00s, MEM: 13.38 MB peak
Yosys 0.9+1706 (git sha1 c9555c9ade, g++ 9.3.0 -fPIC -Os)
Time spent: 54% 2x write_smt2 (0 sec), 44% 2x read_ilang (0 sec), ...
