
 /----------------------------------------------------------------------------\
 |                                                                            |
 |  yosys -- Yosys Open SYnthesis Suite                                       |
 |                                                                            |
 |  Copyright (C) 2012 - 2019  Clifford Wolf <clifford@clifford.at>           |
 |                                                                            |
 |  Permission to use, copy, modify, and/or distribute this software for any  |
 |  purpose with or without fee is hereby granted, provided that the above    |
 |  copyright notice and this permission notice appear in all copies.         |
 |                                                                            |
 |  THE SOFTWARE IS PROVIDED "AS IS" AND THE AUTHOR DISCLAIMS ALL WARRANTIES  |
 |  WITH REGARD TO THIS SOFTWARE INCLUDING ALL IMPLIED WARRANTIES OF          |
 |  MERCHANTABILITY AND FITNESS. IN NO EVENT SHALL THE AUTHOR BE LIABLE FOR   |
 |  ANY SPECIAL, DIRECT, INDIRECT, OR CONSEQUENTIAL DAMAGES OR ANY DAMAGES    |
 |  WHATSOEVER RESULTING FROM LOSS OF USE, DATA OR PROFITS, WHETHER IN AN     |
 |  ACTION OF CONTRACT, NEGLIGENCE OR OTHER TORTIOUS ACTION, ARISING OUT OF   |
 |  OR IN CONNECTION WITH THE USE OR PERFORMANCE OF THIS SOFTWARE.            |
 |                                                                            |
 \----------------------------------------------------------------------------/

 Yosys 0.9 (git sha1 UNKNOWN, clang 9.0.0 -march=x86-64 -mtune=generic -O2 -fno-plt -fPIC -Os)


-- Executing script file `design_smt2.ys' --

1. Executing ILANG frontend.
Input filename: design.il

2. Printing statistics.

=== accumulator ===

   Number of wires:                 54
   Number of wire bits:            110
   Number of public wires:           6
   Number of public wire bits:      20
   Number of memories:               0
   Number of memory bits:            0
   Number of processes:              0
   Number of cells:                 54
     $add                            2
     $anyseq                         8
     $assert                         3
     $assume                         1
     $dff                           13
     $eq                             2
     $ge                             1
     $logic_and                      3
     $logic_not                      2
     $mux                           18
     $ne                             1

3. Executing SMT2 backend.
Creating SMT-LIBv2 representation of module accumulator.

End of script. Logfile hash: e6fd0840eb
CPU: user 0.01s system 0.00s, MEM: 17.73 MB total, 7.29 MB resident
Yosys 0.9 (git sha1 UNKNOWN, clang 9.0.0 -march=x86-64 -mtune=generic -O2 -fno-plt -fPIC -Os)
Time spent: 61% 2x write_smt2 (0 sec), 34% 2x read_ilang (0 sec), ...
