#! /nix/store/7p6h5ym57vf9g3i9mb4kky7lzvwfli2c-iverilog-unstable-2019-08-01/bin/vvp
:ivl_version "11.0 (devel)";
:ivl_delay_selection "TYPICAL";
:vpi_time_precision + 0;
:vpi_module "system";
:vpi_module "vhdl_sys";
:vpi_module "vhdl_textio";
:vpi_module "v2005_math";
:vpi_module "va_math";
S_0x106b6b0 .scope module, "ftf_sp_tb" "ftf_sp_tb" 2 1;
 .timescale 0 0;
v0x10f08a0_0 .var "r_CLK", 0 0;
v0x10f0960_0 .var/s "r_FIXED_WORD", 31 0;
v0x10f0a00_0 .net/s "w_FLOAT_WORD", 31 0, L_0x10f0d70;  1 drivers
v0x10f0ad0_0 .net "w_INVALID", 0 0, L_0x10c62b0;  1 drivers
S_0x106b290 .scope module, "ftf" "fixed_to_float_sp" 2 12, 3 1 0, S_0x106b6b0;
 .timescale 0 0;
    .port_info 0 /INPUT 1 "i_CLK";
    .port_info 1 /INPUT 32 "i_FIXED_WORD";
    .port_info 2 /OUTPUT 1 "o_INVALID";
    .port_info 3 /OUTPUT 32 "o_FLOAT_WORD";
P_0x10c2e70 .param/l "lp_BIAS" 1 3 19, +C4<00000000000000000000000001111111>;
P_0x10c2eb0 .param/l "p_WORD_WIDTH" 0 3 20, +C4<00000000000000000000000000011111>;
L_0x7f6a243af018 .functor BUFT 1, C4<1>, C4<0>, C4<0>, C4<0>;
L_0x107cbe0 .functor XNOR 1, v0x10f0070_0, L_0x7f6a243af018, C4<0>, C4<0>;
L_0x10c62b0 .functor BUFZ 1, L_0x10fc4d0, C4<0>, C4<0>, C4<0>;
v0x10ef890_0 .net/2u *"_s0", 0 0, L_0x7f6a243af018;  1 drivers
v0x10ef970_0 .net *"_s2", 0 0, L_0x107cbe0;  1 drivers
v0x10efa30_0 .net "i_CLK", 0 0, v0x10f08a0_0;  1 drivers
v0x10efb00_0 .net/s "i_FIXED_WORD", 31 0, v0x10f0960_0;  1 drivers
v0x10efbe0_0 .net/s "o_FLOAT_WORD", 31 0, L_0x10f0d70;  alias, 1 drivers
v0x10efd10_0 .net "o_INVALID", 0 0, L_0x10c62b0;  alias, 1 drivers
v0x10efdd0_0 .var "r_EXPONENT_STAGE_0", 7 0;
v0x10efeb0_0 .var "r_EXPONENT_STAGE_1", 7 0;
v0x10eff90_0 .var "r_MANTISSA", 22 0;
v0x10f0070_0 .var "r_SIGN_STAGE_0", 0 0;
v0x10f0130_0 .var "r_SIGN_STAGE_1", 0 0;
v0x10f01f0_0 .var/s "r_TEMP_REG_0", 31 0;
v0x10f02d0_0 .var/s "r_TEMP_REG_COMPLEMENT", 31 0;
v0x10f03b0_0 .net "w_SHIFT_AMOUNT", 4 0, L_0x10fec10;  1 drivers
v0x10f0470_0 .net/s "w_TEMP_WIRE_0", 31 0, L_0x10f0c80;  1 drivers
v0x10f0580_0 .net/s "w_TEMP_WIRE_1", 31 0, v0x10ef740_0;  1 drivers
v0x10f0640_0 .net "w_ZERO", 0 0, L_0x10fc4d0;  1 drivers
E_0x106e590 .event posedge, v0x10efa30_0;
L_0x10f0c80 .functor MUXZ 32, v0x10f01f0_0, v0x10f02d0_0, L_0x107cbe0, C4<>;
L_0x10f0d70 .concat [ 23 8 1 0], v0x10eff90_0, v0x10efeb0_0, v0x10f0130_0;
S_0x106ace0 .scope module, "clz" "count_leading_zeros" 3 40, 4 3 0, S_0x106b290;
 .timescale 0 0;
    .port_info 0 /INPUT 32 "i_WORD";
    .port_info 1 /OUTPUT 1 "o_ALL_ZEROS";
    .port_info 2 /OUTPUT 5 "o_ZERO_COUNT";
v0x10eebf0_0 .net "i_WORD", 31 0, L_0x10f0c80;  alias, 1 drivers
v0x10eecd0_0 .net "o_ALL_ZEROS", 0 0, L_0x10fc4d0;  alias, 1 drivers
v0x10eed90_0 .net "o_ZERO_COUNT", 4 0, L_0x10fec10;  alias, 1 drivers
v0x10eee30_0 .var "r_LOWER_COUNT_BITS", 1 0;
v0x10eeef0_0 .net "w_NIBBLE_LEAD_ZEROES", 15 0, L_0x10faf90;  1 drivers
v0x10eefd0_0 .net "w_UPPER_COUNT_BITS", 2 0, L_0x10fe740;  1 drivers
v0x10ef090_0 .net "w_ZEROED_NIBBLE", 7 0, L_0x10fac20;  1 drivers
E_0x106e6c0 .event edge, v0x10e1e40_0, v0x10eeef0_0;
L_0x10f2300 .part L_0x10f0c80, 28, 4;
L_0x10f36d0 .part L_0x10f0c80, 24, 4;
L_0x10f4a60 .part L_0x10f0c80, 20, 4;
L_0x10f5d70 .part L_0x10f0c80, 16, 4;
L_0x10f70b0 .part L_0x10f0c80, 12, 4;
L_0x10f84d0 .part L_0x10f0c80, 8, 4;
L_0x10f9820 .part L_0x10f0c80, 4, 4;
L_0x10fab30 .part L_0x10f0c80, 0, 4;
LS_0x10fac20_0_0 .concat8 [ 1 1 1 1], L_0x10f1510, L_0x10f2970, L_0x10f3d00, L_0x10f5090;
LS_0x10fac20_0_4 .concat8 [ 1 1 1 1], L_0x10f63d0, L_0x10f77f0, L_0x10f8b00, L_0x10f9e50;
L_0x10fac20 .concat8 [ 4 4 0 0], LS_0x10fac20_0_0, LS_0x10fac20_0_4;
LS_0x10faf90_0_0 .concat8 [ 2 2 2 2], L_0x10f1600, L_0x10f2a60, L_0x10f3df0, L_0x10f5180;
LS_0x10faf90_0_4 .concat8 [ 2 2 2 2], L_0x10f64c0, L_0x10f78e0, L_0x10f8bf0, L_0x10f9f40;
L_0x10faf90 .concat8 [ 8 8 0 0], LS_0x10faf90_0_0, LS_0x10faf90_0_4;
L_0x10fec10 .concat [ 2 3 0 0], v0x10eee30_0, L_0x10fe740;
S_0x10b4580 .scope module, "bne" "boundary_nibble_encoder" 4 25, 5 2 0, S_0x106ace0;
 .timescale 0 0;
    .port_info 0 /INPUT 8 "i_ZEROED_NIBBLES";
    .port_info 1 /OUTPUT 1 "o_INVALID";
    .port_info 2 /OUTPUT 3 "o_Y";
L_0x10fb4a0 .functor AND 1, L_0x10fb360, L_0x10fb400, C4<1>, C4<1>;
L_0x10fb510 .functor NOT 1, L_0x10fb4a0, C4<0>, C4<0>, C4<0>;
L_0x10fb710 .functor AND 1, L_0x10fb5d0, L_0x10fb670, C4<1>, C4<1>;
L_0x10fb820 .functor NOT 1, L_0x10fb710, C4<0>, C4<0>, C4<0>;
L_0x10fb8e0 .functor OR 1, L_0x10fb510, L_0x10fb820, C4<0>, C4<0>;
L_0x10fb9f0 .functor NOT 1, L_0x10fb8e0, C4<0>, C4<0>, C4<0>;
L_0x10fbd00 .functor AND 1, L_0x10fbab0, L_0x10fbb50, C4<1>, C4<1>;
L_0x10fbe10 .functor NOT 1, L_0x10fbd00, C4<0>, C4<0>, C4<0>;
L_0x10fc0b0 .functor AND 1, L_0x10fbf20, L_0x10fbfc0, C4<1>, C4<1>;
L_0x10fc1c0 .functor NOT 1, L_0x10fc0b0, C4<0>, C4<0>, C4<0>;
L_0x10fc2e0 .functor OR 1, L_0x10fbe10, L_0x10fc1c0, C4<0>, C4<0>;
L_0x10fc3a0 .functor NOT 1, L_0x10fc2e0, C4<0>, C4<0>, C4<0>;
L_0x10fc4d0 .functor AND 1, L_0x10fb9f0, L_0x10fc3a0, C4<1>, C4<1>;
L_0x10fc630 .functor NOT 1, L_0x10fc590, C4<0>, C4<0>, C4<0>;
L_0x10fc460 .functor AND 1, L_0x10fc630, L_0x10fc770, C4<1>, C4<1>;
L_0x10fc8c0 .functor NOT 1, L_0x10fc460, C4<0>, C4<0>, C4<0>;
L_0x10fcbc0 .functor AND 1, L_0x10fca10, L_0x10fcab0, C4<1>, C4<1>;
L_0x10fcd70 .functor AND 1, L_0x10fcbc0, L_0x10fccd0, C4<1>, C4<1>;
L_0x10fcf20 .functor AND 1, L_0x10fcd70, L_0x10fc8c0, C4<1>, C4<1>;
L_0x10fd030 .functor NOT 1, L_0x10fcf20, C4<0>, C4<0>, C4<0>;
L_0x10fcb50 .functor NOT 1, L_0x10fce80, C4<0>, C4<0>, C4<0>;
L_0x10fd520 .functor AND 1, L_0x10fcb50, L_0x10fd480, C4<1>, C4<1>;
L_0x10fd6f0 .functor NOT 1, L_0x10fd520, C4<0>, C4<0>, C4<0>;
L_0x10fd980 .functor AND 1, L_0x10fd7b0, L_0x10fd8e0, C4<1>, C4<1>;
L_0x10fdb60 .functor NOT 1, L_0x10fd980, C4<0>, C4<0>, C4<0>;
L_0x10fdd60 .functor AND 1, L_0x10fdc20, L_0x10fd6f0, C4<1>, C4<1>;
L_0x10fdf50 .functor AND 1, L_0x10fdd60, L_0x10fdb60, C4<1>, C4<1>;
L_0x10fe060 .functor NOT 1, L_0x10fdf50, C4<0>, C4<0>, C4<0>;
L_0x10fe210 .functor BUFZ 1, L_0x10fb9f0, C4<0>, C4<0>, C4<0>;
L_0x10fe280 .functor NOT 1, L_0x10fb820, C4<0>, C4<0>, C4<0>;
L_0x10fe3f0 .functor AND 1, L_0x10fe280, L_0x10fbe10, C4<1>, C4<1>;
L_0x10fe4b0 .functor OR 1, L_0x10fe3f0, L_0x10fb510, C4<0>, C4<0>;
L_0x10fe680 .functor NOT 1, L_0x10fe4b0, C4<0>, C4<0>, C4<0>;
L_0x10fe8d0 .functor AND 1, L_0x10fe060, L_0x10fd030, C4<1>, C4<1>;
L_0x10feb00 .functor NOT 1, L_0x10fe8d0, C4<0>, C4<0>, C4<0>;
v0x109d4c0_0 .net *"_s1", 0 0, L_0x10fb360;  1 drivers
v0x10df840_0 .net *"_s100", 0 0, L_0x10fe3f0;  1 drivers
v0x10df920_0 .net *"_s102", 0 0, L_0x10fe4b0;  1 drivers
v0x10df9e0_0 .net *"_s104", 0 0, L_0x10fe680;  1 drivers
v0x10dfac0_0 .net *"_s109", 0 0, L_0x10fe8d0;  1 drivers
v0x10dfbf0_0 .net *"_s11", 0 0, L_0x10fb670;  1 drivers
v0x10dfcd0_0 .net *"_s111", 0 0, L_0x10feb00;  1 drivers
v0x10dfdb0_0 .net *"_s12", 0 0, L_0x10fb710;  1 drivers
v0x10dfe90_0 .net *"_s16", 0 0, L_0x10fb8e0;  1 drivers
v0x10dff70_0 .net *"_s21", 0 0, L_0x10fbab0;  1 drivers
v0x10e0050_0 .net *"_s23", 0 0, L_0x10fbb50;  1 drivers
v0x10e0130_0 .net *"_s24", 0 0, L_0x10fbd00;  1 drivers
v0x10e0210_0 .net *"_s29", 0 0, L_0x10fbf20;  1 drivers
v0x10e02f0_0 .net *"_s3", 0 0, L_0x10fb400;  1 drivers
v0x10e03d0_0 .net *"_s31", 0 0, L_0x10fbfc0;  1 drivers
v0x10e04b0_0 .net *"_s32", 0 0, L_0x10fc0b0;  1 drivers
v0x10e0590_0 .net *"_s36", 0 0, L_0x10fc2e0;  1 drivers
v0x10e0670_0 .net *"_s4", 0 0, L_0x10fb4a0;  1 drivers
v0x10e0750_0 .net *"_s43", 0 0, L_0x10fc590;  1 drivers
v0x10e0830_0 .net *"_s44", 0 0, L_0x10fc630;  1 drivers
v0x10e0910_0 .net *"_s47", 0 0, L_0x10fc770;  1 drivers
v0x10e09f0_0 .net *"_s48", 0 0, L_0x10fc460;  1 drivers
v0x10e0ad0_0 .net *"_s53", 0 0, L_0x10fca10;  1 drivers
v0x10e0bb0_0 .net *"_s55", 0 0, L_0x10fcab0;  1 drivers
v0x10e0c90_0 .net *"_s56", 0 0, L_0x10fcbc0;  1 drivers
v0x10e0d70_0 .net *"_s59", 0 0, L_0x10fccd0;  1 drivers
v0x10e0e50_0 .net *"_s62", 0 0, L_0x10fcf20;  1 drivers
v0x10e0f30_0 .net *"_s67", 0 0, L_0x10fce80;  1 drivers
v0x10e1010_0 .net *"_s68", 0 0, L_0x10fcb50;  1 drivers
v0x10e10f0_0 .net *"_s71", 0 0, L_0x10fd480;  1 drivers
v0x10e11d0_0 .net *"_s72", 0 0, L_0x10fd520;  1 drivers
v0x10e12b0_0 .net *"_s77", 0 0, L_0x10fd7b0;  1 drivers
v0x10e1390_0 .net *"_s79", 0 0, L_0x10fd8e0;  1 drivers
v0x10e1680_0 .net *"_s80", 0 0, L_0x10fd980;  1 drivers
v0x10e1760_0 .net *"_s85", 0 0, L_0x10fdc20;  1 drivers
v0x10e1840_0 .net *"_s86", 0 0, L_0x10fdd60;  1 drivers
v0x10e1920_0 .net *"_s88", 0 0, L_0x10fdf50;  1 drivers
v0x10e1a00_0 .net *"_s9", 0 0, L_0x10fb5d0;  1 drivers
v0x10e1ae0_0 .net *"_s95", 0 0, L_0x10fe210;  1 drivers
v0x10e1bc0_0 .net *"_s98", 0 0, L_0x10fe280;  1 drivers
v0x10e1ca0_0 .net "i_ZEROED_NIBBLES", 7 0, L_0x10fac20;  alias, 1 drivers
v0x10e1d80_0 .net "o_INVALID", 0 0, L_0x10fc4d0;  alias, 1 drivers
v0x10e1e40_0 .net "o_Y", 2 0, L_0x10fe740;  alias, 1 drivers
v0x10e1f20_0 .net "w_N0", 0 0, L_0x10fb510;  1 drivers
v0x10e1fe0_0 .net "w_N1", 0 0, L_0x10fb820;  1 drivers
v0x10e20a0_0 .net "w_N10", 0 0, L_0x10fd6f0;  1 drivers
v0x10e2160_0 .net "w_N11", 0 0, L_0x10fdb60;  1 drivers
v0x10e2220_0 .net "w_N12", 0 0, L_0x10fe060;  1 drivers
v0x10e22e0_0 .net "w_N3", 0 0, L_0x10fb9f0;  1 drivers
v0x10e23a0_0 .net "w_N4", 0 0, L_0x10fbe10;  1 drivers
v0x10e2460_0 .net "w_N5", 0 0, L_0x10fc1c0;  1 drivers
v0x10e2520_0 .net "w_N6", 0 0, L_0x10fc3a0;  1 drivers
v0x10e25e0_0 .net "w_N7", 0 0, L_0x10fc8c0;  1 drivers
v0x10e26a0_0 .net "w_N8", 0 0, L_0x10fcd70;  1 drivers
v0x10e2760_0 .net "w_N9", 0 0, L_0x10fd030;  1 drivers
L_0x10fb360 .part L_0x10fac20, 0, 1;
L_0x10fb400 .part L_0x10fac20, 1, 1;
L_0x10fb5d0 .part L_0x10fac20, 2, 1;
L_0x10fb670 .part L_0x10fac20, 3, 1;
L_0x10fbab0 .part L_0x10fac20, 4, 1;
L_0x10fbb50 .part L_0x10fac20, 5, 1;
L_0x10fbf20 .part L_0x10fac20, 6, 1;
L_0x10fbfc0 .part L_0x10fac20, 7, 1;
L_0x10fc590 .part L_0x10fac20, 6, 1;
L_0x10fc770 .part L_0x10fac20, 5, 1;
L_0x10fca10 .part L_0x10fac20, 0, 1;
L_0x10fcab0 .part L_0x10fac20, 2, 1;
L_0x10fccd0 .part L_0x10fac20, 4, 1;
L_0x10fce80 .part L_0x10fac20, 2, 1;
L_0x10fd480 .part L_0x10fac20, 1, 1;
L_0x10fd7b0 .part L_0x10fac20, 3, 1;
L_0x10fd8e0 .part L_0x10fac20, 1, 1;
L_0x10fdc20 .part L_0x10fac20, 0, 1;
L_0x10fe740 .concat8 [ 1 1 1 0], L_0x10feb00, L_0x10fe680, L_0x10fe210;
S_0x10e28a0 .scope generate, "genblk1[0]" "genblk1[0]" 4 16, 4 16 0, S_0x106ace0;
 .timescale 0 0;
P_0x10e2a50 .param/l "idx" 0 4 16, +C4<00>;
S_0x10e2b10 .scope module, "nlc_xx" "nibble_local_count" 4 17, 6 1 0, S_0x10e28a0;
 .timescale 0 0;
    .port_info 0 /INPUT 4 "i_INPUT_NIBBLE";
    .port_info 1 /OUTPUT 1 "o_ALL_ZEROS";
    .port_info 2 /OUTPUT 2 "o_ZERO_COUNT";
L_0x10c6320 .functor OR 1, L_0x10f0f40, L_0x10f1010, C4<0>, C4<0>;
L_0x10f1270 .functor OR 1, L_0x10c6320, L_0x10f11d0, C4<0>, C4<0>;
L_0x10f1450 .functor OR 1, L_0x10f1270, L_0x10f1380, C4<0>, C4<0>;
L_0x10f1510 .functor NOT 1, L_0x10f1450, C4<0>, C4<0>, C4<0>;
L_0x10f1880 .functor OR 1, L_0x10f16d0, L_0x10f17e0, C4<0>, C4<0>;
L_0x10f19c0 .functor NOT 1, L_0x10f1880, C4<0>, C4<0>, C4<0>;
L_0x10f1c00 .functor NOT 1, L_0x10f1b10, C4<0>, C4<0>, C4<0>;
L_0x10f1e70 .functor AND 1, L_0x10f1c00, L_0x10f1cc0, C4<1>, C4<1>;
L_0x10f20d0 .functor OR 1, L_0x10f1e70, L_0x10f1fd0, C4<0>, C4<0>;
L_0x10f2190 .functor NOT 1, L_0x10f20d0, C4<0>, C4<0>, C4<0>;
v0x10e2d60_0 .net "Z_0", 0 0, L_0x10f2190;  1 drivers
v0x10e2e40_0 .net "Z_1", 0 0, L_0x10f19c0;  1 drivers
v0x10e2f00_0 .net *"_s1", 0 0, L_0x10f0f40;  1 drivers
v0x10e2fc0_0 .net *"_s11", 0 0, L_0x10f1380;  1 drivers
v0x10e30a0_0 .net *"_s12", 0 0, L_0x10f1450;  1 drivers
v0x10e31d0_0 .net *"_s19", 0 0, L_0x10f16d0;  1 drivers
v0x10e32b0_0 .net *"_s21", 0 0, L_0x10f17e0;  1 drivers
v0x10e3390_0 .net *"_s22", 0 0, L_0x10f1880;  1 drivers
v0x10e3470_0 .net *"_s27", 0 0, L_0x10f1b10;  1 drivers
v0x10e3550_0 .net *"_s28", 0 0, L_0x10f1c00;  1 drivers
v0x10e3630_0 .net *"_s3", 0 0, L_0x10f1010;  1 drivers
v0x10e3710_0 .net *"_s31", 0 0, L_0x10f1cc0;  1 drivers
v0x10e37f0_0 .net *"_s32", 0 0, L_0x10f1e70;  1 drivers
v0x10e38d0_0 .net *"_s35", 0 0, L_0x10f1fd0;  1 drivers
v0x10e39b0_0 .net *"_s36", 0 0, L_0x10f20d0;  1 drivers
v0x10e3a90_0 .net *"_s4", 0 0, L_0x10c6320;  1 drivers
v0x10e3b70_0 .net *"_s7", 0 0, L_0x10f11d0;  1 drivers
v0x10e3c50_0 .net *"_s8", 0 0, L_0x10f1270;  1 drivers
v0x10e3d30_0 .net "i_INPUT_NIBBLE", 3 0, L_0x10f2300;  1 drivers
v0x10e3e10_0 .net "o_ALL_ZEROS", 0 0, L_0x10f1510;  1 drivers
v0x10e3ed0_0 .net "o_ZERO_COUNT", 1 0, L_0x10f1600;  1 drivers
L_0x10f0f40 .part L_0x10f2300, 3, 1;
L_0x10f1010 .part L_0x10f2300, 2, 1;
L_0x10f11d0 .part L_0x10f2300, 1, 1;
L_0x10f1380 .part L_0x10f2300, 0, 1;
L_0x10f1600 .concat [ 1 1 0 0], L_0x10f2190, L_0x10f19c0;
L_0x10f16d0 .part L_0x10f2300, 3, 1;
L_0x10f17e0 .part L_0x10f2300, 2, 1;
L_0x10f1b10 .part L_0x10f2300, 2, 1;
L_0x10f1cc0 .part L_0x10f2300, 1, 1;
L_0x10f1fd0 .part L_0x10f2300, 3, 1;
S_0x10e4030 .scope generate, "genblk1[1]" "genblk1[1]" 4 16, 4 16 0, S_0x106ace0;
 .timescale 0 0;
P_0x10e41c0 .param/l "idx" 0 4 16, +C4<01>;
S_0x10e4280 .scope module, "nlc_xx" "nibble_local_count" 4 17, 6 1 0, S_0x10e4030;
 .timescale 0 0;
    .port_info 0 /INPUT 4 "i_INPUT_NIBBLE";
    .port_info 1 /OUTPUT 1 "o_ALL_ZEROS";
    .port_info 2 /OUTPUT 2 "o_ZERO_COUNT";
L_0x10f24e0 .functor OR 1, L_0x10f23a0, L_0x10f2440, C4<0>, C4<0>;
L_0x10f2640 .functor OR 1, L_0x10f24e0, L_0x10f25a0, C4<0>, C4<0>;
L_0x10f28b0 .functor OR 1, L_0x10f2640, L_0x10f2750, C4<0>, C4<0>;
L_0x10f2970 .functor NOT 1, L_0x10f28b0, C4<0>, C4<0>, C4<0>;
L_0x10f2c80 .functor OR 1, L_0x10f2b00, L_0x10f2be0, C4<0>, C4<0>;
L_0x10f2d90 .functor NOT 1, L_0x10f2c80, C4<0>, C4<0>, C4<0>;
L_0x10f2fd0 .functor NOT 1, L_0x10f2ee0, C4<0>, C4<0>, C4<0>;
L_0x10f3240 .functor AND 1, L_0x10f2fd0, L_0x10f3090, C4<1>, C4<1>;
L_0x10f34a0 .functor OR 1, L_0x10f3240, L_0x10f33a0, C4<0>, C4<0>;
L_0x10f3560 .functor NOT 1, L_0x10f34a0, C4<0>, C4<0>, C4<0>;
v0x10e44d0_0 .net "Z_0", 0 0, L_0x10f3560;  1 drivers
v0x10e45b0_0 .net "Z_1", 0 0, L_0x10f2d90;  1 drivers
v0x10e4670_0 .net *"_s1", 0 0, L_0x10f23a0;  1 drivers
v0x10e4730_0 .net *"_s11", 0 0, L_0x10f2750;  1 drivers
v0x10e4810_0 .net *"_s12", 0 0, L_0x10f28b0;  1 drivers
v0x10e4940_0 .net *"_s19", 0 0, L_0x10f2b00;  1 drivers
v0x10e4a20_0 .net *"_s21", 0 0, L_0x10f2be0;  1 drivers
v0x10e4b00_0 .net *"_s22", 0 0, L_0x10f2c80;  1 drivers
v0x10e4be0_0 .net *"_s27", 0 0, L_0x10f2ee0;  1 drivers
v0x10e4cc0_0 .net *"_s28", 0 0, L_0x10f2fd0;  1 drivers
v0x10e4da0_0 .net *"_s3", 0 0, L_0x10f2440;  1 drivers
v0x10e4e80_0 .net *"_s31", 0 0, L_0x10f3090;  1 drivers
v0x10e4f60_0 .net *"_s32", 0 0, L_0x10f3240;  1 drivers
v0x10e5040_0 .net *"_s35", 0 0, L_0x10f33a0;  1 drivers
v0x10e5120_0 .net *"_s36", 0 0, L_0x10f34a0;  1 drivers
v0x10e5200_0 .net *"_s4", 0 0, L_0x10f24e0;  1 drivers
v0x10e52e0_0 .net *"_s7", 0 0, L_0x10f25a0;  1 drivers
v0x10e53c0_0 .net *"_s8", 0 0, L_0x10f2640;  1 drivers
v0x10e54a0_0 .net "i_INPUT_NIBBLE", 3 0, L_0x10f36d0;  1 drivers
v0x10e5580_0 .net "o_ALL_ZEROS", 0 0, L_0x10f2970;  1 drivers
v0x10e5640_0 .net "o_ZERO_COUNT", 1 0, L_0x10f2a60;  1 drivers
L_0x10f23a0 .part L_0x10f36d0, 3, 1;
L_0x10f2440 .part L_0x10f36d0, 2, 1;
L_0x10f25a0 .part L_0x10f36d0, 1, 1;
L_0x10f2750 .part L_0x10f36d0, 0, 1;
L_0x10f2a60 .concat [ 1 1 0 0], L_0x10f3560, L_0x10f2d90;
L_0x10f2b00 .part L_0x10f36d0, 3, 1;
L_0x10f2be0 .part L_0x10f36d0, 2, 1;
L_0x10f2ee0 .part L_0x10f36d0, 2, 1;
L_0x10f3090 .part L_0x10f36d0, 1, 1;
L_0x10f33a0 .part L_0x10f36d0, 3, 1;
S_0x10e57a0 .scope generate, "genblk1[2]" "genblk1[2]" 4 16, 4 16 0, S_0x106ace0;
 .timescale 0 0;
P_0x10e5930 .param/l "idx" 0 4 16, +C4<010>;
S_0x10e5a10 .scope module, "nlc_xx" "nibble_local_count" 4 17, 6 1 0, S_0x10e57a0;
 .timescale 0 0;
    .port_info 0 /INPUT 4 "i_INPUT_NIBBLE";
    .port_info 1 /OUTPUT 1 "o_ALL_ZEROS";
    .port_info 2 /OUTPUT 2 "o_ZERO_COUNT";
L_0x10f38b0 .functor OR 1, L_0x10f3770, L_0x10f3810, C4<0>, C4<0>;
L_0x10f3a60 .functor OR 1, L_0x10f38b0, L_0x10f39c0, C4<0>, C4<0>;
L_0x10f3c40 .functor OR 1, L_0x10f3a60, L_0x10f3b70, C4<0>, C4<0>;
L_0x10f3d00 .functor NOT 1, L_0x10f3c40, C4<0>, C4<0>, C4<0>;
L_0x10f4010 .functor OR 1, L_0x10f3e90, L_0x10f3f70, C4<0>, C4<0>;
L_0x10f4120 .functor NOT 1, L_0x10f4010, C4<0>, C4<0>, C4<0>;
L_0x10f4360 .functor NOT 1, L_0x10f4270, C4<0>, C4<0>, C4<0>;
L_0x10f45d0 .functor AND 1, L_0x10f4360, L_0x10f4420, C4<1>, C4<1>;
L_0x10f4830 .functor OR 1, L_0x10f45d0, L_0x10f4730, C4<0>, C4<0>;
L_0x10f48f0 .functor NOT 1, L_0x10f4830, C4<0>, C4<0>, C4<0>;
v0x10e5c60_0 .net "Z_0", 0 0, L_0x10f48f0;  1 drivers
v0x10e5d40_0 .net "Z_1", 0 0, L_0x10f4120;  1 drivers
v0x10e5e00_0 .net *"_s1", 0 0, L_0x10f3770;  1 drivers
v0x10e5ec0_0 .net *"_s11", 0 0, L_0x10f3b70;  1 drivers
v0x10e5fa0_0 .net *"_s12", 0 0, L_0x10f3c40;  1 drivers
v0x10e60d0_0 .net *"_s19", 0 0, L_0x10f3e90;  1 drivers
v0x10e61b0_0 .net *"_s21", 0 0, L_0x10f3f70;  1 drivers
v0x10e6290_0 .net *"_s22", 0 0, L_0x10f4010;  1 drivers
v0x10e6370_0 .net *"_s27", 0 0, L_0x10f4270;  1 drivers
v0x10e6450_0 .net *"_s28", 0 0, L_0x10f4360;  1 drivers
v0x10e6530_0 .net *"_s3", 0 0, L_0x10f3810;  1 drivers
v0x10e6610_0 .net *"_s31", 0 0, L_0x10f4420;  1 drivers
v0x10e66f0_0 .net *"_s32", 0 0, L_0x10f45d0;  1 drivers
v0x10e67d0_0 .net *"_s35", 0 0, L_0x10f4730;  1 drivers
v0x10e68b0_0 .net *"_s36", 0 0, L_0x10f4830;  1 drivers
v0x10e6990_0 .net *"_s4", 0 0, L_0x10f38b0;  1 drivers
v0x10e6a70_0 .net *"_s7", 0 0, L_0x10f39c0;  1 drivers
v0x10e6c60_0 .net *"_s8", 0 0, L_0x10f3a60;  1 drivers
v0x10e6d40_0 .net "i_INPUT_NIBBLE", 3 0, L_0x10f4a60;  1 drivers
v0x10e6e20_0 .net "o_ALL_ZEROS", 0 0, L_0x10f3d00;  1 drivers
v0x10e6ee0_0 .net "o_ZERO_COUNT", 1 0, L_0x10f3df0;  1 drivers
L_0x10f3770 .part L_0x10f4a60, 3, 1;
L_0x10f3810 .part L_0x10f4a60, 2, 1;
L_0x10f39c0 .part L_0x10f4a60, 1, 1;
L_0x10f3b70 .part L_0x10f4a60, 0, 1;
L_0x10f3df0 .concat [ 1 1 0 0], L_0x10f48f0, L_0x10f4120;
L_0x10f3e90 .part L_0x10f4a60, 3, 1;
L_0x10f3f70 .part L_0x10f4a60, 2, 1;
L_0x10f4270 .part L_0x10f4a60, 2, 1;
L_0x10f4420 .part L_0x10f4a60, 1, 1;
L_0x10f4730 .part L_0x10f4a60, 3, 1;
S_0x10e7040 .scope generate, "genblk1[3]" "genblk1[3]" 4 16, 4 16 0, S_0x106ace0;
 .timescale 0 0;
P_0x10e7220 .param/l "idx" 0 4 16, +C4<011>;
S_0x10e7300 .scope module, "nlc_xx" "nibble_local_count" 4 17, 6 1 0, S_0x10e7040;
 .timescale 0 0;
    .port_info 0 /INPUT 4 "i_INPUT_NIBBLE";
    .port_info 1 /OUTPUT 1 "o_ALL_ZEROS";
    .port_info 2 /OUTPUT 2 "o_ZERO_COUNT";
L_0x10f4c40 .functor OR 1, L_0x10f4b00, L_0x10f4ba0, C4<0>, C4<0>;
L_0x10f4df0 .functor OR 1, L_0x10f4c40, L_0x10f4d50, C4<0>, C4<0>;
L_0x10f4fd0 .functor OR 1, L_0x10f4df0, L_0x10f4f00, C4<0>, C4<0>;
L_0x10f5090 .functor NOT 1, L_0x10f4fd0, C4<0>, C4<0>, C4<0>;
L_0x10f5360 .functor OR 1, L_0x10f5220, L_0x10f52c0, C4<0>, C4<0>;
L_0x10f5470 .functor NOT 1, L_0x10f5360, C4<0>, C4<0>, C4<0>;
L_0x10f5670 .functor NOT 1, L_0x10f5580, C4<0>, C4<0>, C4<0>;
L_0x10f58e0 .functor AND 1, L_0x10f5670, L_0x10f5730, C4<1>, C4<1>;
L_0x10f5b40 .functor OR 1, L_0x10f58e0, L_0x10f5a40, C4<0>, C4<0>;
L_0x10f5c00 .functor NOT 1, L_0x10f5b40, C4<0>, C4<0>, C4<0>;
v0x10e7550_0 .net "Z_0", 0 0, L_0x10f5c00;  1 drivers
v0x10e7630_0 .net "Z_1", 0 0, L_0x10f5470;  1 drivers
v0x10e76f0_0 .net *"_s1", 0 0, L_0x10f4b00;  1 drivers
v0x10e77b0_0 .net *"_s11", 0 0, L_0x10f4f00;  1 drivers
v0x10e7890_0 .net *"_s12", 0 0, L_0x10f4fd0;  1 drivers
v0x10e79c0_0 .net *"_s19", 0 0, L_0x10f5220;  1 drivers
v0x10e7aa0_0 .net *"_s21", 0 0, L_0x10f52c0;  1 drivers
v0x10e7b80_0 .net *"_s22", 0 0, L_0x10f5360;  1 drivers
v0x10e7c60_0 .net *"_s27", 0 0, L_0x10f5580;  1 drivers
v0x10e7d40_0 .net *"_s28", 0 0, L_0x10f5670;  1 drivers
v0x10e7e20_0 .net *"_s3", 0 0, L_0x10f4ba0;  1 drivers
v0x10e7f00_0 .net *"_s31", 0 0, L_0x10f5730;  1 drivers
v0x10e7fe0_0 .net *"_s32", 0 0, L_0x10f58e0;  1 drivers
v0x10e80c0_0 .net *"_s35", 0 0, L_0x10f5a40;  1 drivers
v0x10e81a0_0 .net *"_s36", 0 0, L_0x10f5b40;  1 drivers
v0x10e8280_0 .net *"_s4", 0 0, L_0x10f4c40;  1 drivers
v0x10e8360_0 .net *"_s7", 0 0, L_0x10f4d50;  1 drivers
v0x10e8550_0 .net *"_s8", 0 0, L_0x10f4df0;  1 drivers
v0x10e8630_0 .net "i_INPUT_NIBBLE", 3 0, L_0x10f5d70;  1 drivers
v0x10e8710_0 .net "o_ALL_ZEROS", 0 0, L_0x10f5090;  1 drivers
v0x10e87d0_0 .net "o_ZERO_COUNT", 1 0, L_0x10f5180;  1 drivers
L_0x10f4b00 .part L_0x10f5d70, 3, 1;
L_0x10f4ba0 .part L_0x10f5d70, 2, 1;
L_0x10f4d50 .part L_0x10f5d70, 1, 1;
L_0x10f4f00 .part L_0x10f5d70, 0, 1;
L_0x10f5180 .concat [ 1 1 0 0], L_0x10f5c00, L_0x10f5470;
L_0x10f5220 .part L_0x10f5d70, 3, 1;
L_0x10f52c0 .part L_0x10f5d70, 2, 1;
L_0x10f5580 .part L_0x10f5d70, 2, 1;
L_0x10f5730 .part L_0x10f5d70, 1, 1;
L_0x10f5a40 .part L_0x10f5d70, 3, 1;
S_0x10e8930 .scope generate, "genblk1[4]" "genblk1[4]" 4 16, 4 16 0, S_0x106ace0;
 .timescale 0 0;
P_0x10e8ac0 .param/l "idx" 0 4 16, +C4<0100>;
S_0x10e8ba0 .scope module, "nlc_xx" "nibble_local_count" 4 17, 6 1 0, S_0x10e8930;
 .timescale 0 0;
    .port_info 0 /INPUT 4 "i_INPUT_NIBBLE";
    .port_info 1 /OUTPUT 1 "o_ALL_ZEROS";
    .port_info 2 /OUTPUT 2 "o_ZERO_COUNT";
L_0x10f5f80 .functor OR 1, L_0x10f5e40, L_0x10f5ee0, C4<0>, C4<0>;
L_0x10f6130 .functor OR 1, L_0x10f5f80, L_0x10f6090, C4<0>, C4<0>;
L_0x10f6310 .functor OR 1, L_0x10f6130, L_0x10f6240, C4<0>, C4<0>;
L_0x10f63d0 .functor NOT 1, L_0x10f6310, C4<0>, C4<0>, C4<0>;
L_0x10f66a0 .functor OR 1, L_0x10f6560, L_0x10f6600, C4<0>, C4<0>;
L_0x10f67b0 .functor NOT 1, L_0x10f66a0, C4<0>, C4<0>, C4<0>;
L_0x10f69b0 .functor NOT 1, L_0x10f68c0, C4<0>, C4<0>, C4<0>;
L_0x10f6c20 .functor AND 1, L_0x10f69b0, L_0x10f6a70, C4<1>, C4<1>;
L_0x10f6e80 .functor OR 1, L_0x10f6c20, L_0x10f6d80, C4<0>, C4<0>;
L_0x10f6f40 .functor NOT 1, L_0x10f6e80, C4<0>, C4<0>, C4<0>;
v0x10e8df0_0 .net "Z_0", 0 0, L_0x10f6f40;  1 drivers
v0x10e8ed0_0 .net "Z_1", 0 0, L_0x10f67b0;  1 drivers
v0x10e8f90_0 .net *"_s1", 0 0, L_0x10f5e40;  1 drivers
v0x10e9050_0 .net *"_s11", 0 0, L_0x10f6240;  1 drivers
v0x10e9130_0 .net *"_s12", 0 0, L_0x10f6310;  1 drivers
v0x10e9260_0 .net *"_s19", 0 0, L_0x10f6560;  1 drivers
v0x10e9340_0 .net *"_s21", 0 0, L_0x10f6600;  1 drivers
v0x10e9420_0 .net *"_s22", 0 0, L_0x10f66a0;  1 drivers
v0x10e9500_0 .net *"_s27", 0 0, L_0x10f68c0;  1 drivers
v0x10e95e0_0 .net *"_s28", 0 0, L_0x10f69b0;  1 drivers
v0x10e96c0_0 .net *"_s3", 0 0, L_0x10f5ee0;  1 drivers
v0x10e97a0_0 .net *"_s31", 0 0, L_0x10f6a70;  1 drivers
v0x10e9880_0 .net *"_s32", 0 0, L_0x10f6c20;  1 drivers
v0x10e9960_0 .net *"_s35", 0 0, L_0x10f6d80;  1 drivers
v0x10e9a40_0 .net *"_s36", 0 0, L_0x10f6e80;  1 drivers
v0x10e9b20_0 .net *"_s4", 0 0, L_0x10f5f80;  1 drivers
v0x10e9c00_0 .net *"_s7", 0 0, L_0x10f6090;  1 drivers
v0x10e9df0_0 .net *"_s8", 0 0, L_0x10f6130;  1 drivers
v0x10e9ed0_0 .net "i_INPUT_NIBBLE", 3 0, L_0x10f70b0;  1 drivers
v0x10e9fb0_0 .net "o_ALL_ZEROS", 0 0, L_0x10f63d0;  1 drivers
v0x10ea070_0 .net "o_ZERO_COUNT", 1 0, L_0x10f64c0;  1 drivers
L_0x10f5e40 .part L_0x10f70b0, 3, 1;
L_0x10f5ee0 .part L_0x10f70b0, 2, 1;
L_0x10f6090 .part L_0x10f70b0, 1, 1;
L_0x10f6240 .part L_0x10f70b0, 0, 1;
L_0x10f64c0 .concat [ 1 1 0 0], L_0x10f6f40, L_0x10f67b0;
L_0x10f6560 .part L_0x10f70b0, 3, 1;
L_0x10f6600 .part L_0x10f70b0, 2, 1;
L_0x10f68c0 .part L_0x10f70b0, 2, 1;
L_0x10f6a70 .part L_0x10f70b0, 1, 1;
L_0x10f6d80 .part L_0x10f70b0, 3, 1;
S_0x10ea1d0 .scope generate, "genblk1[5]" "genblk1[5]" 4 16, 4 16 0, S_0x106ace0;
 .timescale 0 0;
P_0x10ea360 .param/l "idx" 0 4 16, +C4<0101>;
S_0x10ea440 .scope module, "nlc_xx" "nibble_local_count" 4 17, 6 1 0, S_0x10ea1d0;
 .timescale 0 0;
    .port_info 0 /INPUT 4 "i_INPUT_NIBBLE";
    .port_info 1 /OUTPUT 1 "o_ALL_ZEROS";
    .port_info 2 /OUTPUT 2 "o_ZERO_COUNT";
L_0x10f73a0 .functor OR 1, L_0x10f7260, L_0x10f7300, C4<0>, C4<0>;
L_0x10f7550 .functor OR 1, L_0x10f73a0, L_0x10f74b0, C4<0>, C4<0>;
L_0x10f7730 .functor OR 1, L_0x10f7550, L_0x10f7660, C4<0>, C4<0>;
L_0x10f77f0 .functor NOT 1, L_0x10f7730, C4<0>, C4<0>, C4<0>;
L_0x10f7ac0 .functor OR 1, L_0x10f7980, L_0x10f7a20, C4<0>, C4<0>;
L_0x10f7bd0 .functor NOT 1, L_0x10f7ac0, C4<0>, C4<0>, C4<0>;
L_0x10f7dd0 .functor NOT 1, L_0x10f7ce0, C4<0>, C4<0>, C4<0>;
L_0x10f8040 .functor AND 1, L_0x10f7dd0, L_0x10f7e90, C4<1>, C4<1>;
L_0x10f82a0 .functor OR 1, L_0x10f8040, L_0x10f81a0, C4<0>, C4<0>;
L_0x10f8360 .functor NOT 1, L_0x10f82a0, C4<0>, C4<0>, C4<0>;
v0x10ea690_0 .net "Z_0", 0 0, L_0x10f8360;  1 drivers
v0x10ea770_0 .net "Z_1", 0 0, L_0x10f7bd0;  1 drivers
v0x10ea830_0 .net *"_s1", 0 0, L_0x10f7260;  1 drivers
v0x10ea8f0_0 .net *"_s11", 0 0, L_0x10f7660;  1 drivers
v0x10ea9d0_0 .net *"_s12", 0 0, L_0x10f7730;  1 drivers
v0x10eab00_0 .net *"_s19", 0 0, L_0x10f7980;  1 drivers
v0x10eabe0_0 .net *"_s21", 0 0, L_0x10f7a20;  1 drivers
v0x10eacc0_0 .net *"_s22", 0 0, L_0x10f7ac0;  1 drivers
v0x10eada0_0 .net *"_s27", 0 0, L_0x10f7ce0;  1 drivers
v0x10eae80_0 .net *"_s28", 0 0, L_0x10f7dd0;  1 drivers
v0x10eaf60_0 .net *"_s3", 0 0, L_0x10f7300;  1 drivers
v0x10eb040_0 .net *"_s31", 0 0, L_0x10f7e90;  1 drivers
v0x10eb120_0 .net *"_s32", 0 0, L_0x10f8040;  1 drivers
v0x10eb200_0 .net *"_s35", 0 0, L_0x10f81a0;  1 drivers
v0x10eb2e0_0 .net *"_s36", 0 0, L_0x10f82a0;  1 drivers
v0x10eb3c0_0 .net *"_s4", 0 0, L_0x10f73a0;  1 drivers
v0x10eb4a0_0 .net *"_s7", 0 0, L_0x10f74b0;  1 drivers
v0x10eb690_0 .net *"_s8", 0 0, L_0x10f7550;  1 drivers
v0x10eb770_0 .net "i_INPUT_NIBBLE", 3 0, L_0x10f84d0;  1 drivers
v0x10eb850_0 .net "o_ALL_ZEROS", 0 0, L_0x10f77f0;  1 drivers
v0x10eb910_0 .net "o_ZERO_COUNT", 1 0, L_0x10f78e0;  1 drivers
L_0x10f7260 .part L_0x10f84d0, 3, 1;
L_0x10f7300 .part L_0x10f84d0, 2, 1;
L_0x10f74b0 .part L_0x10f84d0, 1, 1;
L_0x10f7660 .part L_0x10f84d0, 0, 1;
L_0x10f78e0 .concat [ 1 1 0 0], L_0x10f8360, L_0x10f7bd0;
L_0x10f7980 .part L_0x10f84d0, 3, 1;
L_0x10f7a20 .part L_0x10f84d0, 2, 1;
L_0x10f7ce0 .part L_0x10f84d0, 2, 1;
L_0x10f7e90 .part L_0x10f84d0, 1, 1;
L_0x10f81a0 .part L_0x10f84d0, 3, 1;
S_0x10eba70 .scope generate, "genblk1[6]" "genblk1[6]" 4 16, 4 16 0, S_0x106ace0;
 .timescale 0 0;
P_0x10ebc00 .param/l "idx" 0 4 16, +C4<0110>;
S_0x10ebce0 .scope module, "nlc_xx" "nibble_local_count" 4 17, 6 1 0, S_0x10eba70;
 .timescale 0 0;
    .port_info 0 /INPUT 4 "i_INPUT_NIBBLE";
    .port_info 1 /OUTPUT 1 "o_ALL_ZEROS";
    .port_info 2 /OUTPUT 2 "o_ZERO_COUNT";
L_0x10f86b0 .functor OR 1, L_0x10f8570, L_0x10f8610, C4<0>, C4<0>;
L_0x10f8860 .functor OR 1, L_0x10f86b0, L_0x10f87c0, C4<0>, C4<0>;
L_0x10f8a40 .functor OR 1, L_0x10f8860, L_0x10f8970, C4<0>, C4<0>;
L_0x10f8b00 .functor NOT 1, L_0x10f8a40, C4<0>, C4<0>, C4<0>;
L_0x10f8dd0 .functor OR 1, L_0x10f8c90, L_0x10f8d30, C4<0>, C4<0>;
L_0x10f8ee0 .functor NOT 1, L_0x10f8dd0, C4<0>, C4<0>, C4<0>;
L_0x10f9120 .functor NOT 1, L_0x10f9030, C4<0>, C4<0>, C4<0>;
L_0x10f9390 .functor AND 1, L_0x10f9120, L_0x10f91e0, C4<1>, C4<1>;
L_0x10f95f0 .functor OR 1, L_0x10f9390, L_0x10f94f0, C4<0>, C4<0>;
L_0x10f96b0 .functor NOT 1, L_0x10f95f0, C4<0>, C4<0>, C4<0>;
v0x10ebf30_0 .net "Z_0", 0 0, L_0x10f96b0;  1 drivers
v0x10ec010_0 .net "Z_1", 0 0, L_0x10f8ee0;  1 drivers
v0x10ec0d0_0 .net *"_s1", 0 0, L_0x10f8570;  1 drivers
v0x10ec190_0 .net *"_s11", 0 0, L_0x10f8970;  1 drivers
v0x10ec270_0 .net *"_s12", 0 0, L_0x10f8a40;  1 drivers
v0x10ec3a0_0 .net *"_s19", 0 0, L_0x10f8c90;  1 drivers
v0x10ec480_0 .net *"_s21", 0 0, L_0x10f8d30;  1 drivers
v0x10ec560_0 .net *"_s22", 0 0, L_0x10f8dd0;  1 drivers
v0x10ec640_0 .net *"_s27", 0 0, L_0x10f9030;  1 drivers
v0x10ec720_0 .net *"_s28", 0 0, L_0x10f9120;  1 drivers
v0x10ec800_0 .net *"_s3", 0 0, L_0x10f8610;  1 drivers
v0x10ec8e0_0 .net *"_s31", 0 0, L_0x10f91e0;  1 drivers
v0x10ec9c0_0 .net *"_s32", 0 0, L_0x10f9390;  1 drivers
v0x10ecaa0_0 .net *"_s35", 0 0, L_0x10f94f0;  1 drivers
v0x10ecb80_0 .net *"_s36", 0 0, L_0x10f95f0;  1 drivers
v0x10ecc60_0 .net *"_s4", 0 0, L_0x10f86b0;  1 drivers
v0x10ecd40_0 .net *"_s7", 0 0, L_0x10f87c0;  1 drivers
v0x10ecf30_0 .net *"_s8", 0 0, L_0x10f8860;  1 drivers
v0x10ed010_0 .net "i_INPUT_NIBBLE", 3 0, L_0x10f9820;  1 drivers
v0x10ed0f0_0 .net "o_ALL_ZEROS", 0 0, L_0x10f8b00;  1 drivers
v0x10ed1b0_0 .net "o_ZERO_COUNT", 1 0, L_0x10f8bf0;  1 drivers
L_0x10f8570 .part L_0x10f9820, 3, 1;
L_0x10f8610 .part L_0x10f9820, 2, 1;
L_0x10f87c0 .part L_0x10f9820, 1, 1;
L_0x10f8970 .part L_0x10f9820, 0, 1;
L_0x10f8bf0 .concat [ 1 1 0 0], L_0x10f96b0, L_0x10f8ee0;
L_0x10f8c90 .part L_0x10f9820, 3, 1;
L_0x10f8d30 .part L_0x10f9820, 2, 1;
L_0x10f9030 .part L_0x10f9820, 2, 1;
L_0x10f91e0 .part L_0x10f9820, 1, 1;
L_0x10f94f0 .part L_0x10f9820, 3, 1;
S_0x10ed310 .scope generate, "genblk1[7]" "genblk1[7]" 4 16, 4 16 0, S_0x106ace0;
 .timescale 0 0;
P_0x10e71d0 .param/l "idx" 0 4 16, +C4<0111>;
S_0x10ed530 .scope module, "nlc_xx" "nibble_local_count" 4 17, 6 1 0, S_0x10ed310;
 .timescale 0 0;
    .port_info 0 /INPUT 4 "i_INPUT_NIBBLE";
    .port_info 1 /OUTPUT 1 "o_ALL_ZEROS";
    .port_info 2 /OUTPUT 2 "o_ZERO_COUNT";
L_0x10f9a00 .functor OR 1, L_0x10f98c0, L_0x10f9960, C4<0>, C4<0>;
L_0x10f9bb0 .functor OR 1, L_0x10f9a00, L_0x10f9b10, C4<0>, C4<0>;
L_0x10f9d90 .functor OR 1, L_0x10f9bb0, L_0x10f9cc0, C4<0>, C4<0>;
L_0x10f9e50 .functor NOT 1, L_0x10f9d90, C4<0>, C4<0>, C4<0>;
L_0x10fa120 .functor OR 1, L_0x10f9fe0, L_0x10fa080, C4<0>, C4<0>;
L_0x10fa230 .functor NOT 1, L_0x10fa120, C4<0>, C4<0>, C4<0>;
L_0x10fa430 .functor NOT 1, L_0x10fa340, C4<0>, C4<0>, C4<0>;
L_0x10fa6a0 .functor AND 1, L_0x10fa430, L_0x10fa4f0, C4<1>, C4<1>;
L_0x10fa900 .functor OR 1, L_0x10fa6a0, L_0x10fa800, C4<0>, C4<0>;
L_0x10fa9c0 .functor NOT 1, L_0x10fa900, C4<0>, C4<0>, C4<0>;
v0x10ed780_0 .net "Z_0", 0 0, L_0x10fa9c0;  1 drivers
v0x10ed860_0 .net "Z_1", 0 0, L_0x10fa230;  1 drivers
v0x10ed920_0 .net *"_s1", 0 0, L_0x10f98c0;  1 drivers
v0x10ed9e0_0 .net *"_s11", 0 0, L_0x10f9cc0;  1 drivers
v0x10edac0_0 .net *"_s12", 0 0, L_0x10f9d90;  1 drivers
v0x10edbf0_0 .net *"_s19", 0 0, L_0x10f9fe0;  1 drivers
v0x10edcd0_0 .net *"_s21", 0 0, L_0x10fa080;  1 drivers
v0x10eddb0_0 .net *"_s22", 0 0, L_0x10fa120;  1 drivers
v0x10ede90_0 .net *"_s27", 0 0, L_0x10fa340;  1 drivers
v0x10ee000_0 .net *"_s28", 0 0, L_0x10fa430;  1 drivers
v0x10ee0e0_0 .net *"_s3", 0 0, L_0x10f9960;  1 drivers
v0x10ee1c0_0 .net *"_s31", 0 0, L_0x10fa4f0;  1 drivers
v0x10ee2a0_0 .net *"_s32", 0 0, L_0x10fa6a0;  1 drivers
v0x10ee380_0 .net *"_s35", 0 0, L_0x10fa800;  1 drivers
v0x10ee460_0 .net *"_s36", 0 0, L_0x10fa900;  1 drivers
v0x10ee540_0 .net *"_s4", 0 0, L_0x10f9a00;  1 drivers
v0x10ee620_0 .net *"_s7", 0 0, L_0x10f9b10;  1 drivers
v0x10ee810_0 .net *"_s8", 0 0, L_0x10f9bb0;  1 drivers
v0x10ee8f0_0 .net "i_INPUT_NIBBLE", 3 0, L_0x10fab30;  1 drivers
v0x10ee9d0_0 .net "o_ALL_ZEROS", 0 0, L_0x10f9e50;  1 drivers
v0x10eea90_0 .net "o_ZERO_COUNT", 1 0, L_0x10f9f40;  1 drivers
L_0x10f98c0 .part L_0x10fab30, 3, 1;
L_0x10f9960 .part L_0x10fab30, 2, 1;
L_0x10f9b10 .part L_0x10fab30, 1, 1;
L_0x10f9cc0 .part L_0x10fab30, 0, 1;
L_0x10f9f40 .concat [ 1 1 0 0], L_0x10fa9c0, L_0x10fa230;
L_0x10f9fe0 .part L_0x10fab30, 3, 1;
L_0x10fa080 .part L_0x10fab30, 2, 1;
L_0x10fa340 .part L_0x10fab30, 2, 1;
L_0x10fa4f0 .part L_0x10fab30, 1, 1;
L_0x10fa800 .part L_0x10fab30, 3, 1;
S_0x10ef190 .scope module, "shft" "sll" 3 46, 7 41 0, S_0x106b290;
 .timescale 0 0;
    .port_info 0 /INPUT 32 "i_INPUT";
    .port_info 1 /INPUT 5 "i_SHIFT_AMOUNT";
    .port_info 2 /OUTPUT 32 "o_RESULT";
P_0x10edf30 .param/l "lp_SFT_AMT_WIDTH" 1 7 47, +C4<00000000000000000000000000000101>;
P_0x10edf70 .param/l "p_DATA_WIDTH" 0 7 41, +C4<00000000000000000000000000100000>;
v0x10ef560_0 .net "i_INPUT", 31 0, L_0x10f0c80;  alias, 1 drivers
v0x10ef670_0 .net "i_SHIFT_AMOUNT", 4 0, L_0x10fec10;  alias, 1 drivers
v0x10ef740_0 .var "o_RESULT", 31 0;
E_0x106e7f0 .event edge, v0x10eebf0_0, v0x10eed90_0;
    .scope S_0x106ace0;
T_0 ;
    %wait E_0x106e6c0;
    %load/vec4 v0x10eefd0_0;
    %dup/vec4;
    %pushi/vec4 0, 0, 3;
    %cmp/u;
    %jmp/1 T_0.0, 6;
    %dup/vec4;
    %pushi/vec4 1, 0, 3;
    %cmp/u;
    %jmp/1 T_0.1, 6;
    %dup/vec4;
    %pushi/vec4 2, 0, 3;
    %cmp/u;
    %jmp/1 T_0.2, 6;
    %dup/vec4;
    %pushi/vec4 3, 0, 3;
    %cmp/u;
    %jmp/1 T_0.3, 6;
    %dup/vec4;
    %pushi/vec4 4, 0, 3;
    %cmp/u;
    %jmp/1 T_0.4, 6;
    %dup/vec4;
    %pushi/vec4 5, 0, 3;
    %cmp/u;
    %jmp/1 T_0.5, 6;
    %dup/vec4;
    %pushi/vec4 6, 0, 3;
    %cmp/u;
    %jmp/1 T_0.6, 6;
    %dup/vec4;
    %pushi/vec4 7, 0, 3;
    %cmp/u;
    %jmp/1 T_0.7, 6;
    %jmp T_0.8;
T_0.0 ;
    %load/vec4 v0x10eeef0_0;
    %parti/s 2, 0, 2;
    %store/vec4 v0x10eee30_0, 0, 2;
    %jmp T_0.8;
T_0.1 ;
    %load/vec4 v0x10eeef0_0;
    %parti/s 2, 2, 3;
    %store/vec4 v0x10eee30_0, 0, 2;
    %jmp T_0.8;
T_0.2 ;
    %load/vec4 v0x10eeef0_0;
    %parti/s 2, 4, 4;
    %store/vec4 v0x10eee30_0, 0, 2;
    %jmp T_0.8;
T_0.3 ;
    %load/vec4 v0x10eeef0_0;
    %parti/s 2, 6, 4;
    %store/vec4 v0x10eee30_0, 0, 2;
    %jmp T_0.8;
T_0.4 ;
    %load/vec4 v0x10eeef0_0;
    %parti/s 2, 8, 5;
    %store/vec4 v0x10eee30_0, 0, 2;
    %jmp T_0.8;
T_0.5 ;
    %load/vec4 v0x10eeef0_0;
    %parti/s 2, 10, 5;
    %store/vec4 v0x10eee30_0, 0, 2;
    %jmp T_0.8;
T_0.6 ;
    %load/vec4 v0x10eeef0_0;
    %parti/s 2, 12, 5;
    %store/vec4 v0x10eee30_0, 0, 2;
    %jmp T_0.8;
T_0.7 ;
    %load/vec4 v0x10eeef0_0;
    %parti/s 2, 14, 5;
    %store/vec4 v0x10eee30_0, 0, 2;
    %jmp T_0.8;
T_0.8 ;
    %pop/vec4 1;
    %jmp T_0;
    .thread T_0, $push;
    .scope S_0x10ef190;
T_1 ;
    %wait E_0x106e7f0;
    %load/vec4 v0x10ef560_0;
    %ix/getv 4, v0x10ef670_0;
    %shiftl 4;
    %store/vec4 v0x10ef740_0, 0, 32;
    %jmp T_1;
    .thread T_1, $push;
    .scope S_0x106b290;
T_2 ;
    %wait E_0x106e590;
    %load/vec4 v0x10efb00_0;
    %assign/vec4 v0x10f01f0_0, 0;
    %load/vec4 v0x10efb00_0;
    %inv;
    %addi 1, 0, 32;
    %assign/vec4 v0x10f02d0_0, 0;
    %pushi/vec4 158, 0, 8;
    %assign/vec4 v0x10efdd0_0, 0;
    %load/vec4 v0x10efdd0_0;
    %pushi/vec4 0, 0, 3;
    %load/vec4 v0x10f03b0_0;
    %concat/vec4; draw_concat_vec4
    %sub;
    %assign/vec4 v0x10efeb0_0, 0;
    %load/vec4 v0x10efb00_0;
    %parti/s 1, 31, 6;
    %assign/vec4 v0x10f0070_0, 0;
    %load/vec4 v0x10f0070_0;
    %assign/vec4 v0x10f0130_0, 0;
    %load/vec4 v0x10f0580_0;
    %parti/s 23, 8, 5;
    %assign/vec4 v0x10eff90_0, 0;
    %jmp T_2;
    .thread T_2;
    .scope S_0x106b6b0;
T_3 ;
    %pushi/vec4 0, 0, 1;
    %store/vec4 v0x10f08a0_0, 0, 1;
    %end;
    .thread T_3;
    .scope S_0x106b6b0;
T_4 ;
    %delay 5, 0;
    %load/vec4 v0x10f08a0_0;
    %nor/r;
    %store/vec4 v0x10f08a0_0, 0, 1;
    %jmp T_4;
    .thread T_4;
    .scope S_0x106b6b0;
T_5 ;
    %delay 5, 0;
    %pushi/vec4 4294967295, 0, 32;
    %store/vec4 v0x10f0960_0, 0, 32;
    %delay 100, 0;
    %vpi_call 2 22 "$monitor", "o_FLOAT_WORD output: %32b, i_FIXED_WORD input: %32b", v0x10f0a00_0, v0x10f0960_0 {0 0 0};
    %delay 5, 0;
    %pushi/vec4 1, 0, 32;
    %store/vec4 v0x10f0960_0, 0, 32;
    %delay 100, 0;
    %vpi_call 2 25 "$monitor", "o_FLOAT_WORD output: %32b, i_FIXED_WORD input: %32b", v0x10f0a00_0, v0x10f0960_0 {0 0 0};
    %delay 5, 0;
    %pushi/vec4 4294967264, 0, 32;
    %store/vec4 v0x10f0960_0, 0, 32;
    %delay 100, 0;
    %vpi_call 2 28 "$monitor", "o_FLOAT_WORD output: %32b, i_FIXED_WORD input: %32b", v0x10f0a00_0, v0x10f0960_0 {0 0 0};
    %delay 5, 0;
    %pushi/vec4 32, 0, 32;
    %store/vec4 v0x10f0960_0, 0, 32;
    %delay 100, 0;
    %vpi_call 2 31 "$monitor", "o_FLOAT_WORD output: %32b, i_FIXED_WORD input: %32b", v0x10f0a00_0, v0x10f0960_0 {0 0 0};
    %delay 5, 0;
    %vpi_call 2 32 "$finish" {0 0 0};
    %end;
    .thread T_5;
# The file index is used to find the file name in the following table.
:file_names 8;
    "N/A";
    "<interactive>";
    "ftf_sp_tb.v";
    "fixed_to_float_sp.v";
    "count_leading_zeros.v";
    "boundary_nibble_encoder.v";
    "nibble_local_count.v";
    "sll.v";
