
 /----------------------------------------------------------------------------\
 |                                                                            |
 |  yosys -- Yosys Open SYnthesis Suite                                       |
 |                                                                            |
 |  Copyright (C) 2012 - 2020  Claire Wolf <claire@symbioticeda.com>          |
 |                                                                            |
 |  Permission to use, copy, modify, and/or distribute this software for any  |
 |  purpose with or without fee is hereby granted, provided that the above    |
 |  copyright notice and this permission notice appear in all copies.         |
 |                                                                            |
 |  THE SOFTWARE IS PROVIDED "AS IS" AND THE AUTHOR DISCLAIMS ALL WARRANTIES  |
 |  WITH REGARD TO THIS SOFTWARE INCLUDING ALL IMPLIED WARRANTIES OF          |
 |  MERCHANTABILITY AND FITNESS. IN NO EVENT SHALL THE AUTHOR BE LIABLE FOR   |
 |  ANY SPECIAL, DIRECT, INDIRECT, OR CONSEQUENTIAL DAMAGES OR ANY DAMAGES    |
 |  WHATSOEVER RESULTING FROM LOSS OF USE, DATA OR PROFITS, WHETHER IN AN     |
 |  ACTION OF CONTRACT, NEGLIGENCE OR OTHER TORTIOUS ACTION, ARISING OUT OF   |
 |  OR IN CONNECTION WITH THE USE OR PERFORMANCE OF THIS SOFTWARE.            |
 |                                                                            |
 \----------------------------------------------------------------------------/

 Yosys 0.9+2406 (git sha1 000fd08198, g++ 9.3.0 -fPIC -Os)


-- Executing script file `../model/design.ys' --

1. Executing Verilog-2005 frontend: srl.v
Parsing formal SystemVerilog input from `srl.v' to AST representation.
Storing AST representation for module `$abstract\srl'.
Successfully finished Verilog frontend.

2. Executing PREP pass.

2.1. Executing HIERARCHY pass (managing design hierarchy).

2.2. Executing AST frontend in derive mode using pre-parsed AST for module `\srl'.
Generating RTLIL representation for module `\srl'.

2.2.1. Analyzing design hierarchy..
Top module:  \srl

2.2.2. Analyzing design hierarchy..
Top module:  \srl
Removing unused module `$abstract\srl'.
Removed 1 unused modules.
Module srl directly or indirectly contains formal properties -> setting "keep" attribute.

2.3. Executing PROC pass (convert processes to netlists).

2.3.1. Executing PROC_CLEAN pass (remove empty switches from decision trees).
Cleaned up 0 empty switches.

2.3.2. Executing PROC_RMDEAD pass (remove dead branches from decision trees).
Removed a total of 0 dead cases.

2.3.3. Executing PROC_PRUNE pass (remove redundant assignments in processes).
Removed 0 redundant assignments.
Promoted 4 assignments to connections.

2.3.4. Executing PROC_INIT pass (extract init attributes).

2.3.5. Executing PROC_ARST pass (detect async resets in processes).

2.3.6. Executing PROC_MUX pass (convert decision trees to multiplexers).
Creating decoders for process `\srl.$proc$srl.v:56$4'.
Creating decoders for process `\srl.$proc$srl.v:49$2'.

2.3.7. Executing PROC_DLATCH pass (convert process syncs to latches).
No latch inferred for signal `\srl.\fr_MOCK_RESULT' from process `\srl.$proc$srl.v:56$4'.
No latch inferred for signal `\srl.$formal$srl.v:58$1_CHECK' from process `\srl.$proc$srl.v:56$4'.
No latch inferred for signal `\srl.$formal$srl.v:58$1_EN' from process `\srl.$proc$srl.v:56$4'.
No latch inferred for signal `\srl.\o_RESULT' from process `\srl.$proc$srl.v:49$2'.

2.3.8. Executing PROC_DFF pass (convert process syncs to FFs).

2.3.9. Executing PROC_CLEAN pass (remove empty switches from decision trees).
Removing empty process `srl.$proc$srl.v:56$4'.
Removing empty process `srl.$proc$srl.v:49$2'.
Cleaned up 0 empty switches.

2.4. Executing OPT_EXPR pass (perform const folding).
Optimizing module srl.

2.5. Executing OPT_CLEAN pass (remove unused cells and wires).
Finding unused cells or wires in module \srl..
Removed 0 unused cells and 8 unused wires.
<suppressed ~1 debug messages>

2.6. Executing CHECK pass (checking for obvious problems).
checking module srl..
found and reported 0 problems.

2.7. Executing OPT pass (performing simple optimizations).

2.7.1. Executing OPT_EXPR pass (perform const folding).
Optimizing module srl.

2.7.2. Executing OPT_MERGE pass (detect identical cells).
Finding identical cells in module `\srl'.
<suppressed ~3 debug messages>
Removed a total of 1 cells.

2.7.3. Executing OPT_MUXTREE pass (detect dead branches in mux trees).
Running muxtree optimizer on module \srl..
  Creating internal representation of mux trees.
  No muxes found in this module.
Removed 0 multiplexer ports.

2.7.4. Executing OPT_REDUCE pass (consolidate $*mux and $reduce_* inputs).
  Optimizing cells in module \srl.
Performed a total of 0 changes.

2.7.5. Executing OPT_MERGE pass (detect identical cells).
Finding identical cells in module `\srl'.
Removed a total of 0 cells.

2.7.6. Executing OPT_CLEAN pass (remove unused cells and wires).
Finding unused cells or wires in module \srl..

2.7.7. Executing OPT_EXPR pass (perform const folding).
Optimizing module srl.
<suppressed ~1 debug messages>

2.7.8. Rerunning OPT passes. (Maybe there is more to do..)

2.7.9. Executing OPT_MUXTREE pass (detect dead branches in mux trees).
Running muxtree optimizer on module \srl..
  Creating internal representation of mux trees.
  No muxes found in this module.
Removed 0 multiplexer ports.

2.7.10. Executing OPT_REDUCE pass (consolidate $*mux and $reduce_* inputs).
  Optimizing cells in module \srl.
Performed a total of 0 changes.

2.7.11. Executing OPT_MERGE pass (detect identical cells).
Finding identical cells in module `\srl'.
Removed a total of 0 cells.

2.7.12. Executing OPT_CLEAN pass (remove unused cells and wires).
Finding unused cells or wires in module \srl..
Removed 0 unused cells and 1 unused wires.
<suppressed ~1 debug messages>

2.7.13. Executing OPT_EXPR pass (perform const folding).
Optimizing module srl.

2.7.14. Rerunning OPT passes. (Maybe there is more to do..)

2.7.15. Executing OPT_MUXTREE pass (detect dead branches in mux trees).
Running muxtree optimizer on module \srl..
  Creating internal representation of mux trees.
  No muxes found in this module.
Removed 0 multiplexer ports.

2.7.16. Executing OPT_REDUCE pass (consolidate $*mux and $reduce_* inputs).
  Optimizing cells in module \srl.
Performed a total of 0 changes.

2.7.17. Executing OPT_MERGE pass (detect identical cells).
Finding identical cells in module `\srl'.
Removed a total of 0 cells.

2.7.18. Executing OPT_CLEAN pass (remove unused cells and wires).
Finding unused cells or wires in module \srl..

2.7.19. Executing OPT_EXPR pass (perform const folding).
Optimizing module srl.

2.7.20. Finished OPT passes. (There is nothing left to do.)

2.8. Executing WREDUCE pass (reducing word size of cells).

2.9. Executing MEMORY_DFF pass (merging $dff cells to $memrd and $memwr).

2.10. Executing OPT_CLEAN pass (remove unused cells and wires).
Finding unused cells or wires in module \srl..

2.11. Executing MEMORY_COLLECT pass (generating $mem cells).

2.12. Executing OPT pass (performing simple optimizations).

2.12.1. Executing OPT_EXPR pass (perform const folding).
Optimizing module srl.

2.12.2. Executing OPT_MERGE pass (detect identical cells).
Finding identical cells in module `\srl'.
Removed a total of 0 cells.

2.12.3. Executing OPT_CLEAN pass (remove unused cells and wires).
Finding unused cells or wires in module \srl..

2.12.4. Finished fast OPT passes.

2.13. Printing statistics.

=== srl ===

   Number of wires:                  4
   Number of wire bits:             15
   Number of public wires:           4
   Number of public wire bits:      15
   Number of memories:               0
   Number of memory bits:            0
   Number of processes:              0
   Number of cells:                  2
     $assert                         1
     $shr                            1

2.14. Executing CHECK pass (checking for obvious problems).
checking module srl..
found and reported 0 problems.

3. Executing MEMORY_NORDFF pass (extracting $dff cells from $mem).

4. Executing ASYNC2SYNC pass.

5. Executing OPT_CLEAN pass (remove unused cells and wires).
Finding unused cells or wires in module \srl..

6. Executing SETUNDEF pass (replace undef values with defined constants).

7. Executing OPT pass (performing simple optimizations).

7.1. Executing OPT_EXPR pass (perform const folding).
Optimizing module srl.

7.2. Executing OPT_MERGE pass (detect identical cells).
Finding identical cells in module `\srl'.
Removed a total of 0 cells.

7.3. Executing OPT_RMDFF pass (remove dff with constant values).

7.4. Executing OPT_CLEAN pass (remove unused cells and wires).
Finding unused cells or wires in module \srl..

7.5. Finished fast OPT passes.

8. Executing CHECK pass (checking for obvious problems).
checking module srl..
found and reported 0 problems.

9. Executing HIERARCHY pass (managing design hierarchy).

9.1. Analyzing design hierarchy..
Top module:  \srl

9.2. Analyzing design hierarchy..
Top module:  \srl
Removed 0 unused modules.
Module srl directly or indirectly contains formal properties -> setting "keep" attribute.

10. Executing ILANG backend.
Output filename: ../model/design.il

End of script. Logfile hash: d626e41ecc, CPU: user 0.02s system 0.00s, MEM: 13.35 MB peak
Yosys 0.9+2406 (git sha1 000fd08198, g++ 9.3.0 -fPIC -Os)
Time spent: 32% 8x opt_clean (0 sec), 31% 7x opt_expr (0 sec), ...
