
 /----------------------------------------------------------------------------\
 |                                                                            |
 |  yosys -- Yosys Open SYnthesis Suite                                       |
 |                                                                            |
 |  Copyright (C) 2012 - 2019  Clifford Wolf <clifford@clifford.at>           |
 |                                                                            |
 |  Permission to use, copy, modify, and/or distribute this software for any  |
 |  purpose with or without fee is hereby granted, provided that the above    |
 |  copyright notice and this permission notice appear in all copies.         |
 |                                                                            |
 |  THE SOFTWARE IS PROVIDED "AS IS" AND THE AUTHOR DISCLAIMS ALL WARRANTIES  |
 |  WITH REGARD TO THIS SOFTWARE INCLUDING ALL IMPLIED WARRANTIES OF          |
 |  MERCHANTABILITY AND FITNESS. IN NO EVENT SHALL THE AUTHOR BE LIABLE FOR   |
 |  ANY SPECIAL, DIRECT, INDIRECT, OR CONSEQUENTIAL DAMAGES OR ANY DAMAGES    |
 |  WHATSOEVER RESULTING FROM LOSS OF USE, DATA OR PROFITS, WHETHER IN AN     |
 |  ACTION OF CONTRACT, NEGLIGENCE OR OTHER TORTIOUS ACTION, ARISING OUT OF   |
 |  OR IN CONNECTION WITH THE USE OR PERFORMANCE OF THIS SOFTWARE.            |
 |                                                                            |
 \----------------------------------------------------------------------------/

 Yosys 0.9+932 (git sha1 65f197e2, clang 6.0.0-1ubuntu2 -fPIC -Os)


-- Executing script file `design_smt2.ys' --

1. Executing ILANG frontend.
Input filename: design.il

2. Printing statistics.

=== dynamic_clock_divider ===

   Number of wires:                 99
   Number of wire bits:            347
   Number of public wires:           6
   Number of public wire bits:      68
   Number of memories:               0
   Number of memory bits:            0
   Number of processes:              0
   Number of cells:                105
     $add                            1
     $anyseq                        19
     $assert                         5
     $assume                         5
     $dff                           16
     $eq                             5
     $ge                             1
     $initstate                      1
     $logic_and                      4
     $logic_not                      2
     $mux                           41
     $ne                             2
     $not                            3

3. Executing SMT2 backend.
Creating SMT-LIBv2 representation of module dynamic_clock_divider.

End of script. Logfile hash: 841b52960f
CPU: user 0.01s system 0.00s, MEM: 44.52 MB total, 8.23 MB resident
Yosys 0.9+932 (git sha1 65f197e2, clang 6.0.0-1ubuntu2 -fPIC -Os)
Time spent: 59% 2x write_smt2 (0 sec), 38% 2x read_ilang (0 sec), ...
