
 /----------------------------------------------------------------------------\
 |                                                                            |
 |  yosys -- Yosys Open SYnthesis Suite                                       |
 |                                                                            |
 |  Copyright (C) 2012 - 2019  Clifford Wolf <clifford@clifford.at>           |
 |                                                                            |
 |  Permission to use, copy, modify, and/or distribute this software for any  |
 |  purpose with or without fee is hereby granted, provided that the above    |
 |  copyright notice and this permission notice appear in all copies.         |
 |                                                                            |
 |  THE SOFTWARE IS PROVIDED "AS IS" AND THE AUTHOR DISCLAIMS ALL WARRANTIES  |
 |  WITH REGARD TO THIS SOFTWARE INCLUDING ALL IMPLIED WARRANTIES OF          |
 |  MERCHANTABILITY AND FITNESS. IN NO EVENT SHALL THE AUTHOR BE LIABLE FOR   |
 |  ANY SPECIAL, DIRECT, INDIRECT, OR CONSEQUENTIAL DAMAGES OR ANY DAMAGES    |
 |  WHATSOEVER RESULTING FROM LOSS OF USE, DATA OR PROFITS, WHETHER IN AN     |
 |  ACTION OF CONTRACT, NEGLIGENCE OR OTHER TORTIOUS ACTION, ARISING OUT OF   |
 |  OR IN CONNECTION WITH THE USE OR PERFORMANCE OF THIS SOFTWARE.            |
 |                                                                            |
 \----------------------------------------------------------------------------/

 Yosys 0.9 (git sha1 UNKNOWN, clang 9.0.0 -march=x86-64 -mtune=generic -O2 -fno-plt -fPIC -Os)


-- Executing script file `design_smt2.ys' --

1. Executing ILANG frontend.
Input filename: design.il

2. Printing statistics.

=== video_timing_controller ===

   Number of wires:                147
   Number of wire bits:            290
   Number of public wires:           9
   Number of public wire bits:      53
   Number of memories:               0
   Number of memory bits:            0
   Number of processes:              0
   Number of cells:                157
     $add                            2
     $anyseq                        22
     $assert                        10
     $assume                         1
     $dff                           31
     $eq                             6
     $ge                             6
     $gt                             2
     $le                             4
     $logic_and                      7
     $logic_not                      3
     $logic_or                       3
     $lt                             4
     $mux                           52
     $ne                             1
     $not                            3

3. Executing SMT2 backend.
Creating SMT-LIBv2 representation of module video_timing_controller.

End of script. Logfile hash: 44ccbca16c
CPU: user 0.01s system 0.00s, MEM: 18.10 MB total, 7.88 MB resident
Yosys 0.9 (git sha1 UNKNOWN, clang 9.0.0 -march=x86-64 -mtune=generic -O2 -fno-plt -fPIC -Os)
Time spent: 55% 2x write_smt2 (0 sec), 42% 2x read_ilang (0 sec), ...
