
 /----------------------------------------------------------------------------\
 |                                                                            |
 |  yosys -- Yosys Open SYnthesis Suite                                       |
 |                                                                            |
 |  Copyright (C) 2012 - 2019  Clifford Wolf <clifford@clifford.at>           |
 |                                                                            |
 |  Permission to use, copy, modify, and/or distribute this software for any  |
 |  purpose with or without fee is hereby granted, provided that the above    |
 |  copyright notice and this permission notice appear in all copies.         |
 |                                                                            |
 |  THE SOFTWARE IS PROVIDED "AS IS" AND THE AUTHOR DISCLAIMS ALL WARRANTIES  |
 |  WITH REGARD TO THIS SOFTWARE INCLUDING ALL IMPLIED WARRANTIES OF          |
 |  MERCHANTABILITY AND FITNESS. IN NO EVENT SHALL THE AUTHOR BE LIABLE FOR   |
 |  ANY SPECIAL, DIRECT, INDIRECT, OR CONSEQUENTIAL DAMAGES OR ANY DAMAGES    |
 |  WHATSOEVER RESULTING FROM LOSS OF USE, DATA OR PROFITS, WHETHER IN AN     |
 |  ACTION OF CONTRACT, NEGLIGENCE OR OTHER TORTIOUS ACTION, ARISING OUT OF   |
 |  OR IN CONNECTION WITH THE USE OR PERFORMANCE OF THIS SOFTWARE.            |
 |                                                                            |
 \----------------------------------------------------------------------------/

 Yosys 0.9+1706 (git sha1 2e8d6ec0b0, g++ 9.2.0 -fPIC -Os)


-- Executing script file `design_smt2.ys' --

1. Executing ILANG frontend.
Input filename: design.il

2. Printing statistics.

=== sync_fifo ===

   Number of wires:                304
   Number of wire bits:            531
   Number of public wires:          14
   Number of public wire bits:      31
   Number of memories:               0
   Number of memory bits:            0
   Number of processes:              0
   Number of cells:                331
     $add                            3
     $and                            3
     $anyseq                        80
     $assert                        25
     $assume                         9
     $dff                           48
     $eq                            13
     $initstate                      1
     $logic_and                      5
     $logic_not                      9
     $mem                            1
     $mux                          117
     $ne                             4
     $not                            7
     $pmux                           1
     $reduce_or                      4
     $sub                            1

3. Executing SMT2 backend.
Creating SMT-LIBv2 representation of module sync_fifo.

End of script. Logfile hash: 7b78271ca0, CPU: user 0.02s system 0.00s, MEM: 13.13 MB peak
Yosys 0.9+1706 (git sha1 2e8d6ec0b0, g++ 9.2.0 -fPIC -Os)
Time spent: 53% 2x write_smt2 (0 sec), 42% 2x read_ilang (0 sec), ...
