
 /----------------------------------------------------------------------------\
 |                                                                            |
 |  yosys -- Yosys Open SYnthesis Suite                                       |
 |                                                                            |
 |  Copyright (C) 2012 - 2020  Claire Wolf <claire@symbioticeda.com>          |
 |                                                                            |
 |  Permission to use, copy, modify, and/or distribute this software for any  |
 |  purpose with or without fee is hereby granted, provided that the above    |
 |  copyright notice and this permission notice appear in all copies.         |
 |                                                                            |
 |  THE SOFTWARE IS PROVIDED "AS IS" AND THE AUTHOR DISCLAIMS ALL WARRANTIES  |
 |  WITH REGARD TO THIS SOFTWARE INCLUDING ALL IMPLIED WARRANTIES OF          |
 |  MERCHANTABILITY AND FITNESS. IN NO EVENT SHALL THE AUTHOR BE LIABLE FOR   |
 |  ANY SPECIAL, DIRECT, INDIRECT, OR CONSEQUENTIAL DAMAGES OR ANY DAMAGES    |
 |  WHATSOEVER RESULTING FROM LOSS OF USE, DATA OR PROFITS, WHETHER IN AN     |
 |  ACTION OF CONTRACT, NEGLIGENCE OR OTHER TORTIOUS ACTION, ARISING OUT OF   |
 |  OR IN CONNECTION WITH THE USE OR PERFORMANCE OF THIS SOFTWARE.            |
 |                                                                            |
 \----------------------------------------------------------------------------/

 Yosys 0.9+2406 (git sha1 000fd08198, g++ 9.3.0 -fPIC -Os)


-- Executing script file `design_smt2.ys' --

1. Executing ILANG frontend.
Input filename: design.il

2. Printing statistics.

=== uart_transmitter ===

   Number of wires:                 92
   Number of wire bits:            140
   Number of public wires:          11
   Number of public wire bits:      29
   Number of memories:               0
   Number of memory bits:            0
   Number of processes:              0
   Number of cells:                 97
     $add                            1
     $anyseq                        16
     $assert                         6
     $assume                         3
     $dff                           21
     $eq                             9
     $logic_and                      2
     $logic_not                      6
     $mux                           24
     $ne                             2
     $pmux                           4
     $reduce_or                      2
     $shiftx                         1

3. Executing SMT2 backend.
Creating SMT-LIBv2 representation of module uart_transmitter.

End of script. Logfile hash: f38af2a933, CPU: user 0.01s system 0.00s, MEM: 13.43 MB peak
Yosys 0.9+2406 (git sha1 000fd08198, g++ 9.3.0 -fPIC -Os)
Time spent: 50% 2x read_ilang (0 sec), 47% 2x write_smt2 (0 sec), ...
