
 /----------------------------------------------------------------------------\
 |                                                                            |
 |  yosys -- Yosys Open SYnthesis Suite                                       |
 |                                                                            |
 |  Copyright (C) 2012 - 2020  Claire Wolf <claire@symbioticeda.com>          |
 |                                                                            |
 |  Permission to use, copy, modify, and/or distribute this software for any  |
 |  purpose with or without fee is hereby granted, provided that the above    |
 |  copyright notice and this permission notice appear in all copies.         |
 |                                                                            |
 |  THE SOFTWARE IS PROVIDED "AS IS" AND THE AUTHOR DISCLAIMS ALL WARRANTIES  |
 |  WITH REGARD TO THIS SOFTWARE INCLUDING ALL IMPLIED WARRANTIES OF          |
 |  MERCHANTABILITY AND FITNESS. IN NO EVENT SHALL THE AUTHOR BE LIABLE FOR   |
 |  ANY SPECIAL, DIRECT, INDIRECT, OR CONSEQUENTIAL DAMAGES OR ANY DAMAGES    |
 |  WHATSOEVER RESULTING FROM LOSS OF USE, DATA OR PROFITS, WHETHER IN AN     |
 |  ACTION OF CONTRACT, NEGLIGENCE OR OTHER TORTIOUS ACTION, ARISING OUT OF   |
 |  OR IN CONNECTION WITH THE USE OR PERFORMANCE OF THIS SOFTWARE.            |
 |                                                                            |
 \----------------------------------------------------------------------------/

 Yosys 0.9+2406 (git sha1 000fd08198, g++ 9.3.0 -fPIC -Os)


-- Executing script file `../model/design.ys' --

1. Executing Verilog-2005 frontend: half_adder.v
Parsing formal SystemVerilog input from `half_adder.v' to AST representation.
Storing AST representation for module `$abstract\half_adder'.
Successfully finished Verilog frontend.

2. Executing PREP pass.

2.1. Executing HIERARCHY pass (managing design hierarchy).

2.2. Executing AST frontend in derive mode using pre-parsed AST for module `\half_adder'.
Generating RTLIL representation for module `\half_adder'.

2.2.1. Analyzing design hierarchy..
Top module:  \half_adder

2.2.2. Analyzing design hierarchy..
Top module:  \half_adder
Removing unused module `$abstract\half_adder'.
Removed 1 unused modules.
Module half_adder directly or indirectly contains formal properties -> setting "keep" attribute.

2.3. Executing PROC pass (convert processes to netlists).

2.3.1. Executing PROC_CLEAN pass (remove empty switches from decision trees).
Cleaned up 0 empty switches.

2.3.2. Executing PROC_RMDEAD pass (remove dead branches from decision trees).
Marked 1 switch rules as full_case in process $proc$half_adder.v:43$8 in module half_adder.
Removed a total of 0 dead cases.

2.3.3. Executing PROC_PRUNE pass (remove redundant assignments in processes).
Removed 0 redundant assignments.
Promoted 2 assignments to connections.

2.3.4. Executing PROC_INIT pass (extract init attributes).

2.3.5. Executing PROC_ARST pass (detect async resets in processes).

2.3.6. Executing PROC_MUX pass (convert decision trees to multiplexers).
Creating decoders for process `\half_adder.$proc$half_adder.v:43$8'.
     1/8: $0$formal$half_adder.v:47$1_EN[0:0]$10
     2/8: $0$formal$half_adder.v:47$1_CHECK[0:0]$9
     3/8: $0$formal$half_adder.v:51$2_EN[0:0]$12
     4/8: $0$formal$half_adder.v:51$2_CHECK[0:0]$11
     5/8: $0$formal$half_adder.v:55$3_EN[0:0]$14
     6/8: $0$formal$half_adder.v:55$3_CHECK[0:0]$13
     7/8: $0$formal$half_adder.v:59$4_EN[0:0]$16
     8/8: $0$formal$half_adder.v:59$4_CHECK[0:0]$15
Creating decoders for process `\half_adder.$proc$half_adder.v:36$5'.

2.3.7. Executing PROC_DLATCH pass (convert process syncs to latches).
No latch inferred for signal `\half_adder.$formal$half_adder.v:47$1_CHECK' from process `\half_adder.$proc$half_adder.v:43$8'.
No latch inferred for signal `\half_adder.$formal$half_adder.v:47$1_EN' from process `\half_adder.$proc$half_adder.v:43$8'.
No latch inferred for signal `\half_adder.$formal$half_adder.v:51$2_CHECK' from process `\half_adder.$proc$half_adder.v:43$8'.
No latch inferred for signal `\half_adder.$formal$half_adder.v:51$2_EN' from process `\half_adder.$proc$half_adder.v:43$8'.
No latch inferred for signal `\half_adder.$formal$half_adder.v:55$3_CHECK' from process `\half_adder.$proc$half_adder.v:43$8'.
No latch inferred for signal `\half_adder.$formal$half_adder.v:55$3_EN' from process `\half_adder.$proc$half_adder.v:43$8'.
No latch inferred for signal `\half_adder.$formal$half_adder.v:59$4_CHECK' from process `\half_adder.$proc$half_adder.v:43$8'.
No latch inferred for signal `\half_adder.$formal$half_adder.v:59$4_EN' from process `\half_adder.$proc$half_adder.v:43$8'.
No latch inferred for signal `\half_adder.\o_SUM' from process `\half_adder.$proc$half_adder.v:36$5'.
No latch inferred for signal `\half_adder.\o_COUT' from process `\half_adder.$proc$half_adder.v:36$5'.

2.3.8. Executing PROC_DFF pass (convert process syncs to FFs).

2.3.9. Executing PROC_CLEAN pass (remove empty switches from decision trees).
Found and cleaned up 1 empty switch in `\half_adder.$proc$half_adder.v:43$8'.
Removing empty process `half_adder.$proc$half_adder.v:43$8'.
Removing empty process `half_adder.$proc$half_adder.v:36$5'.
Cleaned up 1 empty switch.

2.4. Executing OPT_EXPR pass (perform const folding).
Optimizing module half_adder.
<suppressed ~2 debug messages>

2.5. Executing OPT_CLEAN pass (remove unused cells and wires).
Finding unused cells or wires in module \half_adder..
Removed 0 unused cells and 20 unused wires.
<suppressed ~1 debug messages>

2.6. Executing CHECK pass (checking for obvious problems).
checking module half_adder..
found and reported 0 problems.

2.7. Executing OPT pass (performing simple optimizations).

2.7.1. Executing OPT_EXPR pass (perform const folding).
Optimizing module half_adder.

2.7.2. Executing OPT_MERGE pass (detect identical cells).
Finding identical cells in module `\half_adder'.
<suppressed ~24 debug messages>
Removed a total of 8 cells.

2.7.3. Executing OPT_MUXTREE pass (detect dead branches in mux trees).
Running muxtree optimizer on module \half_adder..
  Creating internal representation of mux trees.
  Evaluating internal representation of mux trees.
  Analyzing evaluation results.
Removed 0 multiplexer ports.
<suppressed ~8 debug messages>

2.7.4. Executing OPT_REDUCE pass (consolidate $*mux and $reduce_* inputs).
  Optimizing cells in module \half_adder.
Performed a total of 0 changes.

2.7.5. Executing OPT_MERGE pass (detect identical cells).
Finding identical cells in module `\half_adder'.
Removed a total of 0 cells.

2.7.6. Executing OPT_CLEAN pass (remove unused cells and wires).
Finding unused cells or wires in module \half_adder..
Removed 0 unused cells and 8 unused wires.
<suppressed ~1 debug messages>

2.7.7. Executing OPT_EXPR pass (perform const folding).
Optimizing module half_adder.

2.7.8. Rerunning OPT passes. (Maybe there is more to do..)

2.7.9. Executing OPT_MUXTREE pass (detect dead branches in mux trees).
Running muxtree optimizer on module \half_adder..
  Creating internal representation of mux trees.
  Evaluating internal representation of mux trees.
  Analyzing evaluation results.
Removed 0 multiplexer ports.
<suppressed ~8 debug messages>

2.7.10. Executing OPT_REDUCE pass (consolidate $*mux and $reduce_* inputs).
  Optimizing cells in module \half_adder.
Performed a total of 0 changes.

2.7.11. Executing OPT_MERGE pass (detect identical cells).
Finding identical cells in module `\half_adder'.
Removed a total of 0 cells.

2.7.12. Executing OPT_CLEAN pass (remove unused cells and wires).
Finding unused cells or wires in module \half_adder..

2.7.13. Executing OPT_EXPR pass (perform const folding).
Optimizing module half_adder.

2.7.14. Finished OPT passes. (There is nothing left to do.)

2.8. Executing WREDUCE pass (reducing word size of cells).
Removed top 1 bits (of 2) from port B of cell half_adder.$procmux$43_CMP0 ($eq).

2.9. Executing MEMORY_DFF pass (merging $dff cells to $memrd and $memwr).

2.10. Executing OPT_CLEAN pass (remove unused cells and wires).
Finding unused cells or wires in module \half_adder..

2.11. Executing MEMORY_COLLECT pass (generating $mem cells).

2.12. Executing OPT pass (performing simple optimizations).

2.12.1. Executing OPT_EXPR pass (perform const folding).
Optimizing module half_adder.

2.12.2. Executing OPT_MERGE pass (detect identical cells).
Finding identical cells in module `\half_adder'.
Removed a total of 0 cells.

2.12.3. Executing OPT_CLEAN pass (remove unused cells and wires).
Finding unused cells or wires in module \half_adder..

2.12.4. Finished fast OPT passes.

2.13. Printing statistics.

=== half_adder ===

   Number of wires:                 21
   Number of wire bits:             21
   Number of public wires:           4
   Number of public wire bits:       4
   Number of memories:               0
   Number of memory bits:            0
   Number of processes:              0
   Number of cells:                 23
     $and                            1
     $assert                         4
     $eq                             3
     $logic_and                      3
     $logic_not                      1
     $mux                            8
     $not                            2
     $xor                            1

2.14. Executing CHECK pass (checking for obvious problems).
checking module half_adder..
found and reported 0 problems.

3. Executing MEMORY_NORDFF pass (extracting $dff cells from $mem).

4. Executing ASYNC2SYNC pass.

5. Executing OPT_CLEAN pass (remove unused cells and wires).
Finding unused cells or wires in module \half_adder..

6. Executing SETUNDEF pass (replace undef values with defined constants).

7. Executing OPT pass (performing simple optimizations).

7.1. Executing OPT_EXPR pass (perform const folding).
Optimizing module half_adder.

7.2. Executing OPT_MERGE pass (detect identical cells).
Finding identical cells in module `\half_adder'.
Removed a total of 0 cells.

7.3. Executing OPT_RMDFF pass (remove dff with constant values).

7.4. Executing OPT_CLEAN pass (remove unused cells and wires).
Finding unused cells or wires in module \half_adder..

7.5. Finished fast OPT passes.

8. Executing CHECK pass (checking for obvious problems).
checking module half_adder..
found and reported 0 problems.

9. Executing HIERARCHY pass (managing design hierarchy).

9.1. Analyzing design hierarchy..
Top module:  \half_adder

9.2. Analyzing design hierarchy..
Top module:  \half_adder
Removed 0 unused modules.
Module half_adder directly or indirectly contains formal properties -> setting "keep" attribute.

10. Executing ILANG backend.
Output filename: ../model/design.il

End of script. Logfile hash: 5ffccf088e, CPU: user 0.04s system 0.00s, MEM: 13.13 MB peak
Yosys 0.9+2406 (git sha1 000fd08198, g++ 9.3.0 -fPIC -Os)
Time spent: 28% 7x opt_clean (0 sec), 23% 6x opt_expr (0 sec), ...
