
 /----------------------------------------------------------------------------\
 |                                                                            |
 |  yosys -- Yosys Open SYnthesis Suite                                       |
 |                                                                            |
 |  Copyright (C) 2012 - 2020  Claire Wolf <claire@symbioticeda.com>          |
 |                                                                            |
 |  Permission to use, copy, modify, and/or distribute this software for any  |
 |  purpose with or without fee is hereby granted, provided that the above    |
 |  copyright notice and this permission notice appear in all copies.         |
 |                                                                            |
 |  THE SOFTWARE IS PROVIDED "AS IS" AND THE AUTHOR DISCLAIMS ALL WARRANTIES  |
 |  WITH REGARD TO THIS SOFTWARE INCLUDING ALL IMPLIED WARRANTIES OF          |
 |  MERCHANTABILITY AND FITNESS. IN NO EVENT SHALL THE AUTHOR BE LIABLE FOR   |
 |  ANY SPECIAL, DIRECT, INDIRECT, OR CONSEQUENTIAL DAMAGES OR ANY DAMAGES    |
 |  WHATSOEVER RESULTING FROM LOSS OF USE, DATA OR PROFITS, WHETHER IN AN     |
 |  ACTION OF CONTRACT, NEGLIGENCE OR OTHER TORTIOUS ACTION, ARISING OUT OF   |
 |  OR IN CONNECTION WITH THE USE OR PERFORMANCE OF THIS SOFTWARE.            |
 |                                                                            |
 \----------------------------------------------------------------------------/

 Yosys 0.9+3627 (git sha1 06347b119b, g++ 9.3.0 -fPIC -Os)


-- Executing script file `design_smt2.ys' --

1. Executing RTLIL frontend.
Input filename: design.il

2. Executing DFFUNMAP pass (unmap clock enable and synchronous reset from FFs).

3. Printing statistics.

=== uart_transmitter ===

   Number of wires:                267
   Number of wire bits:            321
   Number of public wires:          13
   Number of public wire bits:      38
   Number of memories:               0
   Number of memory bits:            0
   Number of processes:              0
   Number of cells:                281
     $add                            2
     $anyseq                        72
     $assert                        18
     $assume                         4
     $dff                           42
     $eq                            15
     $logic_and                      5
     $logic_not                      7
     $mux                          102
     $ne                             2
     $not                            3
     $pmux                           2
     $reduce_bool                    1
     $reduce_or                      5
     $shiftx                         1

4. Executing SMT2 backend.
Creating SMT-LIBv2 representation of module uart_transmitter.

End of script. Logfile hash: 25b02ed625, CPU: user 0.01s system 0.00s, MEM: 14.00 MB peak
Yosys 0.9+3627 (git sha1 06347b119b, g++ 9.3.0 -fPIC -Os)
Time spent: 47% 2x write_smt2 (0 sec), 46% 2x read_ilang (0 sec), ...
