
 /----------------------------------------------------------------------------\
 |                                                                            |
 |  yosys -- Yosys Open SYnthesis Suite                                       |
 |                                                                            |
 |  Copyright (C) 2012 - 2020  Claire Wolf <claire@symbioticeda.com>          |
 |                                                                            |
 |  Permission to use, copy, modify, and/or distribute this software for any  |
 |  purpose with or without fee is hereby granted, provided that the above    |
 |  copyright notice and this permission notice appear in all copies.         |
 |                                                                            |
 |  THE SOFTWARE IS PROVIDED "AS IS" AND THE AUTHOR DISCLAIMS ALL WARRANTIES  |
 |  WITH REGARD TO THIS SOFTWARE INCLUDING ALL IMPLIED WARRANTIES OF          |
 |  MERCHANTABILITY AND FITNESS. IN NO EVENT SHALL THE AUTHOR BE LIABLE FOR   |
 |  ANY SPECIAL, DIRECT, INDIRECT, OR CONSEQUENTIAL DAMAGES OR ANY DAMAGES    |
 |  WHATSOEVER RESULTING FROM LOSS OF USE, DATA OR PROFITS, WHETHER IN AN     |
 |  ACTION OF CONTRACT, NEGLIGENCE OR OTHER TORTIOUS ACTION, ARISING OUT OF   |
 |  OR IN CONNECTION WITH THE USE OR PERFORMANCE OF THIS SOFTWARE.            |
 |                                                                            |
 \----------------------------------------------------------------------------/

 Yosys 0.9+3675 (git sha1 71ca9a8253, g++ 9.3.0 -fPIC -Os)


-- Executing script file `design_smt2.ys' --

1. Executing RTLIL frontend.
Input filename: design.il

2. Executing DFFUNMAP pass (unmap clock enable and synchronous reset from FFs).

3. Printing statistics.

=== ssd_driver_formal ===

   Number of wires:                175
   Number of wire bits:            294
   Number of public wires:          31
   Number of public wire bits:      90
   Number of memories:               0
   Number of memory bits:            0
   Number of processes:              0
   Number of cells:                175
     $add                            5
     $anyseq                        29
     $assert                         9
     $assume                         1
     $cover                          1
     $dff                           32
     $eq                            25
     $logic_and                      4
     $logic_not                      8
     $mux                           49
     $ne                             5
     $not                            2
     $pmux                           3
     $reduce_or                      2

4. Executing SMT2 backend.
Creating SMT-LIBv2 representation of module ssd_driver_formal.

End of script. Logfile hash: 481dd0fd7f, CPU: user 0.01s system 0.00s, MEM: 13.83 MB peak
Yosys 0.9+3675 (git sha1 71ca9a8253, g++ 9.3.0 -fPIC -Os)
Time spent: 54% 2x write_smt2 (0 sec), 34% 2x read_ilang (0 sec), ...
